[ 2016-07-31T04:52:37+08:00 ] 127.0.0.1 /
INFO: [ app_init ] --START--
INFO: Run Behavior\BuildLiteBehavior [ RunTime:0.000015s ]
INFO: [ app_init ] --END-- [ RunTime:0.000471s ]
INFO: [ app_begin ] --START--
INFO: Run Behavior\ReadHtmlCacheBehavior [ RunTime:0.000667s ]
INFO: [ app_begin ] --END-- [ RunTime:0.000726s ]
INFO: [ view_parse ] --START--
INFO: [ template_filter ] --START--
INFO: Run Behavior\ContentReplaceBehavior [ RunTime:0.000083s ]
INFO: [ template_filter ] --END-- [ RunTime:0.000156s ]
INFO: Run Behavior\ParseTemplateBehavior [ RunTime:0.027988s ]
INFO: [ view_parse ] --END-- [ RunTime:0.028076s ]
INFO: [ view_filter ] --START--
INFO: Run Behavior\WriteHtmlCacheBehavior [ RunTime:0.000399s ]
INFO: [ view_filter ] --END-- [ RunTime:0.000444s ]
INFO: [ app_end ] --START--
INFO: Run Behavior\ShowPageTraceBehavior [ RunTime:0.000721s ]
INFO: [ app_end ] --END-- [ RunTime:0.000772s ]

[ 2016-07-31T04:59:40+08:00 ] 127.0.0.1 /
INFO: [ app_init ] --START--
INFO: Run Behavior\BuildLiteBehavior [ RunTime:0.000019s ]
INFO: [ app_init ] --END-- [ RunTime:0.000565s ]
INFO: [ app_begin ] --START--
INFO: Run Behavior\ReadHtmlCacheBehavior [ RunTime:0.000679s ]
INFO: [ app_begin ] --END-- [ RunTime:0.000749s ]
INFO: [ view_parse ] --START--
INFO: [ template_filter ] --START--
INFO: Run Behavior\ContentReplaceBehavior [ RunTime:0.000048s ]
INFO: [ template_filter ] --END-- [ RunTime:0.000099s ]
INFO: Run Behavior\ParseTemplateBehavior [ RunTime:0.007622s ]
INFO: [ view_parse ] --END-- [ RunTime:0.007692s ]
INFO: [ view_filter ] --START--
INFO: Run Behavior\WriteHtmlCacheBehavior [ RunTime:0.000312s ]
INFO: [ view_filter ] --END-- [ RunTime:0.000349s ]
INFO: [ app_end ] --START--
INFO: Run Behavior\ShowPageTraceBehavior [ RunTime:0.000564s ]
INFO: [ app_end ] --END-- [ RunTime:0.000602s ]

[ 2016-07-31T10:37:37+08:00 ] 127.0.0.1 /
INFO: [ app_init ] --START--
INFO: Run Behavior\BuildLiteBehavior [ RunTime:0.000017s ]
INFO: [ app_init ] --END-- [ RunTime:0.000633s ]
INFO: [ app_begin ] --START--
INFO: Run Behavior\ReadHtmlCacheBehavior [ RunTime:0.000672s ]
INFO: [ app_begin ] --END-- [ RunTime:0.000732s ]
INFO: [ view_parse ] --START--
INFO: [ template_filter ] --START--
INFO: Run Behavior\ContentReplaceBehavior [ RunTime:0.000052s ]
INFO: [ template_filter ] --END-- [ RunTime:0.000109s ]
NOTIC: [2048] Declaration of Common\Model\BasicModel::save() should be compatible with Think\Model::save($data = '', $options = Array) G:\php\htdocs\project\Application\Common\Model\BasicModel.class.php 第 5 行.
NOTIC: [2048] Declaration of Common\Model\BasicModel::select() should be compatible with Think\Model::select($options = Array) G:\php\htdocs\project\Application\Common\Model\BasicModel.class.php 第 5 行.
ERR: 1146:Table 'imooc_singcms.cms_menus' doesn't exist
 [ SQL语句 ] : SHOW COLUMNS FROM `cms_menus`
ERR: 1146:Table 'imooc_singcms.cms_menus' doesn't exist
 [ SQL语句 ] : SHOW COLUMNS FROM `cms_menus`

[ 2016-07-31T10:38:34+08:00 ] 127.0.0.1 /
INFO: [ app_init ] --START--
INFO: Run Behavior\BuildLiteBehavior [ RunTime:0.000015s ]
INFO: [ app_init ] --END-- [ RunTime:0.000446s ]
INFO: [ app_begin ] --START--
INFO: Run Behavior\ReadHtmlCacheBehavior [ RunTime:0.000648s ]
INFO: [ app_begin ] --END-- [ RunTime:0.000705s ]
INFO: [ view_parse ] --START--
INFO: [ template_filter ] --START--
INFO: Run Behavior\ContentReplaceBehavior [ RunTime:0.000048s ]
INFO: [ template_filter ] --END-- [ RunTime:0.000104s ]
NOTIC: [2048] Declaration of Common\Model\BasicModel::save() should be compatible with Think\Model::save($data = '', $options = Array) G:\php\htdocs\project\Application\Common\Model\BasicModel.class.php 第 5 行.
NOTIC: [2048] Declaration of Common\Model\BasicModel::select() should be compatible with Think\Model::select($options = Array) G:\php\htdocs\project\Application\Common\Model\BasicModel.class.php 第 5 行.
NOTIC: [2048] Declaration of Common\Model\MenuModel::find() should be compatible with Think\Model::find($options = Array) G:\php\htdocs\project\Application\Common\Model\MenuModel.class.php 第 89 行.
SQL: SHOW COLUMNS FROM `cms_menu` [ RunTime:0.0032s ]
SQL: SELECT * FROM `cms_menu` WHERE `status` <> -1 AND `type` = 0 ORDER BY listorder desc, menu_id desc  [ RunTime:0.0005s ]
NOTIC: [8] Undefined variable: result G:\php\htdocs\project\Application\Runtime\Cache\Home\2a94b8bda04ff446dcedd42276fc99ee.php 第 24 行.
NOTIC: [8] Undefined variable: result G:\php\htdocs\project\Application\Runtime\Cache\Home\2a94b8bda04ff446dcedd42276fc99ee.php 第 24 行.
NOTIC: [8] Undefined variable: result G:\php\htdocs\project\Application\Runtime\Cache\Home\2a94b8bda04ff446dcedd42276fc99ee.php 第 24 行.
INFO: Run Behavior\ParseTemplateBehavior [ RunTime:0.024779s ]
INFO: [ view_parse ] --END-- [ RunTime:0.024837s ]
INFO: [ view_filter ] --START--
INFO: Run Behavior\WriteHtmlCacheBehavior [ RunTime:0.000421s ]
INFO: [ view_filter ] --END-- [ RunTime:0.000458s ]
INFO: [ app_end ] --START--
INFO: Run Behavior\ShowPageTraceBehavior [ RunTime:0.000656s ]
INFO: [ app_end ] --END-- [ RunTime:0.000698s ]

[ 2016-07-31T10:39:49+08:00 ] 127.0.0.1 /index.php?c=cat&id=8
INFO: [ app_init ] --START--
INFO: Run Behavior\BuildLiteBehavior [ RunTime:0.000018s ]
INFO: [ app_init ] --END-- [ RunTime:0.000585s ]
INFO: [ app_begin ] --START--
INFO: Run Behavior\ReadHtmlCacheBehavior [ RunTime:0.001077s ]
INFO: [ app_begin ] --END-- [ RunTime:0.001209s ]
ERR: 无法加载控制器:Cat

[ 2016-07-31T10:42:02+08:00 ] 127.0.0.1 /
INFO: [ app_init ] --START--
INFO: Run Behavior\BuildLiteBehavior [ RunTime:0.000016s ]
INFO: [ app_init ] --END-- [ RunTime:0.000465s ]
INFO: [ app_begin ] --START--
INFO: Run Behavior\ReadHtmlCacheBehavior [ RunTime:0.000669s ]
INFO: [ app_begin ] --END-- [ RunTime:0.000734s ]
INFO: [ view_parse ] --START--
INFO: [ template_filter ] --START--
INFO: Run Behavior\ContentReplaceBehavior [ RunTime:0.000050s ]
INFO: [ template_filter ] --END-- [ RunTime:0.000104s ]
NOTIC: [2048] Declaration of Common\Model\BasicModel::save() should be compatible with Think\Model::save($data = '', $options = Array) G:\php\htdocs\project\Application\Common\Model\BasicModel.class.php 第 5 行.
NOTIC: [2048] Declaration of Common\Model\BasicModel::select() should be compatible with Think\Model::select($options = Array) G:\php\htdocs\project\Application\Common\Model\BasicModel.class.php 第 5 行.
NOTIC: [2048] Declaration of Common\Model\MenuModel::find() should be compatible with Think\Model::find($options = Array) G:\php\htdocs\project\Application\Common\Model\MenuModel.class.php 第 89 行.
SQL: SHOW COLUMNS FROM `cms_menu` [ RunTime:0.0039s ]
SQL: SELECT * FROM `cms_menu` WHERE `status` <> -1 AND `type` = 0 ORDER BY listorder desc, menu_id desc  [ RunTime:0.0006s ]
NOTIC: [8] Undefined variable: result G:\php\htdocs\project\Application\Runtime\Cache\Home\2a94b8bda04ff446dcedd42276fc99ee.php 第 23 行.
NOTIC: [8] Undefined variable: result G:\php\htdocs\project\Application\Runtime\Cache\Home\2a94b8bda04ff446dcedd42276fc99ee.php 第 24 行.
NOTIC: [8] Undefined variable: result G:\php\htdocs\project\Application\Runtime\Cache\Home\2a94b8bda04ff446dcedd42276fc99ee.php 第 24 行.
NOTIC: [8] Undefined variable: result G:\php\htdocs\project\Application\Runtime\Cache\Home\2a94b8bda04ff446dcedd42276fc99ee.php 第 24 行.
INFO: Run Behavior\ParseTemplateBehavior [ RunTime:0.029435s ]
INFO: [ view_parse ] --END-- [ RunTime:0.029489s ]
INFO: [ view_filter ] --START--
INFO: Run Behavior\WriteHtmlCacheBehavior [ RunTime:0.000497s ]
INFO: [ view_filter ] --END-- [ RunTime:0.000548s ]
INFO: [ app_end ] --START--
INFO: Run Behavior\ShowPageTraceBehavior [ RunTime:0.000642s ]
INFO: [ app_end ] --END-- [ RunTime:0.000685s ]

[ 2016-07-31T10:48:21+08:00 ] 127.0.0.1 /
INFO: [ app_init ] --START--
INFO: Run Behavior\BuildLiteBehavior [ RunTime:0.000013s ]
INFO: [ app_init ] --END-- [ RunTime:0.000392s ]
INFO: [ app_begin ] --START--
INFO: Run Behavior\ReadHtmlCacheBehavior [ RunTime:0.000527s ]
INFO: [ app_begin ] --END-- [ RunTime:0.000580s ]
NOTIC: [2048] Declaration of Common\Model\PositionContentModel::find() should be compatible with Think\Model::find($options = Array) G:\php\htdocs\project\Application\Common\Model\PositionContentModel.class.php 第 5 行.
SQL: SHOW COLUMNS FROM `cms_position_content` [ RunTime:0.0031s ]
NOTIC: [8] Undefined index: title G:\php\htdocs\project\Application\Common\Model\PositionContentModel.class.php 第 28 行.
SQL: SELECT * FROM `cms_position_content` WHERE `status` = 1 AND `position_id` = 2 ORDER BY listorder desc, id desc LIMIT 1   [ RunTime:0.0004s ]
INFO: [ view_parse ] --START--
INFO: [ template_filter ] --START--
INFO: Run Behavior\ContentReplaceBehavior [ RunTime:0.000081s ]
INFO: [ template_filter ] --END-- [ RunTime:0.000162s ]
NOTIC: [2048] Declaration of Common\Model\BasicModel::save() should be compatible with Think\Model::save($data = '', $options = Array) G:\php\htdocs\project\Application\Common\Model\BasicModel.class.php 第 22 行.
NOTIC: [2048] Declaration of Common\Model\BasicModel::select() should be compatible with Think\Model::select($options = Array) G:\php\htdocs\project\Application\Common\Model\BasicModel.class.php 第 22 行.
NOTIC: [2048] Declaration of Common\Model\MenuModel::find() should be compatible with Think\Model::find($options = Array) G:\php\htdocs\project\Application\Common\Model\MenuModel.class.php 第 89 行.
SQL: SHOW COLUMNS FROM `cms_menu` [ RunTime:0.0040s ]
SQL: SELECT * FROM `cms_menu` WHERE `status` <> -1 AND `type` = 0 ORDER BY listorder desc, menu_id desc  [ RunTime:0.0004s ]
NOTIC: [8] Undefined index: catid G:\php\htdocs\project\Application\Runtime\Cache\Home\2a94b8bda04ff446dcedd42276fc99ee.php 第 23 行.
NOTIC: [8] Undefined index: catid G:\php\htdocs\project\Application\Runtime\Cache\Home\2a94b8bda04ff446dcedd42276fc99ee.php 第 24 行.
NOTIC: [8] Undefined index: catid G:\php\htdocs\project\Application\Runtime\Cache\Home\2a94b8bda04ff446dcedd42276fc99ee.php 第 24 行.
NOTIC: [8] Undefined index: catid G:\php\htdocs\project\Application\Runtime\Cache\Home\2a94b8bda04ff446dcedd42276fc99ee.php 第 24 行.
INFO: Run Behavior\ParseTemplateBehavior [ RunTime:0.016394s ]
INFO: [ view_parse ] --END-- [ RunTime:0.016439s ]
INFO: [ view_filter ] --START--
INFO: Run Behavior\WriteHtmlCacheBehavior [ RunTime:0.000393s ]
INFO: [ view_filter ] --END-- [ RunTime:0.000430s ]
INFO: [ app_end ] --START--
INFO: Run Behavior\ShowPageTraceBehavior [ RunTime:0.000606s ]
INFO: [ app_end ] --END-- [ RunTime:0.000655s ]

[ 2016-07-31T10:49:26+08:00 ] 127.0.0.1 /index.php?c=detail&id=23
INFO: [ app_init ] --START--
INFO: Run Behavior\BuildLiteBehavior [ RunTime:0.001328s ]
INFO: [ app_init ] --END-- [ RunTime:0.002281s ]
INFO: [ app_begin ] --START--
INFO: Run Behavior\ReadHtmlCacheBehavior [ RunTime:0.001106s ]
INFO: [ app_begin ] --END-- [ RunTime:0.001225s ]
ERR: 无法加载控制器:Detail

[ 2016-07-31T10:54:28+08:00 ] 127.0.0.1 /
INFO: [ app_init ] --START--
INFO: Run Behavior\BuildLiteBehavior [ RunTime:0.000048s ]
INFO: [ app_init ] --END-- [ RunTime:0.001129s ]
INFO: [ app_begin ] --START--
INFO: Run Behavior\ReadHtmlCacheBehavior [ RunTime:0.000753s ]
INFO: [ app_begin ] --END-- [ RunTime:0.000866s ]

[ 2016-07-31T10:54:48+08:00 ] 127.0.0.1 /
INFO: [ app_init ] --START--
INFO: Run Behavior\BuildLiteBehavior [ RunTime:0.000015s ]
INFO: [ app_init ] --END-- [ RunTime:0.000392s ]
INFO: [ app_begin ] --START--
INFO: Run Behavior\ReadHtmlCacheBehavior [ RunTime:0.000502s ]
INFO: [ app_begin ] --END-- [ RunTime:0.000561s ]

[ 2016-07-31T10:54:58+08:00 ] 127.0.0.1 /
INFO: [ app_init ] --START--
INFO: Run Behavior\BuildLiteBehavior [ RunTime:0.000015s ]
INFO: [ app_init ] --END-- [ RunTime:0.000439s ]
INFO: [ app_begin ] --START--
INFO: Run Behavior\ReadHtmlCacheBehavior [ RunTime:0.000646s ]
INFO: [ app_begin ] --END-- [ RunTime:0.000703s ]
NOTIC: [2048] Declaration of Common\Model\PositionContentModel::find() should be compatible with Think\Model::find($options = Array) G:\php\htdocs\project\Application\Common\Model\PositionContentModel.class.php 第 5 行.
SQL: SHOW COLUMNS FROM `cms_position_content` [ RunTime:0.0250s ]
NOTIC: [8] Undefined index: title G:\php\htdocs\project\Application\Common\Model\PositionContentModel.class.php 第 28 行.
SQL: SELECT * FROM `cms_position_content` WHERE `status` = 1 AND `position_id` = 2 ORDER BY listorder desc, id desc LIMIT 1   [ RunTime:0.0004s ]
NOTIC: [8] Undefined index: title G:\php\htdocs\project\Application\Common\Model\PositionContentModel.class.php 第 28 行.
SQL: SELECT * FROM `cms_position_content` WHERE `status` = 1 AND `position_id` = 3 ORDER BY listorder desc, id desc LIMIT 3   [ RunTime:0.0003s ]
INFO: [ view_parse ] --START--
INFO: [ template_filter ] --START--
INFO: Run Behavior\ContentReplaceBehavior [ RunTime:0.000060s ]
INFO: [ template_filter ] --END-- [ RunTime:0.000120s ]
NOTIC: [2048] Declaration of Common\Model\BasicModel::save() should be compatible with Think\Model::save($data = '', $options = Array) G:\php\htdocs\project\Application\Common\Model\BasicModel.class.php 第 22 行.
NOTIC: [2048] Declaration of Common\Model\BasicModel::select() should be compatible with Think\Model::select($options = Array) G:\php\htdocs\project\Application\Common\Model\BasicModel.class.php 第 22 行.
NOTIC: [2048] Declaration of Common\Model\MenuModel::find() should be compatible with Think\Model::find($options = Array) G:\php\htdocs\project\Application\Common\Model\MenuModel.class.php 第 89 行.
SQL: SHOW COLUMNS FROM `cms_menu` [ RunTime:0.0032s ]
SQL: SELECT * FROM `cms_menu` WHERE `status` <> -1 AND `type` = 0 ORDER BY listorder desc, menu_id desc  [ RunTime:0.0004s ]
NOTIC: [8] Undefined index: catid G:\php\htdocs\project\Application\Runtime\Cache\Home\2a94b8bda04ff446dcedd42276fc99ee.php 第 23 行.
NOTIC: [8] Undefined index: catid G:\php\htdocs\project\Application\Runtime\Cache\Home\2a94b8bda04ff446dcedd42276fc99ee.php 第 24 行.
NOTIC: [8] Undefined index: catid G:\php\htdocs\project\Application\Runtime\Cache\Home\2a94b8bda04ff446dcedd42276fc99ee.php 第 24 行.
NOTIC: [8] Undefined index: catid G:\php\htdocs\project\Application\Runtime\Cache\Home\2a94b8bda04ff446dcedd42276fc99ee.php 第 24 行.
NOTIC: [8] Undefined index: topSmallPicNews G:\php\htdocs\project\Application\Runtime\Cache\Home\2a94b8bda04ff446dcedd42276fc99ee.php 第 40 行.
NOTIC: [8] Undefined index: topSmallPicNews G:\php\htdocs\project\Application\Runtime\Cache\Home\2a94b8bda04ff446dcedd42276fc99ee.php 第 40 行.
NOTIC: [8] Undefined index: topSmallPicNews G:\php\htdocs\project\Application\Runtime\Cache\Home\2a94b8bda04ff446dcedd42276fc99ee.php 第 40 行.
INFO: Run Behavior\ParseTemplateBehavior [ RunTime:0.016086s ]
INFO: [ view_parse ] --END-- [ RunTime:0.016167s ]
INFO: [ view_filter ] --START--
INFO: Run Behavior\WriteHtmlCacheBehavior [ RunTime:0.000617s ]
INFO: [ view_filter ] --END-- [ RunTime:0.000672s ]
INFO: [ app_end ] --START--
INFO: Run Behavior\ShowPageTraceBehavior [ RunTime:0.000816s ]
INFO: [ app_end ] --END-- [ RunTime:0.000871s ]

[ 2016-07-31T10:56:12+08:00 ] 127.0.0.1 /
INFO: [ app_init ] --START--
INFO: Run Behavior\BuildLiteBehavior [ RunTime:0.000026s ]
INFO: [ app_init ] --END-- [ RunTime:0.000948s ]
INFO: [ app_begin ] --START--
INFO: Run Behavior\ReadHtmlCacheBehavior [ RunTime:0.000692s ]
INFO: [ app_begin ] --END-- [ RunTime:0.000756s ]
NOTIC: [2048] Declaration of Common\Model\PositionContentModel::find() should be compatible with Think\Model::find($options = Array) G:\php\htdocs\project\Application\Common\Model\PositionContentModel.class.php 第 5 行.
SQL: SHOW COLUMNS FROM `cms_position_content` [ RunTime:0.0033s ]
NOTIC: [8] Undefined index: title G:\php\htdocs\project\Application\Common\Model\PositionContentModel.class.php 第 28 行.
SQL: SELECT * FROM `cms_position_content` WHERE `status` = 1 AND `position_id` = 2 ORDER BY listorder desc, id desc LIMIT 1   [ RunTime:0.0007s ]
NOTIC: [8] Undefined index: title G:\php\htdocs\project\Application\Common\Model\PositionContentModel.class.php 第 28 行.
SQL: SELECT * FROM `cms_position_content` WHERE `status` = 1 AND `position_id` = 3 ORDER BY listorder desc, id desc LIMIT 3   [ RunTime:0.0003s ]
INFO: [ view_parse ] --START--
INFO: [ template_filter ] --START--
INFO: Run Behavior\ContentReplaceBehavior [ RunTime:0.000052s ]
INFO: [ template_filter ] --END-- [ RunTime:0.000101s ]
NOTIC: [2048] Declaration of Common\Model\BasicModel::save() should be compatible with Think\Model::save($data = '', $options = Array) G:\php\htdocs\project\Application\Common\Model\BasicModel.class.php 第 22 行.
NOTIC: [2048] Declaration of Common\Model\BasicModel::select() should be compatible with Think\Model::select($options = Array) G:\php\htdocs\project\Application\Common\Model\BasicModel.class.php 第 22 行.
NOTIC: [2048] Declaration of Common\Model\MenuModel::find() should be compatible with Think\Model::find($options = Array) G:\php\htdocs\project\Application\Common\Model\MenuModel.class.php 第 89 行.
SQL: SHOW COLUMNS FROM `cms_menu` [ RunTime:0.0030s ]
SQL: SELECT * FROM `cms_menu` WHERE `status` <> -1 AND `type` = 0 ORDER BY listorder desc, menu_id desc  [ RunTime:0.0011s ]
NOTIC: [8] Undefined index: catid G:\php\htdocs\project\Application\Runtime\Cache\Home\2a94b8bda04ff446dcedd42276fc99ee.php 第 23 行.
NOTIC: [8] Undefined index: catid G:\php\htdocs\project\Application\Runtime\Cache\Home\2a94b8bda04ff446dcedd42276fc99ee.php 第 24 行.
NOTIC: [8] Undefined index: catid G:\php\htdocs\project\Application\Runtime\Cache\Home\2a94b8bda04ff446dcedd42276fc99ee.php 第 24 行.
NOTIC: [8] Undefined index: catid G:\php\htdocs\project\Application\Runtime\Cache\Home\2a94b8bda04ff446dcedd42276fc99ee.php 第 24 行.
NOTIC: [8] Undefined index: topSmallPicNews G:\php\htdocs\project\Application\Runtime\Cache\Home\2a94b8bda04ff446dcedd42276fc99ee.php 第 40 行.
NOTIC: [8] Undefined index: topSmallPicNews G:\php\htdocs\project\Application\Runtime\Cache\Home\2a94b8bda04ff446dcedd42276fc99ee.php 第 40 行.
NOTIC: [8] Undefined index: topSmallPicNews G:\php\htdocs\project\Application\Runtime\Cache\Home\2a94b8bda04ff446dcedd42276fc99ee.php 第 40 行.
INFO: Run Behavior\ParseTemplateBehavior [ RunTime:0.015791s ]
INFO: [ view_parse ] --END-- [ RunTime:0.015848s ]
INFO: [ view_filter ] --START--
INFO: Run Behavior\WriteHtmlCacheBehavior [ RunTime:0.000531s ]
INFO: [ view_filter ] --END-- [ RunTime:0.000590s ]
INFO: [ app_end ] --START--
INFO: Run Behavior\ShowPageTraceBehavior [ RunTime:0.000673s ]
INFO: [ app_end ] --END-- [ RunTime:0.000719s ]

[ 2016-07-31T10:56:56+08:00 ] 127.0.0.1 /
INFO: [ app_init ] --START--
INFO: Run Behavior\BuildLiteBehavior [ RunTime:0.000017s ]
INFO: [ app_init ] --END-- [ RunTime:0.000475s ]
INFO: [ app_begin ] --START--
INFO: Run Behavior\ReadHtmlCacheBehavior [ RunTime:0.000667s ]
INFO: [ app_begin ] --END-- [ RunTime:0.000731s ]
NOTIC: [2048] Declaration of Common\Model\PositionContentModel::find() should be compatible with Think\Model::find($options = Array) G:\php\htdocs\project\Application\Common\Model\PositionContentModel.class.php 第 5 行.
SQL: SHOW COLUMNS FROM `cms_position_content` [ RunTime:0.0029s ]
NOTIC: [8] Undefined index: title G:\php\htdocs\project\Application\Common\Model\PositionContentModel.class.php 第 28 行.
SQL: SELECT * FROM `cms_position_content` WHERE `status` = 1 AND `position_id` = 2 ORDER BY listorder desc, id desc LIMIT 1   [ RunTime:0.0004s ]
NOTIC: [8] Undefined index: title G:\php\htdocs\project\Application\Common\Model\PositionContentModel.class.php 第 28 行.
SQL: SELECT * FROM `cms_position_content` WHERE `status` = 1 AND `position_id` = 3 ORDER BY listorder desc, id desc LIMIT 3   [ RunTime:0.0003s ]
INFO: [ view_parse ] --START--
INFO: [ template_filter ] --START--
INFO: Run Behavior\ContentReplaceBehavior [ RunTime:0.000054s ]
INFO: [ template_filter ] --END-- [ RunTime:0.000110s ]
NOTIC: [2048] Declaration of Common\Model\BasicModel::save() should be compatible with Think\Model::save($data = '', $options = Array) G:\php\htdocs\project\Application\Common\Model\BasicModel.class.php 第 22 行.
NOTIC: [2048] Declaration of Common\Model\BasicModel::select() should be compatible with Think\Model::select($options = Array) G:\php\htdocs\project\Application\Common\Model\BasicModel.class.php 第 22 行.
NOTIC: [2048] Declaration of Common\Model\MenuModel::find() should be compatible with Think\Model::find($options = Array) G:\php\htdocs\project\Application\Common\Model\MenuModel.class.php 第 89 行.
SQL: SHOW COLUMNS FROM `cms_menu` [ RunTime:0.0038s ]
SQL: SELECT * FROM `cms_menu` WHERE `status` <> -1 AND `type` = 0 ORDER BY listorder desc, menu_id desc  [ RunTime:0.0005s ]
NOTIC: [8] Undefined index: catid G:\php\htdocs\project\Application\Runtime\Cache\Home\2a94b8bda04ff446dcedd42276fc99ee.php 第 23 行.
NOTIC: [8] Undefined index: catid G:\php\htdocs\project\Application\Runtime\Cache\Home\2a94b8bda04ff446dcedd42276fc99ee.php 第 24 行.
NOTIC: [8] Undefined index: catid G:\php\htdocs\project\Application\Runtime\Cache\Home\2a94b8bda04ff446dcedd42276fc99ee.php 第 24 行.
NOTIC: [8] Undefined index: catid G:\php\htdocs\project\Application\Runtime\Cache\Home\2a94b8bda04ff446dcedd42276fc99ee.php 第 24 行.
NOTIC: [8] Undefined index: topSmallPicNews G:\php\htdocs\project\Application\Runtime\Cache\Home\2a94b8bda04ff446dcedd42276fc99ee.php 第 40 行.
NOTIC: [8] Undefined index: topSmallPicNews G:\php\htdocs\project\Application\Runtime\Cache\Home\2a94b8bda04ff446dcedd42276fc99ee.php 第 40 行.
NOTIC: [8] Undefined index: topSmallPicNews G:\php\htdocs\project\Application\Runtime\Cache\Home\2a94b8bda04ff446dcedd42276fc99ee.php 第 40 行.
INFO: Run Behavior\ParseTemplateBehavior [ RunTime:0.016411s ]
INFO: [ view_parse ] --END-- [ RunTime:0.016469s ]
INFO: [ view_filter ] --START--
INFO: Run Behavior\WriteHtmlCacheBehavior [ RunTime:0.000434s ]
INFO: [ view_filter ] --END-- [ RunTime:0.000476s ]
INFO: [ app_end ] --START--
INFO: Run Behavior\ShowPageTraceBehavior [ RunTime:0.000643s ]
INFO: [ app_end ] --END-- [ RunTime:0.000686s ]

[ 2016-07-31T11:01:20+08:00 ] 127.0.0.1 /
INFO: [ app_init ] --START--
INFO: Run Behavior\BuildLiteBehavior [ RunTime:0.000017s ]
INFO: [ app_init ] --END-- [ RunTime:0.001517s ]
INFO: [ app_begin ] --START--
INFO: Run Behavior\ReadHtmlCacheBehavior [ RunTime:0.000621s ]
INFO: [ app_begin ] --END-- [ RunTime:0.000675s ]
NOTIC: [2048] Declaration of Common\Model\PositionContentModel::find() should be compatible with Think\Model::find($options = Array) G:\php\htdocs\project\Application\Common\Model\PositionContentModel.class.php 第 5 行.
SQL: SHOW COLUMNS FROM `cms_position_content` [ RunTime:0.0066s ]
NOTIC: [8] Undefined index: title G:\php\htdocs\project\Application\Common\Model\PositionContentModel.class.php 第 28 行.
SQL: SELECT * FROM `cms_position_content` WHERE `status` = 1 AND `position_id` = 2 ORDER BY listorder desc, id desc LIMIT 1   [ RunTime:0.0004s ]
NOTIC: [8] Undefined index: title G:\php\htdocs\project\Application\Common\Model\PositionContentModel.class.php 第 28 行.
SQL: SELECT * FROM `cms_position_content` WHERE `status` = 1 AND `position_id` = 3 ORDER BY listorder desc, id desc LIMIT 3   [ RunTime:0.0003s ]
INFO: [ view_parse ] --START--
INFO: [ template_filter ] --START--
INFO: Run Behavior\ContentReplaceBehavior [ RunTime:0.000049s ]
INFO: [ template_filter ] --END-- [ RunTime:0.000098s ]
NOTIC: [2048] Declaration of Common\Model\BasicModel::save() should be compatible with Think\Model::save($data = '', $options = Array) G:\php\htdocs\project\Application\Common\Model\BasicModel.class.php 第 22 行.
NOTIC: [2048] Declaration of Common\Model\BasicModel::select() should be compatible with Think\Model::select($options = Array) G:\php\htdocs\project\Application\Common\Model\BasicModel.class.php 第 22 行.
NOTIC: [2048] Declaration of Common\Model\MenuModel::find() should be compatible with Think\Model::find($options = Array) G:\php\htdocs\project\Application\Common\Model\MenuModel.class.php 第 89 行.
SQL: SHOW COLUMNS FROM `cms_menu` [ RunTime:0.0033s ]
SQL: SELECT * FROM `cms_menu` WHERE `status` <> -1 AND `type` = 0 ORDER BY listorder desc, menu_id desc  [ RunTime:0.0004s ]
NOTIC: [8] Undefined index: catid G:\php\htdocs\project\Application\Runtime\Cache\Home\2a94b8bda04ff446dcedd42276fc99ee.php 第 23 行.
NOTIC: [8] Undefined index: catid G:\php\htdocs\project\Application\Runtime\Cache\Home\2a94b8bda04ff446dcedd42276fc99ee.php 第 24 行.
NOTIC: [8] Undefined index: catid G:\php\htdocs\project\Application\Runtime\Cache\Home\2a94b8bda04ff446dcedd42276fc99ee.php 第 24 行.
NOTIC: [8] Undefined index: catid G:\php\htdocs\project\Application\Runtime\Cache\Home\2a94b8bda04ff446dcedd42276fc99ee.php 第 24 行.
NOTIC: [8] Undefined index: topSmallPicNews G:\php\htdocs\project\Application\Runtime\Cache\Home\2a94b8bda04ff446dcedd42276fc99ee.php 第 40 行.
NOTIC: [8] Undefined index: topSmallPicNews G:\php\htdocs\project\Application\Runtime\Cache\Home\2a94b8bda04ff446dcedd42276fc99ee.php 第 40 行.
NOTIC: [8] Undefined index: topSmallPicNews G:\php\htdocs\project\Application\Runtime\Cache\Home\2a94b8bda04ff446dcedd42276fc99ee.php 第 40 行.
INFO: Run Behavior\ParseTemplateBehavior [ RunTime:0.015092s ]
INFO: [ view_parse ] --END-- [ RunTime:0.015149s ]
INFO: [ view_filter ] --START--
INFO: Run Behavior\WriteHtmlCacheBehavior [ RunTime:0.000419s ]
INFO: [ view_filter ] --END-- [ RunTime:0.000460s ]
INFO: [ app_end ] --START--
INFO: Run Behavior\ShowPageTraceBehavior [ RunTime:0.000615s ]
INFO: [ app_end ] --END-- [ RunTime:0.000657s ]

[ 2016-07-31T11:02:25+08:00 ] 127.0.0.1 /
INFO: [ app_init ] --START--
INFO: Run Behavior\BuildLiteBehavior [ RunTime:0.000015s ]
INFO: [ app_init ] --END-- [ RunTime:0.000543s ]
INFO: [ app_begin ] --START--
INFO: Run Behavior\ReadHtmlCacheBehavior [ RunTime:0.001171s ]
INFO: [ app_begin ] --END-- [ RunTime:0.001246s ]
NOTIC: [2048] Declaration of Common\Model\PositionContentModel::find() should be compatible with Think\Model::find($options = Array) G:\php\htdocs\project\Application\Common\Model\PositionContentModel.class.php 第 5 行.
SQL: SHOW COLUMNS FROM `cms_position_content` [ RunTime:0.0033s ]
NOTIC: [8] Undefined index: title G:\php\htdocs\project\Application\Common\Model\PositionContentModel.class.php 第 28 行.
SQL: SELECT * FROM `cms_position_content` WHERE `status` = 1 AND `position_id` = 2 ORDER BY listorder desc, id desc LIMIT 1   [ RunTime:0.0004s ]
NOTIC: [8] Undefined index: title G:\php\htdocs\project\Application\Common\Model\PositionContentModel.class.php 第 28 行.
SQL: SELECT * FROM `cms_position_content` WHERE `status` = 1 AND `position_id` = 3 ORDER BY listorder desc, id desc LIMIT 3   [ RunTime:0.0003s ]
INFO: [ view_parse ] --START--
INFO: [ template_filter ] --START--
INFO: Run Behavior\ContentReplaceBehavior [ RunTime:0.000055s ]
INFO: [ template_filter ] --END-- [ RunTime:0.000111s ]
NOTIC: [2048] Declaration of Common\Model\BasicModel::save() should be compatible with Think\Model::save($data = '', $options = Array) G:\php\htdocs\project\Application\Common\Model\BasicModel.class.php 第 22 行.
NOTIC: [2048] Declaration of Common\Model\BasicModel::select() should be compatible with Think\Model::select($options = Array) G:\php\htdocs\project\Application\Common\Model\BasicModel.class.php 第 22 行.
NOTIC: [2048] Declaration of Common\Model\MenuModel::find() should be compatible with Think\Model::find($options = Array) G:\php\htdocs\project\Application\Common\Model\MenuModel.class.php 第 89 行.
SQL: SHOW COLUMNS FROM `cms_menu` [ RunTime:0.0030s ]
SQL: SELECT * FROM `cms_menu` WHERE `status` <> -1 AND `type` = 0 ORDER BY listorder desc, menu_id desc  [ RunTime:0.0004s ]
NOTIC: [8] Undefined index: catid G:\php\htdocs\project\Application\Runtime\Cache\Home\2a94b8bda04ff446dcedd42276fc99ee.php 第 23 行.
NOTIC: [8] Undefined index: catid G:\php\htdocs\project\Application\Runtime\Cache\Home\2a94b8bda04ff446dcedd42276fc99ee.php 第 24 行.
NOTIC: [8] Undefined index: catid G:\php\htdocs\project\Application\Runtime\Cache\Home\2a94b8bda04ff446dcedd42276fc99ee.php 第 24 行.
NOTIC: [8] Undefined index: catid G:\php\htdocs\project\Application\Runtime\Cache\Home\2a94b8bda04ff446dcedd42276fc99ee.php 第 24 行.
NOTIC: [8] Undefined index: topSmallPicNews G:\php\htdocs\project\Application\Runtime\Cache\Home\2a94b8bda04ff446dcedd42276fc99ee.php 第 40 行.
NOTIC: [8] Undefined index: topSmallPicNews G:\php\htdocs\project\Application\Runtime\Cache\Home\2a94b8bda04ff446dcedd42276fc99ee.php 第 40 行.
NOTIC: [8] Undefined index: topSmallPicNews G:\php\htdocs\project\Application\Runtime\Cache\Home\2a94b8bda04ff446dcedd42276fc99ee.php 第 40 行.
INFO: Run Behavior\ParseTemplateBehavior [ RunTime:0.018213s ]
INFO: [ view_parse ] --END-- [ RunTime:0.018267s ]
INFO: [ view_filter ] --START--
INFO: Run Behavior\WriteHtmlCacheBehavior [ RunTime:0.000727s ]
INFO: [ view_filter ] --END-- [ RunTime:0.000769s ]
INFO: [ app_end ] --START--
INFO: Run Behavior\ShowPageTraceBehavior [ RunTime:0.000790s ]
INFO: [ app_end ] --END-- [ RunTime:0.000833s ]

[ 2016-07-31T11:02:41+08:00 ] 127.0.0.1 /
INFO: [ app_init ] --START--
INFO: Run Behavior\BuildLiteBehavior [ RunTime:0.000013s ]
INFO: [ app_init ] --END-- [ RunTime:0.000426s ]
INFO: [ app_begin ] --START--
INFO: Run Behavior\ReadHtmlCacheBehavior [ RunTime:0.000755s ]
INFO: [ app_begin ] --END-- [ RunTime:0.000806s ]
NOTIC: [2048] Declaration of Common\Model\PositionContentModel::find() should be compatible with Think\Model::find($options = Array) G:\php\htdocs\project\Application\Common\Model\PositionContentModel.class.php 第 5 行.
SQL: SHOW COLUMNS FROM `cms_position_content` [ RunTime:0.0030s ]
NOTIC: [8] Undefined index: title G:\php\htdocs\project\Application\Common\Model\PositionContentModel.class.php 第 28 行.
SQL: SELECT * FROM `cms_position_content` WHERE `status` = 1 AND `position_id` = 2 ORDER BY listorder desc, id desc LIMIT 1   [ RunTime:0.0004s ]
NOTIC: [8] Undefined index: title G:\php\htdocs\project\Application\Common\Model\PositionContentModel.class.php 第 28 行.
SQL: SELECT * FROM `cms_position_content` WHERE `status` = 1 AND `position_id` = 3 ORDER BY listorder desc, id desc LIMIT 3   [ RunTime:0.0003s ]
INFO: [ view_parse ] --START--
INFO: [ template_filter ] --START--
INFO: Run Behavior\ContentReplaceBehavior [ RunTime:0.000052s ]
INFO: [ template_filter ] --END-- [ RunTime:0.000105s ]
NOTIC: [2048] Declaration of Common\Model\BasicModel::save() should be compatible with Think\Model::save($data = '', $options = Array) G:\php\htdocs\project\Application\Common\Model\BasicModel.class.php 第 22 行.
NOTIC: [2048] Declaration of Common\Model\BasicModel::select() should be compatible with Think\Model::select($options = Array) G:\php\htdocs\project\Application\Common\Model\BasicModel.class.php 第 22 行.
NOTIC: [2048] Declaration of Common\Model\MenuModel::find() should be compatible with Think\Model::find($options = Array) G:\php\htdocs\project\Application\Common\Model\MenuModel.class.php 第 89 行.
SQL: SHOW COLUMNS FROM `cms_menu` [ RunTime:0.0029s ]
SQL: SELECT * FROM `cms_menu` WHERE `status` <> -1 AND `type` = 0 ORDER BY listorder desc, menu_id desc  [ RunTime:0.0004s ]
NOTIC: [8] Undefined index: catid G:\php\htdocs\project\Application\Runtime\Cache\Home\2a94b8bda04ff446dcedd42276fc99ee.php 第 23 行.
NOTIC: [8] Undefined index: catid G:\php\htdocs\project\Application\Runtime\Cache\Home\2a94b8bda04ff446dcedd42276fc99ee.php 第 24 行.
NOTIC: [8] Undefined index: catid G:\php\htdocs\project\Application\Runtime\Cache\Home\2a94b8bda04ff446dcedd42276fc99ee.php 第 24 行.
NOTIC: [8] Undefined index: catid G:\php\htdocs\project\Application\Runtime\Cache\Home\2a94b8bda04ff446dcedd42276fc99ee.php 第 24 行.
NOTIC: [8] Undefined index: topSmallPicNews G:\php\htdocs\project\Application\Runtime\Cache\Home\2a94b8bda04ff446dcedd42276fc99ee.php 第 40 行.
NOTIC: [8] Undefined index: topSmallPicNews G:\php\htdocs\project\Application\Runtime\Cache\Home\2a94b8bda04ff446dcedd42276fc99ee.php 第 40 行.
NOTIC: [8] Undefined index: topSmallPicNews G:\php\htdocs\project\Application\Runtime\Cache\Home\2a94b8bda04ff446dcedd42276fc99ee.php 第 40 行.
INFO: Run Behavior\ParseTemplateBehavior [ RunTime:0.017439s ]
INFO: [ view_parse ] --END-- [ RunTime:0.017510s ]
INFO: [ view_filter ] --START--
INFO: Run Behavior\WriteHtmlCacheBehavior [ RunTime:0.000661s ]
INFO: [ view_filter ] --END-- [ RunTime:0.000701s ]
INFO: [ app_end ] --START--
INFO: Run Behavior\ShowPageTraceBehavior [ RunTime:0.000876s ]
INFO: [ app_end ] --END-- [ RunTime:0.000922s ]

[ 2016-07-31T11:02:46+08:00 ] 127.0.0.1 /
INFO: [ app_init ] --START--
INFO: Run Behavior\BuildLiteBehavior [ RunTime:0.000022s ]
INFO: [ app_init ] --END-- [ RunTime:0.000496s ]
INFO: [ app_begin ] --START--
INFO: Run Behavior\ReadHtmlCacheBehavior [ RunTime:0.000627s ]
INFO: [ app_begin ] --END-- [ RunTime:0.000718s ]
NOTIC: [2048] Declaration of Common\Model\PositionContentModel::find() should be compatible with Think\Model::find($options = Array) G:\php\htdocs\project\Application\Common\Model\PositionContentModel.class.php 第 5 行.
SQL: SHOW COLUMNS FROM `cms_position_content` [ RunTime:0.0032s ]
NOTIC: [8] Undefined index: title G:\php\htdocs\project\Application\Common\Model\PositionContentModel.class.php 第 28 行.
SQL: SELECT * FROM `cms_position_content` WHERE `status` = 1 AND `position_id` = 2 ORDER BY listorder desc, id desc LIMIT 1   [ RunTime:0.0004s ]
NOTIC: [8] Undefined index: title G:\php\htdocs\project\Application\Common\Model\PositionContentModel.class.php 第 28 行.
SQL: SELECT * FROM `cms_position_content` WHERE `status` = 1 AND `position_id` = 3 ORDER BY listorder desc, id desc LIMIT 3   [ RunTime:0.0003s ]
INFO: [ view_parse ] --START--
INFO: [ template_filter ] --START--
INFO: Run Behavior\ContentReplaceBehavior [ RunTime:0.000053s ]
INFO: [ template_filter ] --END-- [ RunTime:0.000107s ]
NOTIC: [2048] Declaration of Common\Model\BasicModel::save() should be compatible with Think\Model::save($data = '', $options = Array) G:\php\htdocs\project\Application\Common\Model\BasicModel.class.php 第 22 行.
NOTIC: [2048] Declaration of Common\Model\BasicModel::select() should be compatible with Think\Model::select($options = Array) G:\php\htdocs\project\Application\Common\Model\BasicModel.class.php 第 22 行.
NOTIC: [2048] Declaration of Common\Model\MenuModel::find() should be compatible with Think\Model::find($options = Array) G:\php\htdocs\project\Application\Common\Model\MenuModel.class.php 第 89 行.
SQL: SHOW COLUMNS FROM `cms_menu` [ RunTime:0.0031s ]
SQL: SELECT * FROM `cms_menu` WHERE `status` <> -1 AND `type` = 0 ORDER BY listorder desc, menu_id desc  [ RunTime:0.0004s ]
NOTIC: [8] Undefined index: catid G:\php\htdocs\project\Application\Runtime\Cache\Home\2a94b8bda04ff446dcedd42276fc99ee.php 第 23 行.
NOTIC: [8] Undefined index: catid G:\php\htdocs\project\Application\Runtime\Cache\Home\2a94b8bda04ff446dcedd42276fc99ee.php 第 24 行.
NOTIC: [8] Undefined index: catid G:\php\htdocs\project\Application\Runtime\Cache\Home\2a94b8bda04ff446dcedd42276fc99ee.php 第 24 行.
NOTIC: [8] Undefined index: catid G:\php\htdocs\project\Application\Runtime\Cache\Home\2a94b8bda04ff446dcedd42276fc99ee.php 第 24 行.
NOTIC: [8] Undefined index: topSmallPicNews G:\php\htdocs\project\Application\Runtime\Cache\Home\2a94b8bda04ff446dcedd42276fc99ee.php 第 40 行.
NOTIC: [8] Undefined index: topSmallPicNews G:\php\htdocs\project\Application\Runtime\Cache\Home\2a94b8bda04ff446dcedd42276fc99ee.php 第 40 行.
NOTIC: [8] Undefined index: topSmallPicNews G:\php\htdocs\project\Application\Runtime\Cache\Home\2a94b8bda04ff446dcedd42276fc99ee.php 第 40 行.
INFO: Run Behavior\ParseTemplateBehavior [ RunTime:0.015350s ]
INFO: [ view_parse ] --END-- [ RunTime:0.015408s ]
INFO: [ view_filter ] --START--
INFO: Run Behavior\WriteHtmlCacheBehavior [ RunTime:0.000336s ]
INFO: [ view_filter ] --END-- [ RunTime:0.000375s ]
INFO: [ app_end ] --START--
INFO: Run Behavior\ShowPageTraceBehavior [ RunTime:0.000633s ]
INFO: [ app_end ] --END-- [ RunTime:0.000676s ]

[ 2016-07-31T11:03:11+08:00 ] 127.0.0.1 /
INFO: [ app_init ] --START--
INFO: Run Behavior\BuildLiteBehavior [ RunTime:0.000019s ]
INFO: [ app_init ] --END-- [ RunTime:0.000368s ]
INFO: [ app_begin ] --START--
INFO: Run Behavior\ReadHtmlCacheBehavior [ RunTime:0.000464s ]
INFO: [ app_begin ] --END-- [ RunTime:0.000530s ]
NOTIC: [2048] Declaration of Common\Model\PositionContentModel::find() should be compatible with Think\Model::find($options = Array) G:\php\htdocs\project\Application\Common\Model\PositionContentModel.class.php 第 5 行.
SQL: SHOW COLUMNS FROM `cms_position_content` [ RunTime:0.0028s ]
NOTIC: [8] Undefined index: title G:\php\htdocs\project\Application\Common\Model\PositionContentModel.class.php 第 28 行.
SQL: SELECT * FROM `cms_position_content` WHERE `status` = 1 AND `position_id` = 2 ORDER BY listorder desc, id desc LIMIT 1   [ RunTime:0.0004s ]
NOTIC: [8] Undefined index: title G:\php\htdocs\project\Application\Common\Model\PositionContentModel.class.php 第 28 行.
SQL: SELECT * FROM `cms_position_content` WHERE `status` = 1 AND `position_id` = 3 ORDER BY listorder desc, id desc LIMIT 3   [ RunTime:0.0003s ]
INFO: [ view_parse ] --START--
INFO: [ template_filter ] --START--
INFO: Run Behavior\ContentReplaceBehavior [ RunTime:0.000062s ]
INFO: [ template_filter ] --END-- [ RunTime:0.000119s ]
NOTIC: [2048] Declaration of Common\Model\BasicModel::save() should be compatible with Think\Model::save($data = '', $options = Array) G:\php\htdocs\project\Application\Common\Model\BasicModel.class.php 第 22 行.
NOTIC: [2048] Declaration of Common\Model\BasicModel::select() should be compatible with Think\Model::select($options = Array) G:\php\htdocs\project\Application\Common\Model\BasicModel.class.php 第 22 行.
NOTIC: [2048] Declaration of Common\Model\MenuModel::find() should be compatible with Think\Model::find($options = Array) G:\php\htdocs\project\Application\Common\Model\MenuModel.class.php 第 89 行.
SQL: SHOW COLUMNS FROM `cms_menu` [ RunTime:0.0028s ]
SQL: SELECT * FROM `cms_menu` WHERE `status` <> -1 AND `type` = 0 ORDER BY listorder desc, menu_id desc  [ RunTime:0.0003s ]
NOTIC: [8] Undefined index: catid G:\php\htdocs\project\Application\Runtime\Cache\Home\2a94b8bda04ff446dcedd42276fc99ee.php 第 23 行.
NOTIC: [8] Undefined index: catid G:\php\htdocs\project\Application\Runtime\Cache\Home\2a94b8bda04ff446dcedd42276fc99ee.php 第 24 行.
NOTIC: [8] Undefined index: catid G:\php\htdocs\project\Application\Runtime\Cache\Home\2a94b8bda04ff446dcedd42276fc99ee.php 第 24 行.
NOTIC: [8] Undefined index: catid G:\php\htdocs\project\Application\Runtime\Cache\Home\2a94b8bda04ff446dcedd42276fc99ee.php 第 24 行.
NOTIC: [8] Undefined index: topSmallPicNews G:\php\htdocs\project\Application\Runtime\Cache\Home\2a94b8bda04ff446dcedd42276fc99ee.php 第 40 行.
NOTIC: [8] Undefined index: topSmallPicNews G:\php\htdocs\project\Application\Runtime\Cache\Home\2a94b8bda04ff446dcedd42276fc99ee.php 第 40 行.
NOTIC: [8] Undefined index: topSmallPicNews G:\php\htdocs\project\Application\Runtime\Cache\Home\2a94b8bda04ff446dcedd42276fc99ee.php 第 40 行.
INFO: Run Behavior\ParseTemplateBehavior [ RunTime:0.014028s ]
INFO: [ view_parse ] --END-- [ RunTime:0.014086s ]
INFO: [ view_filter ] --START--
INFO: Run Behavior\WriteHtmlCacheBehavior [ RunTime:0.000301s ]
INFO: [ view_filter ] --END-- [ RunTime:0.000342s ]
INFO: [ app_end ] --START--
INFO: Run Behavior\ShowPageTraceBehavior [ RunTime:0.000714s ]
INFO: [ app_end ] --END-- [ RunTime:0.000763s ]

[ 2016-07-31T11:03:32+08:00 ] 127.0.0.1 /
INFO: [ app_init ] --START--
INFO: Run Behavior\BuildLiteBehavior [ RunTime:0.000023s ]
INFO: [ app_init ] --END-- [ RunTime:0.000679s ]
INFO: [ app_begin ] --START--
INFO: Run Behavior\ReadHtmlCacheBehavior [ RunTime:0.000489s ]
INFO: [ app_begin ] --END-- [ RunTime:0.000551s ]
NOTIC: [2048] Declaration of Common\Model\PositionContentModel::find() should be compatible with Think\Model::find($options = Array) G:\php\htdocs\project\Application\Common\Model\PositionContentModel.class.php 第 5 行.
SQL: SHOW COLUMNS FROM `cms_position_content` [ RunTime:0.0030s ]
NOTIC: [8] Undefined index: title G:\php\htdocs\project\Application\Common\Model\PositionContentModel.class.php 第 28 行.
SQL: SELECT * FROM `cms_position_content` WHERE `status` = 1 AND `position_id` = 2 ORDER BY listorder desc, id desc LIMIT 1   [ RunTime:0.0004s ]
NOTIC: [8] Undefined index: title G:\php\htdocs\project\Application\Common\Model\PositionContentModel.class.php 第 28 行.
SQL: SELECT * FROM `cms_position_content` WHERE `status` = 1 AND `position_id` = 3 ORDER BY listorder desc, id desc LIMIT 3   [ RunTime:0.0003s ]
INFO: [ view_parse ] --START--
INFO: [ template_filter ] --START--
INFO: Run Behavior\ContentReplaceBehavior [ RunTime:0.000050s ]
INFO: [ template_filter ] --END-- [ RunTime:0.000100s ]
NOTIC: [2048] Declaration of Common\Model\BasicModel::save() should be compatible with Think\Model::save($data = '', $options = Array) G:\php\htdocs\project\Application\Common\Model\BasicModel.class.php 第 22 行.
NOTIC: [2048] Declaration of Common\Model\BasicModel::select() should be compatible with Think\Model::select($options = Array) G:\php\htdocs\project\Application\Common\Model\BasicModel.class.php 第 22 行.
NOTIC: [2048] Declaration of Common\Model\MenuModel::find() should be compatible with Think\Model::find($options = Array) G:\php\htdocs\project\Application\Common\Model\MenuModel.class.php 第 89 行.
SQL: SHOW COLUMNS FROM `cms_menu` [ RunTime:0.0035s ]
SQL: SELECT * FROM `cms_menu` WHERE `status` <> -1 AND `type` = 0 ORDER BY listorder desc, menu_id desc  [ RunTime:0.0004s ]
NOTIC: [8] Undefined index: catid G:\php\htdocs\project\Application\Runtime\Cache\Home\2a94b8bda04ff446dcedd42276fc99ee.php 第 23 行.
NOTIC: [8] Undefined index: catid G:\php\htdocs\project\Application\Runtime\Cache\Home\2a94b8bda04ff446dcedd42276fc99ee.php 第 24 行.
NOTIC: [8] Undefined index: catid G:\php\htdocs\project\Application\Runtime\Cache\Home\2a94b8bda04ff446dcedd42276fc99ee.php 第 24 行.
NOTIC: [8] Undefined index: catid G:\php\htdocs\project\Application\Runtime\Cache\Home\2a94b8bda04ff446dcedd42276fc99ee.php 第 24 行.
NOTIC: [8] Undefined index: topSmallPicNews G:\php\htdocs\project\Application\Runtime\Cache\Home\2a94b8bda04ff446dcedd42276fc99ee.php 第 40 行.
NOTIC: [8] Undefined index: topSmallPicNews G:\php\htdocs\project\Application\Runtime\Cache\Home\2a94b8bda04ff446dcedd42276fc99ee.php 第 40 行.
NOTIC: [8] Undefined index: topSmallPicNews G:\php\htdocs\project\Application\Runtime\Cache\Home\2a94b8bda04ff446dcedd42276fc99ee.php 第 40 行.
INFO: Run Behavior\ParseTemplateBehavior [ RunTime:0.015224s ]
INFO: [ view_parse ] --END-- [ RunTime:0.015304s ]
INFO: [ view_filter ] --START--
INFO: Run Behavior\WriteHtmlCacheBehavior [ RunTime:0.000316s ]
INFO: [ view_filter ] --END-- [ RunTime:0.000358s ]
INFO: [ app_end ] --START--
INFO: Run Behavior\ShowPageTraceBehavior [ RunTime:0.000642s ]
INFO: [ app_end ] --END-- [ RunTime:0.000685s ]

[ 2016-07-31T11:03:44+08:00 ] 127.0.0.1 /
INFO: [ app_init ] --START--
INFO: Run Behavior\BuildLiteBehavior [ RunTime:0.000013s ]
INFO: [ app_init ] --END-- [ RunTime:0.000343s ]
INFO: [ app_begin ] --START--
INFO: Run Behavior\ReadHtmlCacheBehavior [ RunTime:0.000437s ]
INFO: [ app_begin ] --END-- [ RunTime:0.000493s ]
NOTIC: [2048] Declaration of Common\Model\PositionContentModel::find() should be compatible with Think\Model::find($options = Array) G:\php\htdocs\project\Application\Common\Model\PositionContentModel.class.php 第 5 行.
SQL: SHOW COLUMNS FROM `cms_position_content` [ RunTime:0.0150s ]
NOTIC: [8] Undefined index: title G:\php\htdocs\project\Application\Common\Model\PositionContentModel.class.php 第 28 行.
SQL: SELECT * FROM `cms_position_content` WHERE `status` = 1 AND `position_id` = 2 ORDER BY listorder desc, id desc LIMIT 1   [ RunTime:0.0004s ]
NOTIC: [8] Undefined index: title G:\php\htdocs\project\Application\Common\Model\PositionContentModel.class.php 第 28 行.
SQL: SELECT * FROM `cms_position_content` WHERE `status` = 1 AND `position_id` = 3 ORDER BY listorder desc, id desc LIMIT 3   [ RunTime:0.0003s ]
INFO: [ view_parse ] --START--
INFO: [ template_filter ] --START--
INFO: Run Behavior\ContentReplaceBehavior [ RunTime:0.000070s ]
INFO: [ template_filter ] --END-- [ RunTime:0.000123s ]
NOTIC: [2048] Declaration of Common\Model\BasicModel::save() should be compatible with Think\Model::save($data = '', $options = Array) G:\php\htdocs\project\Application\Common\Model\BasicModel.class.php 第 22 行.
NOTIC: [2048] Declaration of Common\Model\BasicModel::select() should be compatible with Think\Model::select($options = Array) G:\php\htdocs\project\Application\Common\Model\BasicModel.class.php 第 22 行.
NOTIC: [2048] Declaration of Common\Model\MenuModel::find() should be compatible with Think\Model::find($options = Array) G:\php\htdocs\project\Application\Common\Model\MenuModel.class.php 第 89 行.
SQL: SHOW COLUMNS FROM `cms_menu` [ RunTime:0.0029s ]
SQL: SELECT * FROM `cms_menu` WHERE `status` <> -1 AND `type` = 0 ORDER BY listorder desc, menu_id desc  [ RunTime:0.0004s ]
NOTIC: [8] Undefined index: catid G:\php\htdocs\project\Application\Runtime\Cache\Home\2a94b8bda04ff446dcedd42276fc99ee.php 第 23 行.
NOTIC: [8] Undefined index: catid G:\php\htdocs\project\Application\Runtime\Cache\Home\2a94b8bda04ff446dcedd42276fc99ee.php 第 24 行.
NOTIC: [8] Undefined index: catid G:\php\htdocs\project\Application\Runtime\Cache\Home\2a94b8bda04ff446dcedd42276fc99ee.php 第 24 行.
NOTIC: [8] Undefined index: catid G:\php\htdocs\project\Application\Runtime\Cache\Home\2a94b8bda04ff446dcedd42276fc99ee.php 第 24 行.
NOTIC: [8] Undefined index: topSmallPicNews G:\php\htdocs\project\Application\Runtime\Cache\Home\2a94b8bda04ff446dcedd42276fc99ee.php 第 40 行.
NOTIC: [8] Undefined index: topSmallPicNews G:\php\htdocs\project\Application\Runtime\Cache\Home\2a94b8bda04ff446dcedd42276fc99ee.php 第 40 行.
NOTIC: [8] Undefined index: topSmallPicNews G:\php\htdocs\project\Application\Runtime\Cache\Home\2a94b8bda04ff446dcedd42276fc99ee.php 第 40 行.
INFO: Run Behavior\ParseTemplateBehavior [ RunTime:0.014445s ]
INFO: [ view_parse ] --END-- [ RunTime:0.014504s ]
INFO: [ view_filter ] --START--
INFO: Run Behavior\WriteHtmlCacheBehavior [ RunTime:0.000341s ]
INFO: [ view_filter ] --END-- [ RunTime:0.000382s ]
INFO: [ app_end ] --START--
INFO: Run Behavior\ShowPageTraceBehavior [ RunTime:0.000603s ]
INFO: [ app_end ] --END-- [ RunTime:0.000643s ]

[ 2016-07-31T11:04:02+08:00 ] 127.0.0.1 /
INFO: [ app_init ] --START--
INFO: Run Behavior\BuildLiteBehavior [ RunTime:0.000012s ]
INFO: [ app_init ] --END-- [ RunTime:0.000579s ]
INFO: [ app_begin ] --START--
INFO: Run Behavior\ReadHtmlCacheBehavior [ RunTime:0.001460s ]
INFO: [ app_begin ] --END-- [ RunTime:0.001512s ]
NOTIC: [2048] Declaration of Common\Model\PositionContentModel::find() should be compatible with Think\Model::find($options = Array) G:\php\htdocs\project\Application\Common\Model\PositionContentModel.class.php 第 5 行.
SQL: SHOW COLUMNS FROM `cms_position_content` [ RunTime:0.0029s ]
NOTIC: [8] Undefined index: title G:\php\htdocs\project\Application\Common\Model\PositionContentModel.class.php 第 28 行.
SQL: SELECT * FROM `cms_position_content` WHERE `status` = 1 AND `position_id` = 2 ORDER BY listorder desc, id desc LIMIT 1   [ RunTime:0.0007s ]
NOTIC: [8] Undefined index: title G:\php\htdocs\project\Application\Common\Model\PositionContentModel.class.php 第 28 行.
SQL: SELECT * FROM `cms_position_content` WHERE `status` = 1 AND `position_id` = 3 ORDER BY listorder desc, id desc LIMIT 3   [ RunTime:0.0006s ]
INFO: [ view_parse ] --START--
INFO: [ template_filter ] --START--
INFO: Run Behavior\ContentReplaceBehavior [ RunTime:0.000048s ]
INFO: [ template_filter ] --END-- [ RunTime:0.000094s ]
NOTIC: [2048] Declaration of Common\Model\BasicModel::save() should be compatible with Think\Model::save($data = '', $options = Array) G:\php\htdocs\project\Application\Common\Model\BasicModel.class.php 第 22 行.
NOTIC: [2048] Declaration of Common\Model\BasicModel::select() should be compatible with Think\Model::select($options = Array) G:\php\htdocs\project\Application\Common\Model\BasicModel.class.php 第 22 行.
NOTIC: [2048] Declaration of Common\Model\MenuModel::find() should be compatible with Think\Model::find($options = Array) G:\php\htdocs\project\Application\Common\Model\MenuModel.class.php 第 89 行.
SQL: SHOW COLUMNS FROM `cms_menu` [ RunTime:0.0028s ]
SQL: SELECT * FROM `cms_menu` WHERE `status` <> -1 AND `type` = 0 ORDER BY listorder desc, menu_id desc  [ RunTime:0.0003s ]
NOTIC: [8] Undefined index: catid G:\php\htdocs\project\Application\Runtime\Cache\Home\2a94b8bda04ff446dcedd42276fc99ee.php 第 23 行.
NOTIC: [8] Undefined index: catid G:\php\htdocs\project\Application\Runtime\Cache\Home\2a94b8bda04ff446dcedd42276fc99ee.php 第 24 行.
NOTIC: [8] Undefined index: catid G:\php\htdocs\project\Application\Runtime\Cache\Home\2a94b8bda04ff446dcedd42276fc99ee.php 第 24 行.
NOTIC: [8] Undefined index: catid G:\php\htdocs\project\Application\Runtime\Cache\Home\2a94b8bda04ff446dcedd42276fc99ee.php 第 24 行.
NOTIC: [8] Undefined index: topSmallPicNews G:\php\htdocs\project\Application\Runtime\Cache\Home\2a94b8bda04ff446dcedd42276fc99ee.php 第 40 行.
NOTIC: [8] Undefined index: topSmallPicNews G:\php\htdocs\project\Application\Runtime\Cache\Home\2a94b8bda04ff446dcedd42276fc99ee.php 第 40 行.
NOTIC: [8] Undefined index: topSmallPicNews G:\php\htdocs\project\Application\Runtime\Cache\Home\2a94b8bda04ff446dcedd42276fc99ee.php 第 40 行.
INFO: Run Behavior\ParseTemplateBehavior [ RunTime:0.021263s ]
INFO: [ view_parse ] --END-- [ RunTime:0.021323s ]
INFO: [ view_filter ] --START--
INFO: Run Behavior\WriteHtmlCacheBehavior [ RunTime:0.001507s ]
INFO: [ view_filter ] --END-- [ RunTime:0.001551s ]
INFO: [ app_end ] --START--
INFO: Run Behavior\ShowPageTraceBehavior [ RunTime:0.001542s ]
INFO: [ app_end ] --END-- [ RunTime:0.001584s ]

[ 2016-07-31T11:04:15+08:00 ] 127.0.0.1 /
INFO: [ app_init ] --START--
INFO: Run Behavior\BuildLiteBehavior [ RunTime:0.000014s ]
INFO: [ app_init ] --END-- [ RunTime:0.000587s ]
INFO: [ app_begin ] --START--
INFO: Run Behavior\ReadHtmlCacheBehavior [ RunTime:0.001413s ]
INFO: [ app_begin ] --END-- [ RunTime:0.001463s ]
NOTIC: [2048] Declaration of Common\Model\PositionContentModel::find() should be compatible with Think\Model::find($options = Array) G:\php\htdocs\project\Application\Common\Model\PositionContentModel.class.php 第 5 行.
SQL: SHOW COLUMNS FROM `cms_position_content` [ RunTime:0.0031s ]
NOTIC: [8] Undefined index: title G:\php\htdocs\project\Application\Common\Model\PositionContentModel.class.php 第 28 行.
SQL: SELECT * FROM `cms_position_content` WHERE `status` = 1 AND `position_id` = 2 ORDER BY listorder desc, id desc LIMIT 1   [ RunTime:0.0004s ]
NOTIC: [8] Undefined index: title G:\php\htdocs\project\Application\Common\Model\PositionContentModel.class.php 第 28 行.
SQL: SELECT * FROM `cms_position_content` WHERE `status` = 1 AND `position_id` = 3 ORDER BY listorder desc, id desc LIMIT 3   [ RunTime:0.0004s ]
INFO: [ view_parse ] --START--
INFO: [ template_filter ] --START--
INFO: Run Behavior\ContentReplaceBehavior [ RunTime:0.000048s ]
INFO: [ template_filter ] --END-- [ RunTime:0.000098s ]
NOTIC: [2048] Declaration of Common\Model\BasicModel::save() should be compatible with Think\Model::save($data = '', $options = Array) G:\php\htdocs\project\Application\Common\Model\BasicModel.class.php 第 22 行.
NOTIC: [2048] Declaration of Common\Model\BasicModel::select() should be compatible with Think\Model::select($options = Array) G:\php\htdocs\project\Application\Common\Model\BasicModel.class.php 第 22 行.
NOTIC: [2048] Declaration of Common\Model\MenuModel::find() should be compatible with Think\Model::find($options = Array) G:\php\htdocs\project\Application\Common\Model\MenuModel.class.php 第 89 行.
SQL: SHOW COLUMNS FROM `cms_menu` [ RunTime:0.0030s ]
SQL: SELECT * FROM `cms_menu` WHERE `status` <> -1 AND `type` = 0 ORDER BY listorder desc, menu_id desc  [ RunTime:0.0004s ]
NOTIC: [8] Undefined index: catid G:\php\htdocs\project\Application\Runtime\Cache\Home\2a94b8bda04ff446dcedd42276fc99ee.php 第 23 行.
NOTIC: [8] Undefined index: catid G:\php\htdocs\project\Application\Runtime\Cache\Home\2a94b8bda04ff446dcedd42276fc99ee.php 第 24 行.
NOTIC: [8] Undefined index: catid G:\php\htdocs\project\Application\Runtime\Cache\Home\2a94b8bda04ff446dcedd42276fc99ee.php 第 24 行.
NOTIC: [8] Undefined index: catid G:\php\htdocs\project\Application\Runtime\Cache\Home\2a94b8bda04ff446dcedd42276fc99ee.php 第 24 行.
NOTIC: [8] Undefined index: topSmallPicNews G:\php\htdocs\project\Application\Runtime\Cache\Home\2a94b8bda04ff446dcedd42276fc99ee.php 第 40 行.
NOTIC: [8] Undefined index: topSmallPicNews G:\php\htdocs\project\Application\Runtime\Cache\Home\2a94b8bda04ff446dcedd42276fc99ee.php 第 40 行.
NOTIC: [8] Undefined index: topSmallPicNews G:\php\htdocs\project\Application\Runtime\Cache\Home\2a94b8bda04ff446dcedd42276fc99ee.php 第 40 行.
INFO: Run Behavior\ParseTemplateBehavior [ RunTime:0.020531s ]
INFO: [ view_parse ] --END-- [ RunTime:0.020589s ]
INFO: [ view_filter ] --START--
INFO: Run Behavior\WriteHtmlCacheBehavior [ RunTime:0.001526s ]
INFO: [ view_filter ] --END-- [ RunTime:0.001575s ]
INFO: [ app_end ] --START--
INFO: Run Behavior\ShowPageTraceBehavior [ RunTime:0.001462s ]
INFO: [ app_end ] --END-- [ RunTime:0.001503s ]

[ 2016-07-31T11:04:29+08:00 ] 127.0.0.1 /
INFO: [ app_init ] --START--
INFO: Run Behavior\BuildLiteBehavior [ RunTime:0.000014s ]
INFO: [ app_init ] --END-- [ RunTime:0.000626s ]
INFO: [ app_begin ] --START--
INFO: Run Behavior\ReadHtmlCacheBehavior [ RunTime:0.001433s ]
INFO: [ app_begin ] --END-- [ RunTime:0.001482s ]
NOTIC: [2048] Declaration of Common\Model\PositionContentModel::find() should be compatible with Think\Model::find($options = Array) G:\php\htdocs\project\Application\Common\Model\PositionContentModel.class.php 第 5 行.
SQL: SHOW COLUMNS FROM `cms_position_content` [ RunTime:0.0030s ]
NOTIC: [8] Undefined index: title G:\php\htdocs\project\Application\Common\Model\PositionContentModel.class.php 第 28 行.
SQL: SELECT * FROM `cms_position_content` WHERE `status` = 1 AND `position_id` = 2 ORDER BY listorder desc, id desc LIMIT 1   [ RunTime:0.0004s ]
NOTIC: [8] Undefined index: title G:\php\htdocs\project\Application\Common\Model\PositionContentModel.class.php 第 28 行.
SQL: SELECT * FROM `cms_position_content` WHERE `status` = 1 AND `position_id` = 3 ORDER BY listorder desc, id desc LIMIT 3   [ RunTime:0.0003s ]
INFO: [ view_parse ] --START--
INFO: [ template_filter ] --START--
INFO: Run Behavior\ContentReplaceBehavior [ RunTime:0.000049s ]
INFO: [ template_filter ] --END-- [ RunTime:0.000098s ]
NOTIC: [2048] Declaration of Common\Model\BasicModel::save() should be compatible with Think\Model::save($data = '', $options = Array) G:\php\htdocs\project\Application\Common\Model\BasicModel.class.php 第 22 行.
NOTIC: [2048] Declaration of Common\Model\BasicModel::select() should be compatible with Think\Model::select($options = Array) G:\php\htdocs\project\Application\Common\Model\BasicModel.class.php 第 22 行.
NOTIC: [2048] Declaration of Common\Model\MenuModel::find() should be compatible with Think\Model::find($options = Array) G:\php\htdocs\project\Application\Common\Model\MenuModel.class.php 第 89 行.
SQL: SHOW COLUMNS FROM `cms_menu` [ RunTime:0.0034s ]
SQL: SELECT * FROM `cms_menu` WHERE `status` <> -1 AND `type` = 0 ORDER BY listorder desc, menu_id desc  [ RunTime:0.0004s ]
NOTIC: [8] Undefined index: catid G:\php\htdocs\project\Application\Runtime\Cache\Home\2a94b8bda04ff446dcedd42276fc99ee.php 第 23 行.
NOTIC: [8] Undefined index: catid G:\php\htdocs\project\Application\Runtime\Cache\Home\2a94b8bda04ff446dcedd42276fc99ee.php 第 24 行.
NOTIC: [8] Undefined index: catid G:\php\htdocs\project\Application\Runtime\Cache\Home\2a94b8bda04ff446dcedd42276fc99ee.php 第 24 行.
NOTIC: [8] Undefined index: catid G:\php\htdocs\project\Application\Runtime\Cache\Home\2a94b8bda04ff446dcedd42276fc99ee.php 第 24 行.
NOTIC: [8] Undefined index: topSmallPicNews G:\php\htdocs\project\Application\Runtime\Cache\Home\2a94b8bda04ff446dcedd42276fc99ee.php 第 40 行.
NOTIC: [8] Undefined index: topSmallPicNews G:\php\htdocs\project\Application\Runtime\Cache\Home\2a94b8bda04ff446dcedd42276fc99ee.php 第 40 行.
NOTIC: [8] Undefined index: topSmallPicNews G:\php\htdocs\project\Application\Runtime\Cache\Home\2a94b8bda04ff446dcedd42276fc99ee.php 第 40 行.
INFO: Run Behavior\ParseTemplateBehavior [ RunTime:0.021438s ]
INFO: [ view_parse ] --END-- [ RunTime:0.021524s ]
INFO: [ view_filter ] --START--
INFO: Run Behavior\WriteHtmlCacheBehavior [ RunTime:0.001413s ]
INFO: [ view_filter ] --END-- [ RunTime:0.001453s ]
INFO: [ app_end ] --START--
INFO: Run Behavior\ShowPageTraceBehavior [ RunTime:0.001477s ]
INFO: [ app_end ] --END-- [ RunTime:0.001519s ]

[ 2016-07-31T11:05:26+08:00 ] 127.0.0.1 /
INFO: [ app_init ] --START--
INFO: Run Behavior\BuildLiteBehavior [ RunTime:0.000019s ]
INFO: [ app_init ] --END-- [ RunTime:0.000950s ]
INFO: [ app_begin ] --START--
INFO: Run Behavior\ReadHtmlCacheBehavior [ RunTime:0.000670s ]
INFO: [ app_begin ] --END-- [ RunTime:0.000728s ]
NOTIC: [2048] Declaration of Common\Model\PositionContentModel::find() should be compatible with Think\Model::find($options = Array) G:\php\htdocs\project\Application\Common\Model\PositionContentModel.class.php 第 5 行.
SQL: SHOW COLUMNS FROM `cms_position_content` [ RunTime:0.0039s ]
NOTIC: [8] Undefined index: title G:\php\htdocs\project\Application\Common\Model\PositionContentModel.class.php 第 28 行.
SQL: SELECT * FROM `cms_position_content` WHERE `status` = 1 AND `position_id` = 2 ORDER BY listorder desc, id desc LIMIT 1   [ RunTime:0.0004s ]
NOTIC: [8] Undefined index: title G:\php\htdocs\project\Application\Common\Model\PositionContentModel.class.php 第 28 行.
SQL: SELECT * FROM `cms_position_content` WHERE `status` = 1 AND `position_id` = 3 ORDER BY listorder desc, id desc LIMIT 3   [ RunTime:0.0003s ]
INFO: [ view_parse ] --START--
INFO: [ template_filter ] --START--
INFO: Run Behavior\ContentReplaceBehavior [ RunTime:0.000057s ]
INFO: [ template_filter ] --END-- [ RunTime:0.000120s ]
NOTIC: [2048] Declaration of Common\Model\BasicModel::save() should be compatible with Think\Model::save($data = '', $options = Array) G:\php\htdocs\project\Application\Common\Model\BasicModel.class.php 第 22 行.
NOTIC: [2048] Declaration of Common\Model\BasicModel::select() should be compatible with Think\Model::select($options = Array) G:\php\htdocs\project\Application\Common\Model\BasicModel.class.php 第 22 行.
NOTIC: [2048] Declaration of Common\Model\MenuModel::find() should be compatible with Think\Model::find($options = Array) G:\php\htdocs\project\Application\Common\Model\MenuModel.class.php 第 89 行.
SQL: SHOW COLUMNS FROM `cms_menu` [ RunTime:0.0032s ]
SQL: SELECT * FROM `cms_menu` WHERE `status` <> -1 AND `type` = 0 ORDER BY listorder desc, menu_id desc  [ RunTime:0.0004s ]
NOTIC: [8] Undefined index: catid G:\php\htdocs\project\Application\Runtime\Cache\Home\2a94b8bda04ff446dcedd42276fc99ee.php 第 23 行.
NOTIC: [8] Undefined index: catid G:\php\htdocs\project\Application\Runtime\Cache\Home\2a94b8bda04ff446dcedd42276fc99ee.php 第 24 行.
NOTIC: [8] Undefined index: catid G:\php\htdocs\project\Application\Runtime\Cache\Home\2a94b8bda04ff446dcedd42276fc99ee.php 第 24 行.
NOTIC: [8] Undefined index: catid G:\php\htdocs\project\Application\Runtime\Cache\Home\2a94b8bda04ff446dcedd42276fc99ee.php 第 24 行.
NOTIC: [8] Undefined index: topSmallPicNews G:\php\htdocs\project\Application\Runtime\Cache\Home\2a94b8bda04ff446dcedd42276fc99ee.php 第 40 行.
NOTIC: [8] Undefined index: topSmallPicNews G:\php\htdocs\project\Application\Runtime\Cache\Home\2a94b8bda04ff446dcedd42276fc99ee.php 第 40 行.
NOTIC: [8] Undefined index: topSmallPicNews G:\php\htdocs\project\Application\Runtime\Cache\Home\2a94b8bda04ff446dcedd42276fc99ee.php 第 40 行.
INFO: Run Behavior\ParseTemplateBehavior [ RunTime:0.015339s ]
INFO: [ view_parse ] --END-- [ RunTime:0.015400s ]
INFO: [ view_filter ] --START--
INFO: Run Behavior\WriteHtmlCacheBehavior [ RunTime:0.000521s ]
INFO: [ view_filter ] --END-- [ RunTime:0.000587s ]
INFO: [ app_end ] --START--
INFO: Run Behavior\ShowPageTraceBehavior [ RunTime:0.000927s ]
INFO: [ app_end ] --END-- [ RunTime:0.000989s ]

