[ 2016-08-04T10:18:28+08:00 ] 127.0.0.1 /index.php?m=&&c=login
INFO: [ app_init ] --START--
INFO: Run Behavior\BuildLiteBehavior [ RunTime:0.000021s ]
INFO: [ app_init ] --END-- [ RunTime:0.000685s ]
INFO: [ app_begin ] --START--
INFO: Run Behavior\ReadHtmlCacheBehavior [ RunTime:0.000700s ]
INFO: [ app_begin ] --END-- [ RunTime:0.000812s ]
ERR: 无法加载控制器:Login

[ 2016-08-04T10:18:50+08:00 ] 127.0.0.1 /index.php?m=&&c=login
INFO: [ app_init ] --START--
INFO: Run Behavior\BuildLiteBehavior [ RunTime:0.000018s ]
INFO: [ app_init ] --END-- [ RunTime:0.000688s ]
INFO: [ app_begin ] --START--
INFO: Run Behavior\ReadHtmlCacheBehavior [ RunTime:0.000659s ]
INFO: [ app_begin ] --END-- [ RunTime:0.000729s ]
ERR: 无法加载控制器:Login

[ 2016-08-04T10:18:53+08:00 ] 127.0.0.1 /index.php?m=&&c=login
INFO: [ app_init ] --START--
INFO: Run Behavior\BuildLiteBehavior [ RunTime:0.000015s ]
INFO: [ app_init ] --END-- [ RunTime:0.000388s ]
INFO: [ app_begin ] --START--
INFO: Run Behavior\ReadHtmlCacheBehavior [ RunTime:0.000481s ]
INFO: [ app_begin ] --END-- [ RunTime:0.000538s ]
ERR: 无法加载控制器:Login

[ 2016-08-04T10:19:16+08:00 ] 127.0.0.1 /
INFO: [ app_init ] --START--
INFO: Run Behavior\BuildLiteBehavior [ RunTime:0.000015s ]
INFO: [ app_init ] --END-- [ RunTime:0.000451s ]
INFO: [ app_begin ] --START--
INFO: Run Behavior\ReadHtmlCacheBehavior [ RunTime:0.001166s ]
INFO: [ app_begin ] --END-- [ RunTime:0.001272s ]
NOTIC: [2048] Declaration of Home\Controller\CommonController::error() should be compatible with Think\Controller::error($message = '', $jumpUrl = '', $ajax = false) G:\php\htdocs\project\Application\Home\Controller\CommonController.class.php 第 20 行.
NOTIC: [2048] Declaration of Common\Model\NewsModel::find() should be compatible with Think\Model::find($options = Array) G:\php\htdocs\project\Application\Common\Model\NewsModel.class.php 第 5 行.
SQL: SHOW COLUMNS FROM `cms_news` [ RunTime:0.0630s ]
SQL: SELECT * FROM `cms_news` WHERE `status` = 1 ORDER BY count desc, news_id desc LIMIT 10   [ RunTime:0.0011s ]
NOTIC: [2048] Declaration of Common\Model\PositionContentModel::find() should be compatible with Think\Model::find($options = Array) G:\php\htdocs\project\Application\Common\Model\PositionContentModel.class.php 第 73 行.
SQL: SHOW COLUMNS FROM `cms_position_content` [ RunTime:0.0565s ]
NOTIC: [8] Undefined index: title G:\php\htdocs\project\Application\Common\Model\PositionContentModel.class.php 第 28 行.
SQL: SELECT * FROM `cms_position_content` WHERE `status` = 1 AND `position_id` = 2 ORDER BY listorder desc, id desc LIMIT 3   [ RunTime:0.0009s ]
NOTIC: [8] Undefined index: title G:\php\htdocs\project\Application\Common\Model\PositionContentModel.class.php 第 28 行.
SQL: SELECT * FROM `cms_position_content` WHERE `status` = 1 AND `position_id` = 3 ORDER BY listorder desc, id desc LIMIT 3   [ RunTime:0.0006s ]
SQL: SELECT * FROM `cms_news` WHERE `status` = 1 AND `thumb` <> '' LIMIT 30   [ RunTime:0.0010s ]
NOTIC: [8] Undefined index: title G:\php\htdocs\project\Application\Common\Model\PositionContentModel.class.php 第 28 行.
SQL: SELECT * FROM `cms_position_content` WHERE `status` = 1 AND `position_id` = 5 ORDER BY listorder desc, id desc LIMIT 2   [ RunTime:0.0007s ]
INFO: [ view_parse ] --START--
INFO: [ template_filter ] --START--
INFO: Run Behavior\ContentReplaceBehavior [ RunTime:0.000126s ]
INFO: [ template_filter ] --END-- [ RunTime:0.000242s ]
NOTIC: [2048] Declaration of Common\Model\BasicModel::save() should be compatible with Think\Model::save($data = '', $options = Array) G:\php\htdocs\project\Application\Common\Model\BasicModel.class.php 第 22 行.
NOTIC: [2048] Declaration of Common\Model\BasicModel::select() should be compatible with Think\Model::select($options = Array) G:\php\htdocs\project\Application\Common\Model\BasicModel.class.php 第 22 行.
NOTIC: [2048] Declaration of Common\Model\MenuModel::find() should be compatible with Think\Model::find($options = Array) G:\php\htdocs\project\Application\Common\Model\MenuModel.class.php 第 89 行.
SQL: SHOW COLUMNS FROM `cms_menu` [ RunTime:0.0706s ]
SQL: SELECT * FROM `cms_menu` WHERE `status` <> -1 AND `type` = 0 ORDER BY listorder desc, menu_id desc  [ RunTime:0.0012s ]
NOTIC: [8] Undefined index: count G:\php\htdocs\project\Application\Runtime\Cache\Home\2a94b8bda04ff446dcedd42276fc99ee.php 第 37 行.
NOTIC: [8] Undefined index: desciption G:\php\htdocs\project\Application\Runtime\Cache\Home\2a94b8bda04ff446dcedd42276fc99ee.php 第 55 行.
NOTIC: [8] Undefined index: desciption G:\php\htdocs\project\Application\Runtime\Cache\Home\2a94b8bda04ff446dcedd42276fc99ee.php 第 55 行.
NOTIC: [8] Undefined index: desciption G:\php\htdocs\project\Application\Runtime\Cache\Home\2a94b8bda04ff446dcedd42276fc99ee.php 第 55 行.
NOTIC: [8] Undefined index: desciption G:\php\htdocs\project\Application\Runtime\Cache\Home\2a94b8bda04ff446dcedd42276fc99ee.php 第 55 行.
NOTIC: [8] Undefined index: desciption G:\php\htdocs\project\Application\Runtime\Cache\Home\2a94b8bda04ff446dcedd42276fc99ee.php 第 55 行.
NOTIC: [8] Undefined index: name G:\php\htdocs\project\Application\Runtime\Cache\Home\2a94b8bda04ff446dcedd42276fc99ee.php 第 79 行.
NOTIC: [8] Undefined index: name G:\php\htdocs\project\Application\Runtime\Cache\Home\2a94b8bda04ff446dcedd42276fc99ee.php 第 79 行.
INFO: Run Behavior\ParseTemplateBehavior [ RunTime:0.162031s ]
INFO: [ view_parse ] --END-- [ RunTime:0.162174s ]
INFO: [ view_filter ] --START--
INFO: Run Behavior\WriteHtmlCacheBehavior [ RunTime:0.008567s ]
INFO: [ view_filter ] --END-- [ RunTime:0.008788s ]
INFO: [ app_end ] --START--
INFO: Run Behavior\ShowPageTraceBehavior [ RunTime:0.021670s ]
INFO: [ app_end ] --END-- [ RunTime:0.021843s ]

[ 2016-08-04T10:19:17+08:00 ] 127.0.0.1 /index.php?c=index&a=getCount
INFO: [ app_init ] --START--
INFO: Run Behavior\BuildLiteBehavior [ RunTime:0.000021s ]
INFO: [ app_init ] --END-- [ RunTime:0.000500s ]
INFO: [ app_begin ] --START--
INFO: Run Behavior\ReadHtmlCacheBehavior [ RunTime:0.000655s ]
INFO: [ app_begin ] --END-- [ RunTime:0.000728s ]
NOTIC: [2048] Declaration of Home\Controller\CommonController::error() should be compatible with Think\Controller::error($message = '', $jumpUrl = '', $ajax = false) G:\php\htdocs\project\Application\Home\Controller\CommonController.class.php 第 20 行.
NOTIC: [2048] Declaration of Common\Model\NewsModel::find() should be compatible with Think\Model::find($options = Array) G:\php\htdocs\project\Application\Common\Model\NewsModel.class.php 第 5 行.
SQL: SHOW COLUMNS FROM `cms_news` [ RunTime:0.0041s ]
SQL: SELECT * FROM `cms_news` WHERE `news_id` IN ('25','21','22','23','24')  [ RunTime:0.0005s ]

