[ 2016-07-27T01:42:01+08:00 ] 127.0.0.1 /index.php?m=admin&c=login
INFO: [ app_init ] --START--
INFO: Run Behavior\BuildLiteBehavior [ RunTime:0.000014s ]
INFO: [ app_init ] --END-- [ RunTime:0.000431s ]
INFO: [ app_begin ] --START--
INFO: Run Behavior\ReadHtmlCacheBehavior [ RunTime:0.000584s ]
INFO: [ app_begin ] --END-- [ RunTime:0.000636s ]
INFO: [ view_parse ] --START--
INFO: [ template_filter ] --START--
INFO: Run Behavior\ContentReplaceBehavior [ RunTime:0.000046s ]
INFO: [ template_filter ] --END-- [ RunTime:0.000096s ]
INFO: Run Behavior\ParseTemplateBehavior [ RunTime:0.005640s ]
INFO: [ view_parse ] --END-- [ RunTime:0.005702s ]
INFO: [ view_filter ] --START--
INFO: Run Behavior\WriteHtmlCacheBehavior [ RunTime:0.000346s ]
INFO: [ view_filter ] --END-- [ RunTime:0.000384s ]
INFO: [ app_end ] --START--
INFO: Run Behavior\ShowPageTraceBehavior [ RunTime:0.000523s ]
INFO: [ app_end ] --END-- [ RunTime:0.000563s ]

[ 2016-07-27T01:42:02+08:00 ] 127.0.0.1 /index.php?m=admin&c=login
INFO: [ app_init ] --START--
INFO: Run Behavior\BuildLiteBehavior [ RunTime:0.000014s ]
INFO: [ app_init ] --END-- [ RunTime:0.000440s ]
INFO: [ app_begin ] --START--
INFO: Run Behavior\ReadHtmlCacheBehavior [ RunTime:0.000546s ]
INFO: [ app_begin ] --END-- [ RunTime:0.000595s ]
INFO: [ view_parse ] --START--
INFO: [ template_filter ] --START--
INFO: Run Behavior\ContentReplaceBehavior [ RunTime:0.000045s ]
INFO: [ template_filter ] --END-- [ RunTime:0.000103s ]
INFO: Run Behavior\ParseTemplateBehavior [ RunTime:0.005676s ]
INFO: [ view_parse ] --END-- [ RunTime:0.005747s ]
INFO: [ view_filter ] --START--
INFO: Run Behavior\WriteHtmlCacheBehavior [ RunTime:0.000517s ]
INFO: [ view_filter ] --END-- [ RunTime:0.000591s ]
INFO: [ app_end ] --START--
INFO: Run Behavior\ShowPageTraceBehavior [ RunTime:0.001121s ]
INFO: [ app_end ] --END-- [ RunTime:0.001237s ]

[ 2016-07-27T01:42:07+08:00 ] 127.0.0.1 /index.php?m=admin&c=login&a=check
INFO: [ app_init ] --START--
INFO: Run Behavior\BuildLiteBehavior [ RunTime:0.000016s ]
INFO: [ app_init ] --END-- [ RunTime:0.000400s ]
INFO: [ app_begin ] --START--
INFO: Run Behavior\ReadHtmlCacheBehavior [ RunTime:0.000512s ]
INFO: [ app_begin ] --END-- [ RunTime:0.000566s ]
SQL: SHOW COLUMNS FROM `cms_admin` [ RunTime:0.0214s ]
SQL: SELECT * FROM `cms_admin` WHERE ( username="admin" ) LIMIT 1   [ RunTime:0.0009s ]
NOTIC: [8] Use of undefined constant MD5_PRE - assumed 'MD5_PRE' G:\php\htdocs\project\Application\Common\Common\function.php 第 11 行.

[ 2016-07-27T01:42:09+08:00 ] 127.0.0.1 /index.php?m=admin&c=index
INFO: [ app_init ] --START--
INFO: Run Behavior\BuildLiteBehavior [ RunTime:0.000014s ]
INFO: [ app_init ] --END-- [ RunTime:0.000436s ]
INFO: [ app_begin ] --START--
INFO: Run Behavior\ReadHtmlCacheBehavior [ RunTime:0.000477s ]
INFO: [ app_begin ] --END-- [ RunTime:0.000535s ]
INFO: [ view_parse ] --START--
INFO: [ template_filter ] --START--
INFO: Run Behavior\ContentReplaceBehavior [ RunTime:0.000059s ]
INFO: [ template_filter ] --END-- [ RunTime:0.000110s ]
NOTIC: [2048] Declaration of Common\Model\MenuModel::find() should be compatible with Think\Model::find($options = Array) G:\php\htdocs\project\Application\Common\Model\MenuModel.class.php 第 5 行.
SQL: SHOW COLUMNS FROM `cms_menu` [ RunTime:0.0457s ]
SQL: SELECT * FROM `cms_menu` WHERE `status` <> -1 AND `type` = 1 ORDER BY listorder desc, menu_id desc  [ RunTime:0.0006s ]
NOTIC: [8] Undefined index: a G:\php\htdocs\project\Application\Common\Common\function.php 第 31 行.
NOTIC: [8] Undefined index: a G:\php\htdocs\project\Application\Common\Common\function.php 第 31 行.
NOTIC: [8] Undefined index: a G:\php\htdocs\project\Application\Common\Common\function.php 第 31 行.
NOTIC: [8] Undefined index: a G:\php\htdocs\project\Application\Common\Common\function.php 第 31 行.
NOTIC: [8] Undefined index: a G:\php\htdocs\project\Application\Common\Common\function.php 第 31 行.
NOTIC: [8] Undefined index: a G:\php\htdocs\project\Application\Common\Common\function.php 第 31 行.
NOTIC: [8] Undefined index: a G:\php\htdocs\project\Application\Common\Common\function.php 第 31 行.
INFO: Run Behavior\ParseTemplateBehavior [ RunTime:0.095238s ]
INFO: [ view_parse ] --END-- [ RunTime:0.095288s ]
INFO: [ view_filter ] --START--
INFO: Run Behavior\WriteHtmlCacheBehavior [ RunTime:0.000343s ]
INFO: [ view_filter ] --END-- [ RunTime:0.000385s ]
INFO: [ app_end ] --START--
INFO: Run Behavior\ShowPageTraceBehavior [ RunTime:0.000472s ]
INFO: [ app_end ] --END-- [ RunTime:0.000518s ]

[ 2016-07-27T01:42:12+08:00 ] 127.0.0.1 /admin.php?c=content
INFO: [ app_init ] --START--
INFO: Run Behavior\BuildLiteBehavior [ RunTime:0.000013s ]
INFO: [ app_init ] --END-- [ RunTime:0.000378s ]
INFO: [ app_begin ] --START--
INFO: Run Behavior\ReadHtmlCacheBehavior [ RunTime:0.000475s ]
INFO: [ app_begin ] --END-- [ RunTime:0.000530s ]
ERR: 无法加载控制器:Content

[ 2016-07-27T01:43:32+08:00 ] 127.0.0.1 /admin.php?c=content
INFO: [ app_init ] --START--
INFO: Run Behavior\BuildLiteBehavior [ RunTime:0.000016s ]
INFO: [ app_init ] --END-- [ RunTime:0.000408s ]
INFO: [ app_begin ] --START--
INFO: Run Behavior\ReadHtmlCacheBehavior [ RunTime:0.000486s ]
INFO: [ app_begin ] --END-- [ RunTime:0.000539s ]
INFO: [ view_parse ] --START--
INFO: [ template_filter ] --START--
INFO: Run Behavior\ContentReplaceBehavior [ RunTime:0.000068s ]
INFO: [ template_filter ] --END-- [ RunTime:0.000123s ]
NOTIC: [2048] Declaration of Common\Model\MenuModel::find() should be compatible with Think\Model::find($options = Array) G:\php\htdocs\project\Application\Common\Model\MenuModel.class.php 第 5 行.
SQL: SHOW COLUMNS FROM `cms_menu` [ RunTime:0.0029s ]
SQL: SELECT * FROM `cms_menu` WHERE `status` <> -1 AND `type` = 1 ORDER BY listorder desc, menu_id desc  [ RunTime:0.0004s ]
NOTIC: [8] Undefined index: a G:\php\htdocs\project\Application\Common\Common\function.php 第 31 行.
NOTIC: [8] Undefined index: a G:\php\htdocs\project\Application\Common\Common\function.php 第 31 行.
NOTIC: [8] Undefined index: a G:\php\htdocs\project\Application\Common\Common\function.php 第 31 行.
NOTIC: [8] Undefined index: a G:\php\htdocs\project\Application\Common\Common\function.php 第 31 行.
NOTIC: [8] Undefined index: a G:\php\htdocs\project\Application\Common\Common\function.php 第 31 行.
NOTIC: [8] Undefined index: a G:\php\htdocs\project\Application\Common\Common\function.php 第 31 行.
NOTIC: [8] Undefined index: a G:\php\htdocs\project\Application\Common\Common\function.php 第 31 行.
NOTIC: [8] Undefined variable: new G:\php\htdocs\project\Application\Runtime\Cache\Admin\ccc9ced3ad798311a07cb47b740981c5.php 第 155 行.
INFO: Run Behavior\ParseTemplateBehavior [ RunTime:0.022524s ]
INFO: [ view_parse ] --END-- [ RunTime:0.022573s ]
INFO: [ view_filter ] --START--
INFO: Run Behavior\WriteHtmlCacheBehavior [ RunTime:0.000314s ]
INFO: [ view_filter ] --END-- [ RunTime:0.000355s ]
INFO: [ app_end ] --START--
INFO: Run Behavior\ShowPageTraceBehavior [ RunTime:0.000471s ]
INFO: [ app_end ] --END-- [ RunTime:0.000512s ]

[ 2016-07-27T01:43:35+08:00 ] 127.0.0.1 /admin.php?c=menu
INFO: [ app_init ] --START--
INFO: Run Behavior\BuildLiteBehavior [ RunTime:0.000014s ]
INFO: [ app_init ] --END-- [ RunTime:0.000437s ]
INFO: [ app_begin ] --START--
INFO: Run Behavior\ReadHtmlCacheBehavior [ RunTime:0.000628s ]
INFO: [ app_begin ] --END-- [ RunTime:0.000686s ]
NOTIC: [8] Undefined index: p G:\php\htdocs\project\Application\Admin\Controller\MenuController.class.php 第 19 行.
NOTIC: [8] Undefined index: pageSize G:\php\htdocs\project\Application\Admin\Controller\MenuController.class.php 第 20 行.
NOTIC: [2048] Declaration of Common\Model\MenuModel::find() should be compatible with Think\Model::find($options = Array) G:\php\htdocs\project\Application\Common\Model\MenuModel.class.php 第 5 行.
SQL: SHOW COLUMNS FROM `cms_menu` [ RunTime:0.0030s ]
SQL: SELECT * FROM `cms_menu` WHERE `status` <> -1 ORDER BY listorder desc, menu_id desc LIMIT 0,3   [ RunTime:0.0004s ]
SQL: SELECT COUNT(*) AS tp_count FROM `cms_menu` WHERE `status` <> -1 LIMIT 1   [ RunTime:0.0002s ]
INFO: [ view_parse ] --START--
INFO: [ template_filter ] --START--
INFO: Run Behavior\ContentReplaceBehavior [ RunTime:0.000056s ]
INFO: [ template_filter ] --END-- [ RunTime:0.000108s ]
SQL: SELECT * FROM `cms_menu` WHERE `status` <> -1 AND `type` = 1 ORDER BY listorder desc, menu_id desc  [ RunTime:0.0005s ]
NOTIC: [8] Undefined index: a G:\php\htdocs\project\Application\Common\Common\function.php 第 31 行.
NOTIC: [8] Undefined index: a G:\php\htdocs\project\Application\Common\Common\function.php 第 31 行.
NOTIC: [8] Undefined index: a G:\php\htdocs\project\Application\Common\Common\function.php 第 31 行.
NOTIC: [8] Undefined index: a G:\php\htdocs\project\Application\Common\Common\function.php 第 31 行.
NOTIC: [8] Undefined index: a G:\php\htdocs\project\Application\Common\Common\function.php 第 31 行.
NOTIC: [8] Undefined index: a G:\php\htdocs\project\Application\Common\Common\function.php 第 31 行.
NOTIC: [8] Undefined index: a G:\php\htdocs\project\Application\Common\Common\function.php 第 31 行.
INFO: Run Behavior\ParseTemplateBehavior [ RunTime:0.011306s ]
INFO: [ view_parse ] --END-- [ RunTime:0.011353s ]
INFO: [ view_filter ] --START--
INFO: Run Behavior\WriteHtmlCacheBehavior [ RunTime:0.000386s ]
INFO: [ view_filter ] --END-- [ RunTime:0.000423s ]
INFO: [ app_end ] --START--
INFO: Run Behavior\ShowPageTraceBehavior [ RunTime:0.000575s ]
INFO: [ app_end ] --END-- [ RunTime:0.000632s ]

[ 2016-07-27T01:43:37+08:00 ] 127.0.0.1 /admin.php?c=content
INFO: [ app_init ] --START--
INFO: Run Behavior\BuildLiteBehavior [ RunTime:0.000013s ]
INFO: [ app_init ] --END-- [ RunTime:0.000380s ]
INFO: [ app_begin ] --START--
INFO: Run Behavior\ReadHtmlCacheBehavior [ RunTime:0.000533s ]
INFO: [ app_begin ] --END-- [ RunTime:0.000577s ]
INFO: [ view_parse ] --START--
INFO: [ template_filter ] --START--
INFO: Run Behavior\ContentReplaceBehavior [ RunTime:0.000054s ]
INFO: [ template_filter ] --END-- [ RunTime:0.000114s ]
NOTIC: [2048] Declaration of Common\Model\MenuModel::find() should be compatible with Think\Model::find($options = Array) G:\php\htdocs\project\Application\Common\Model\MenuModel.class.php 第 5 行.
SQL: SHOW COLUMNS FROM `cms_menu` [ RunTime:0.0029s ]
SQL: SELECT * FROM `cms_menu` WHERE `status` <> -1 AND `type` = 1 ORDER BY listorder desc, menu_id desc  [ RunTime:0.0004s ]
NOTIC: [8] Undefined index: a G:\php\htdocs\project\Application\Common\Common\function.php 第 31 行.
NOTIC: [8] Undefined index: a G:\php\htdocs\project\Application\Common\Common\function.php 第 31 行.
NOTIC: [8] Undefined index: a G:\php\htdocs\project\Application\Common\Common\function.php 第 31 行.
NOTIC: [8] Undefined index: a G:\php\htdocs\project\Application\Common\Common\function.php 第 31 行.
NOTIC: [8] Undefined index: a G:\php\htdocs\project\Application\Common\Common\function.php 第 31 行.
NOTIC: [8] Undefined index: a G:\php\htdocs\project\Application\Common\Common\function.php 第 31 行.
NOTIC: [8] Undefined index: a G:\php\htdocs\project\Application\Common\Common\function.php 第 31 行.
NOTIC: [8] Undefined variable: new G:\php\htdocs\project\Application\Runtime\Cache\Admin\ccc9ced3ad798311a07cb47b740981c5.php 第 155 行.
INFO: Run Behavior\ParseTemplateBehavior [ RunTime:0.021160s ]
INFO: [ view_parse ] --END-- [ RunTime:0.021206s ]
INFO: [ view_filter ] --START--
INFO: Run Behavior\WriteHtmlCacheBehavior [ RunTime:0.000415s ]
INFO: [ view_filter ] --END-- [ RunTime:0.000459s ]
INFO: [ app_end ] --START--
INFO: Run Behavior\ShowPageTraceBehavior [ RunTime:0.000537s ]
INFO: [ app_end ] --END-- [ RunTime:0.000577s ]

[ 2016-07-27T01:51:10+08:00 ] 127.0.0.1 /admin.php?c=content&a=add
INFO: [ app_init ] --START--
INFO: Run Behavior\BuildLiteBehavior [ RunTime:0.000015s ]
INFO: [ app_init ] --END-- [ RunTime:0.000461s ]
INFO: [ app_begin ] --START--
INFO: Run Behavior\ReadHtmlCacheBehavior [ RunTime:0.000647s ]
INFO: [ app_begin ] --END-- [ RunTime:0.000702s ]
INFO: [ view_parse ] --START--
INFO: [ template_filter ] --START--
INFO: Run Behavior\ContentReplaceBehavior [ RunTime:0.000062s ]
INFO: [ template_filter ] --END-- [ RunTime:0.000109s ]
NOTIC: [2048] Declaration of Common\Model\MenuModel::find() should be compatible with Think\Model::find($options = Array) G:\php\htdocs\project\Application\Common\Model\MenuModel.class.php 第 5 行.
SQL: SHOW COLUMNS FROM `cms_menu` [ RunTime:0.0330s ]
SQL: SELECT * FROM `cms_menu` WHERE `status` <> -1 AND `type` = 1 ORDER BY listorder desc, menu_id desc  [ RunTime:0.0004s ]
NOTIC: [8] Undefined index: a G:\php\htdocs\project\Application\Common\Common\function.php 第 31 行.
NOTIC: [8] Undefined index: a G:\php\htdocs\project\Application\Common\Common\function.php 第 31 行.
NOTIC: [8] Undefined index: a G:\php\htdocs\project\Application\Common\Common\function.php 第 31 行.
NOTIC: [8] Undefined index: a G:\php\htdocs\project\Application\Common\Common\function.php 第 31 行.
NOTIC: [8] Undefined index: a G:\php\htdocs\project\Application\Common\Common\function.php 第 31 行.
NOTIC: [8] Undefined index: a G:\php\htdocs\project\Application\Common\Common\function.php 第 31 行.
NOTIC: [8] Undefined index: a G:\php\htdocs\project\Application\Common\Common\function.php 第 31 行.
INFO: Run Behavior\ParseTemplateBehavior [ RunTime:0.051742s ]
INFO: [ view_parse ] --END-- [ RunTime:0.051792s ]
INFO: [ view_filter ] --START--
INFO: Run Behavior\WriteHtmlCacheBehavior [ RunTime:0.000455s ]
INFO: [ view_filter ] --END-- [ RunTime:0.000497s ]
INFO: [ app_end ] --START--
INFO: Run Behavior\ShowPageTraceBehavior [ RunTime:0.000699s ]
INFO: [ app_end ] --END-- [ RunTime:0.000764s ]

[ 2016-07-27T01:51:24+08:00 ] 127.0.0.1 /admin.php?c=image&a=ajaxuploadimage
INFO: [ app_init ] --START--
INFO: Run Behavior\BuildLiteBehavior [ RunTime:0.000014s ]
INFO: [ app_init ] --END-- [ RunTime:0.000384s ]
INFO: [ app_begin ] --START--
INFO: Run Behavior\ReadHtmlCacheBehavior [ RunTime:0.000978s ]
INFO: [ app_begin ] --END-- [ RunTime:0.001143s ]
ERR: 模板不存在:./Application/Admin/View/Image/ajaxuploadimage.html

[ 2016-07-27T01:51:34+08:00 ] 127.0.0.1 /admin.php?c=image&a=ajaxuploadimage
INFO: [ app_init ] --START--
INFO: Run Behavior\BuildLiteBehavior [ RunTime:0.000012s ]
INFO: [ app_init ] --END-- [ RunTime:0.000326s ]
INFO: [ app_begin ] --START--
INFO: Run Behavior\ReadHtmlCacheBehavior [ RunTime:0.000408s ]
INFO: [ app_begin ] --END-- [ RunTime:0.000463s ]
ERR: 模板不存在:./Application/Admin/View/Image/ajaxuploadimage.html

[ 2016-07-27T01:51:42+08:00 ] 127.0.0.1 /admin.php?c=image&a=ajaxuploadimage
INFO: [ app_init ] --START--
INFO: Run Behavior\BuildLiteBehavior [ RunTime:0.000022s ]
INFO: [ app_init ] --END-- [ RunTime:0.000720s ]
INFO: [ app_begin ] --START--
INFO: Run Behavior\ReadHtmlCacheBehavior [ RunTime:0.000433s ]
INFO: [ app_begin ] --END-- [ RunTime:0.000488s ]
ERR: 模板不存在:./Application/Admin/View/Image/ajaxuploadimage.html

[ 2016-07-27T01:52:35+08:00 ] 127.0.0.1 /admin.php?c=content&a=add
INFO: [ app_init ] --START--
INFO: Run Behavior\BuildLiteBehavior [ RunTime:0.000017s ]
INFO: [ app_init ] --END-- [ RunTime:0.000332s ]
INFO: [ app_begin ] --START--
INFO: Run Behavior\ReadHtmlCacheBehavior [ RunTime:0.000764s ]
INFO: [ app_begin ] --END-- [ RunTime:0.000858s ]
INFO: [ view_parse ] --START--
INFO: [ template_filter ] --START--
INFO: Run Behavior\ContentReplaceBehavior [ RunTime:0.000060s ]
INFO: [ template_filter ] --END-- [ RunTime:0.000106s ]
NOTIC: [2048] Declaration of Common\Model\MenuModel::find() should be compatible with Think\Model::find($options = Array) G:\php\htdocs\project\Application\Common\Model\MenuModel.class.php 第 5 行.
SQL: SHOW COLUMNS FROM `cms_menu` [ RunTime:0.0029s ]
SQL: SELECT * FROM `cms_menu` WHERE `status` <> -1 AND `type` = 1 ORDER BY listorder desc, menu_id desc  [ RunTime:0.0004s ]
NOTIC: [8] Undefined index: a G:\php\htdocs\project\Application\Common\Common\function.php 第 31 行.
NOTIC: [8] Undefined index: a G:\php\htdocs\project\Application\Common\Common\function.php 第 31 行.
NOTIC: [8] Undefined index: a G:\php\htdocs\project\Application\Common\Common\function.php 第 31 行.
NOTIC: [8] Undefined index: a G:\php\htdocs\project\Application\Common\Common\function.php 第 31 行.
NOTIC: [8] Undefined index: a G:\php\htdocs\project\Application\Common\Common\function.php 第 31 行.
NOTIC: [8] Undefined index: a G:\php\htdocs\project\Application\Common\Common\function.php 第 31 行.
NOTIC: [8] Undefined index: a G:\php\htdocs\project\Application\Common\Common\function.php 第 31 行.
INFO: Run Behavior\ParseTemplateBehavior [ RunTime:0.020769s ]
INFO: [ view_parse ] --END-- [ RunTime:0.020819s ]
INFO: [ view_filter ] --START--
INFO: Run Behavior\WriteHtmlCacheBehavior [ RunTime:0.000320s ]
INFO: [ view_filter ] --END-- [ RunTime:0.000362s ]
INFO: [ app_end ] --START--
INFO: Run Behavior\ShowPageTraceBehavior [ RunTime:0.000471s ]
INFO: [ app_end ] --END-- [ RunTime:0.000522s ]

[ 2016-07-27T01:52:41+08:00 ] 127.0.0.1 /admin.php?c=image&a=ajaxuploadimage
INFO: [ app_init ] --START--
INFO: Run Behavior\BuildLiteBehavior [ RunTime:0.000014s ]
INFO: [ app_init ] --END-- [ RunTime:0.000333s ]
INFO: [ app_begin ] --START--
INFO: Run Behavior\ReadHtmlCacheBehavior [ RunTime:0.000418s ]
INFO: [ app_begin ] --END-- [ RunTime:0.000466s ]
ERR: 模板不存在:./Application/Admin/View/Image/ajaxuploadimage.html

[ 2016-07-27T01:53:47+08:00 ] 127.0.0.1 /admin.php?c=content&a=add
INFO: [ app_init ] --START--
INFO: Run Behavior\BuildLiteBehavior [ RunTime:0.000013s ]
INFO: [ app_init ] --END-- [ RunTime:0.000364s ]
INFO: [ app_begin ] --START--
INFO: Run Behavior\ReadHtmlCacheBehavior [ RunTime:0.000510s ]
INFO: [ app_begin ] --END-- [ RunTime:0.000556s ]
INFO: [ view_parse ] --START--
INFO: [ template_filter ] --START--
INFO: Run Behavior\ContentReplaceBehavior [ RunTime:0.000064s ]
INFO: [ template_filter ] --END-- [ RunTime:0.000120s ]
NOTIC: [2048] Declaration of Common\Model\MenuModel::find() should be compatible with Think\Model::find($options = Array) G:\php\htdocs\project\Application\Common\Model\MenuModel.class.php 第 5 行.
SQL: SHOW COLUMNS FROM `cms_menu` [ RunTime:0.0030s ]
SQL: SELECT * FROM `cms_menu` WHERE `status` <> -1 AND `type` = 1 ORDER BY listorder desc, menu_id desc  [ RunTime:0.0004s ]
NOTIC: [8] Undefined index: a G:\php\htdocs\project\Application\Common\Common\function.php 第 31 行.
NOTIC: [8] Undefined index: a G:\php\htdocs\project\Application\Common\Common\function.php 第 31 行.
NOTIC: [8] Undefined index: a G:\php\htdocs\project\Application\Common\Common\function.php 第 31 行.
NOTIC: [8] Undefined index: a G:\php\htdocs\project\Application\Common\Common\function.php 第 31 行.
NOTIC: [8] Undefined index: a G:\php\htdocs\project\Application\Common\Common\function.php 第 31 行.
NOTIC: [8] Undefined index: a G:\php\htdocs\project\Application\Common\Common\function.php 第 31 行.
NOTIC: [8] Undefined index: a G:\php\htdocs\project\Application\Common\Common\function.php 第 31 行.
INFO: Run Behavior\ParseTemplateBehavior [ RunTime:0.021575s ]
INFO: [ view_parse ] --END-- [ RunTime:0.021616s ]
INFO: [ view_filter ] --START--
INFO: Run Behavior\WriteHtmlCacheBehavior [ RunTime:0.000389s ]
INFO: [ view_filter ] --END-- [ RunTime:0.000440s ]
INFO: [ app_end ] --START--
INFO: Run Behavior\ShowPageTraceBehavior [ RunTime:0.000558s ]
INFO: [ app_end ] --END-- [ RunTime:0.000608s ]

[ 2016-07-27T01:53:59+08:00 ] 127.0.0.1 /admin.php?c=content&a=add
INFO: [ app_init ] --START--
INFO: Run Behavior\BuildLiteBehavior [ RunTime:0.000014s ]
INFO: [ app_init ] --END-- [ RunTime:0.000379s ]
INFO: [ app_begin ] --START--
INFO: Run Behavior\ReadHtmlCacheBehavior [ RunTime:0.000479s ]
INFO: [ app_begin ] --END-- [ RunTime:0.000536s ]
INFO: [ view_parse ] --START--
INFO: [ template_filter ] --START--
INFO: Run Behavior\ContentReplaceBehavior [ RunTime:0.000073s ]
INFO: [ template_filter ] --END-- [ RunTime:0.000135s ]
NOTIC: [2048] Declaration of Common\Model\MenuModel::find() should be compatible with Think\Model::find($options = Array) G:\php\htdocs\project\Application\Common\Model\MenuModel.class.php 第 5 行.
SQL: SHOW COLUMNS FROM `cms_menu` [ RunTime:0.0030s ]
SQL: SELECT * FROM `cms_menu` WHERE `status` <> -1 AND `type` = 1 ORDER BY listorder desc, menu_id desc  [ RunTime:0.0004s ]
NOTIC: [8] Undefined index: a G:\php\htdocs\project\Application\Common\Common\function.php 第 31 行.
NOTIC: [8] Undefined index: a G:\php\htdocs\project\Application\Common\Common\function.php 第 31 行.
NOTIC: [8] Undefined index: a G:\php\htdocs\project\Application\Common\Common\function.php 第 31 行.
NOTIC: [8] Undefined index: a G:\php\htdocs\project\Application\Common\Common\function.php 第 31 行.
NOTIC: [8] Undefined index: a G:\php\htdocs\project\Application\Common\Common\function.php 第 31 行.
NOTIC: [8] Undefined index: a G:\php\htdocs\project\Application\Common\Common\function.php 第 31 行.
NOTIC: [8] Undefined index: a G:\php\htdocs\project\Application\Common\Common\function.php 第 31 行.
INFO: Run Behavior\ParseTemplateBehavior [ RunTime:0.022110s ]
INFO: [ view_parse ] --END-- [ RunTime:0.022159s ]
INFO: [ view_filter ] --START--
INFO: Run Behavior\WriteHtmlCacheBehavior [ RunTime:0.000292s ]
INFO: [ view_filter ] --END-- [ RunTime:0.000330s ]
INFO: [ app_end ] --START--
INFO: Run Behavior\ShowPageTraceBehavior [ RunTime:0.000509s ]
INFO: [ app_end ] --END-- [ RunTime:0.000557s ]

[ 2016-07-27T01:54:08+08:00 ] 127.0.0.1 /admin.php?c=image&a=ajaxuploadimage
INFO: [ app_init ] --START--
INFO: Run Behavior\BuildLiteBehavior [ RunTime:0.000049s ]
INFO: [ app_init ] --END-- [ RunTime:0.001030s ]
INFO: [ app_begin ] --START--
INFO: Run Behavior\ReadHtmlCacheBehavior [ RunTime:0.001016s ]
INFO: [ app_begin ] --END-- [ RunTime:0.001131s ]

[ 2016-07-27T01:57:27+08:00 ] 127.0.0.1 /admin.php?c=content&a=add
INFO: [ app_init ] --START--
INFO: Run Behavior\BuildLiteBehavior [ RunTime:0.000025s ]
INFO: [ app_init ] --END-- [ RunTime:0.000855s ]
INFO: [ app_begin ] --START--
INFO: Run Behavior\ReadHtmlCacheBehavior [ RunTime:0.000693s ]
INFO: [ app_begin ] --END-- [ RunTime:0.000779s ]
INFO: [ view_parse ] --START--
INFO: [ template_filter ] --START--
INFO: Run Behavior\ContentReplaceBehavior [ RunTime:0.000118s ]
INFO: [ template_filter ] --END-- [ RunTime:0.000190s ]
NOTIC: [2048] Declaration of Common\Model\MenuModel::find() should be compatible with Think\Model::find($options = Array) G:\php\htdocs\project\Application\Common\Model\MenuModel.class.php 第 5 行.
SQL: SHOW COLUMNS FROM `cms_menu` [ RunTime:0.0029s ]
SQL: SELECT * FROM `cms_menu` WHERE `status` <> -1 AND `type` = 1 ORDER BY listorder desc, menu_id desc  [ RunTime:0.0005s ]
NOTIC: [8] Undefined index: a G:\php\htdocs\project\Application\Common\Common\function.php 第 31 行.
NOTIC: [8] Undefined index: a G:\php\htdocs\project\Application\Common\Common\function.php 第 31 行.
NOTIC: [8] Undefined index: a G:\php\htdocs\project\Application\Common\Common\function.php 第 31 行.
NOTIC: [8] Undefined index: a G:\php\htdocs\project\Application\Common\Common\function.php 第 31 行.
NOTIC: [8] Undefined index: a G:\php\htdocs\project\Application\Common\Common\function.php 第 31 行.
NOTIC: [8] Undefined index: a G:\php\htdocs\project\Application\Common\Common\function.php 第 31 行.
NOTIC: [8] Undefined index: a G:\php\htdocs\project\Application\Common\Common\function.php 第 31 行.
INFO: Run Behavior\ParseTemplateBehavior [ RunTime:0.023133s ]
INFO: [ view_parse ] --END-- [ RunTime:0.023187s ]
INFO: [ view_filter ] --START--
INFO: Run Behavior\WriteHtmlCacheBehavior [ RunTime:0.000444s ]
INFO: [ view_filter ] --END-- [ RunTime:0.000486s ]
INFO: [ app_end ] --START--
INFO: Run Behavior\ShowPageTraceBehavior [ RunTime:0.000727s ]
INFO: [ app_end ] --END-- [ RunTime:0.000796s ]

[ 2016-07-27T01:57:35+08:00 ] 127.0.0.1 /admin.php?c=image&a=ajaxuploadimage
INFO: [ app_init ] --START--
INFO: Run Behavior\BuildLiteBehavior [ RunTime:0.000023s ]
INFO: [ app_init ] --END-- [ RunTime:0.000523s ]
INFO: [ app_begin ] --START--
INFO: Run Behavior\ReadHtmlCacheBehavior [ RunTime:0.000770s ]
INFO: [ app_begin ] --END-- [ RunTime:0.000872s ]
NOTIC: [8] Use of undefined constant Y - assumed 'Y' G:\php\htdocs\project\Application\Common\Model\UploadImageModel.class.php 第 19 行.
NOTIC: [8] Use of undefined constant m - assumed 'm' G:\php\htdocs\project\Application\Common\Model\UploadImageModel.class.php 第 19 行.
NOTIC: [8] Use of undefined constant d - assumed 'd' G:\php\htdocs\project\Application\Common\Model\UploadImageModel.class.php 第 19 行.
NOTIC: [2] call_user_func() expects parameter 1 to be a valid callback, no array or string given G:\php\htdocs\project\ThinkPHP\Library\Think\Upload.class.php 第 170 行.

[ 2016-07-27T01:58:03+08:00 ] 127.0.0.1 /admin.php?c=image&a=ajaxuploadimage
INFO: [ app_init ] --START--
INFO: Run Behavior\BuildLiteBehavior [ RunTime:0.000026s ]
INFO: [ app_init ] --END-- [ RunTime:0.001205s ]
INFO: [ app_begin ] --START--
INFO: Run Behavior\ReadHtmlCacheBehavior [ RunTime:0.001767s ]
INFO: [ app_begin ] --END-- [ RunTime:0.001840s ]
NOTIC: [8] Use of undefined constant Y - assumed 'Y' G:\php\htdocs\project\Application\Common\Model\UploadImageModel.class.php 第 19 行.
NOTIC: [8] Use of undefined constant m - assumed 'm' G:\php\htdocs\project\Application\Common\Model\UploadImageModel.class.php 第 19 行.
NOTIC: [8] Use of undefined constant d - assumed 'd' G:\php\htdocs\project\Application\Common\Model\UploadImageModel.class.php 第 19 行.
NOTIC: [2] call_user_func() expects parameter 1 to be a valid callback, no array or string given G:\php\htdocs\project\ThinkPHP\Library\Think\Upload.class.php 第 170 行.

[ 2016-07-27T02:00:54+08:00 ] 127.0.0.1 /admin.php?c=content&a=add
INFO: [ app_init ] --START--
INFO: Run Behavior\BuildLiteBehavior [ RunTime:0.000012s ]
INFO: [ app_init ] --END-- [ RunTime:0.000466s ]
INFO: [ app_begin ] --START--
INFO: Run Behavior\ReadHtmlCacheBehavior [ RunTime:0.000956s ]
INFO: [ app_begin ] --END-- [ RunTime:0.001013s ]
INFO: [ view_parse ] --START--
INFO: [ template_filter ] --START--
INFO: Run Behavior\ContentReplaceBehavior [ RunTime:0.000062s ]
INFO: [ template_filter ] --END-- [ RunTime:0.000149s ]
NOTIC: [2048] Declaration of Common\Model\MenuModel::find() should be compatible with Think\Model::find($options = Array) G:\php\htdocs\project\Application\Common\Model\MenuModel.class.php 第 5 行.
SQL: SHOW COLUMNS FROM `cms_menu` [ RunTime:0.0057s ]
SQL: SELECT * FROM `cms_menu` WHERE `status` <> -1 AND `type` = 1 ORDER BY listorder desc, menu_id desc  [ RunTime:0.0005s ]
NOTIC: [8] Undefined index: a G:\php\htdocs\project\Application\Common\Common\function.php 第 31 行.
NOTIC: [8] Undefined index: a G:\php\htdocs\project\Application\Common\Common\function.php 第 31 行.
NOTIC: [8] Undefined index: a G:\php\htdocs\project\Application\Common\Common\function.php 第 31 行.
NOTIC: [8] Undefined index: a G:\php\htdocs\project\Application\Common\Common\function.php 第 31 行.
NOTIC: [8] Undefined index: a G:\php\htdocs\project\Application\Common\Common\function.php 第 31 行.
NOTIC: [8] Undefined index: a G:\php\htdocs\project\Application\Common\Common\function.php 第 31 行.
NOTIC: [8] Undefined index: a G:\php\htdocs\project\Application\Common\Common\function.php 第 31 行.
INFO: Run Behavior\ParseTemplateBehavior [ RunTime:0.027099s ]
INFO: [ view_parse ] --END-- [ RunTime:0.027144s ]
INFO: [ view_filter ] --START--
INFO: Run Behavior\WriteHtmlCacheBehavior [ RunTime:0.000695s ]
INFO: [ view_filter ] --END-- [ RunTime:0.000736s ]
INFO: [ app_end ] --START--
INFO: Run Behavior\ShowPageTraceBehavior [ RunTime:0.001164s ]
INFO: [ app_end ] --END-- [ RunTime:0.001252s ]

[ 2016-07-27T02:00:59+08:00 ] 127.0.0.1 /admin.php?c=image&a=ajaxuploadimage
INFO: [ app_init ] --START--
INFO: Run Behavior\BuildLiteBehavior [ RunTime:0.000014s ]
INFO: [ app_init ] --END-- [ RunTime:0.000386s ]
INFO: [ app_begin ] --START--
INFO: Run Behavior\ReadHtmlCacheBehavior [ RunTime:0.001035s ]
INFO: [ app_begin ] --END-- [ RunTime:0.001127s ]
NOTIC: [8] Use of undefined constant Y - assumed 'Y' G:\php\htdocs\project\Application\Common\Model\UploadImageModel.class.php 第 19 行.
NOTIC: [8] Use of undefined constant m - assumed 'm' G:\php\htdocs\project\Application\Common\Model\UploadImageModel.class.php 第 19 行.
NOTIC: [8] Use of undefined constant d - assumed 'd' G:\php\htdocs\project\Application\Common\Model\UploadImageModel.class.php 第 19 行.
NOTIC: [2] call_user_func() expects parameter 1 to be a valid callback, no array or string given G:\php\htdocs\project\ThinkPHP\Library\Think\Upload.class.php 第 170 行.

[ 2016-07-27T02:01:12+08:00 ] 127.0.0.1 /admin.php?c=image&a=ajaxuploadimage
INFO: [ app_init ] --START--
INFO: Run Behavior\BuildLiteBehavior [ RunTime:0.000021s ]
INFO: [ app_init ] --END-- [ RunTime:0.000492s ]
INFO: [ app_begin ] --START--
INFO: Run Behavior\ReadHtmlCacheBehavior [ RunTime:0.002068s ]
INFO: [ app_begin ] --END-- [ RunTime:0.002343s ]
NOTIC: [8] Use of undefined constant Y - assumed 'Y' G:\php\htdocs\project\Application\Common\Model\UploadImageModel.class.php 第 19 行.
NOTIC: [8] Use of undefined constant m - assumed 'm' G:\php\htdocs\project\Application\Common\Model\UploadImageModel.class.php 第 19 行.
NOTIC: [8] Use of undefined constant d - assumed 'd' G:\php\htdocs\project\Application\Common\Model\UploadImageModel.class.php 第 19 行.
NOTIC: [2] call_user_func() expects parameter 1 to be a valid callback, no array or string given G:\php\htdocs\project\ThinkPHP\Library\Think\Upload.class.php 第 170 行.

[ 2016-07-27T02:01:55+08:00 ] 127.0.0.1 /admin.php?c=content&a=add
INFO: [ app_init ] --START--
INFO: Run Behavior\BuildLiteBehavior [ RunTime:0.000013s ]
INFO: [ app_init ] --END-- [ RunTime:0.000376s ]
INFO: [ app_begin ] --START--
INFO: Run Behavior\ReadHtmlCacheBehavior [ RunTime:0.000701s ]
INFO: [ app_begin ] --END-- [ RunTime:0.000748s ]
INFO: [ view_parse ] --START--
INFO: [ template_filter ] --START--
INFO: Run Behavior\ContentReplaceBehavior [ RunTime:0.000065s ]
INFO: [ template_filter ] --END-- [ RunTime:0.000119s ]
NOTIC: [2048] Declaration of Common\Model\MenuModel::find() should be compatible with Think\Model::find($options = Array) G:\php\htdocs\project\Application\Common\Model\MenuModel.class.php 第 5 行.
SQL: SHOW COLUMNS FROM `cms_menu` [ RunTime:0.0229s ]
SQL: SELECT * FROM `cms_menu` WHERE `status` <> -1 AND `type` = 1 ORDER BY listorder desc, menu_id desc  [ RunTime:0.0004s ]
NOTIC: [8] Undefined index: a G:\php\htdocs\project\Application\Common\Common\function.php 第 31 行.
NOTIC: [8] Undefined index: a G:\php\htdocs\project\Application\Common\Common\function.php 第 31 行.
NOTIC: [8] Undefined index: a G:\php\htdocs\project\Application\Common\Common\function.php 第 31 行.
NOTIC: [8] Undefined index: a G:\php\htdocs\project\Application\Common\Common\function.php 第 31 行.
NOTIC: [8] Undefined index: a G:\php\htdocs\project\Application\Common\Common\function.php 第 31 行.
NOTIC: [8] Undefined index: a G:\php\htdocs\project\Application\Common\Common\function.php 第 31 行.
NOTIC: [8] Undefined index: a G:\php\htdocs\project\Application\Common\Common\function.php 第 31 行.
INFO: Run Behavior\ParseTemplateBehavior [ RunTime:0.052778s ]
INFO: [ view_parse ] --END-- [ RunTime:0.052823s ]
INFO: [ view_filter ] --START--
INFO: Run Behavior\WriteHtmlCacheBehavior [ RunTime:0.000674s ]
INFO: [ view_filter ] --END-- [ RunTime:0.000715s ]
INFO: [ app_end ] --START--
INFO: Run Behavior\ShowPageTraceBehavior [ RunTime:0.000876s ]
INFO: [ app_end ] --END-- [ RunTime:0.000941s ]

[ 2016-07-27T02:02:00+08:00 ] 127.0.0.1 /admin.php?c=image&a=ajaxuploadimage
INFO: [ app_init ] --START--
INFO: Run Behavior\BuildLiteBehavior [ RunTime:0.000026s ]
INFO: [ app_init ] --END-- [ RunTime:0.000794s ]
INFO: [ app_begin ] --START--
INFO: Run Behavior\ReadHtmlCacheBehavior [ RunTime:0.000611s ]
INFO: [ app_begin ] --END-- [ RunTime:0.000674s ]
NOTIC: [8] Use of undefined constant Y - assumed 'Y' G:\php\htdocs\project\Application\Common\Model\UploadImageModel.class.php 第 19 行.
NOTIC: [8] Use of undefined constant m - assumed 'm' G:\php\htdocs\project\Application\Common\Model\UploadImageModel.class.php 第 19 行.
NOTIC: [8] Use of undefined constant d - assumed 'd' G:\php\htdocs\project\Application\Common\Model\UploadImageModel.class.php 第 19 行.
NOTIC: [2] call_user_func() expects parameter 1 to be a valid callback, no array or string given G:\php\htdocs\project\ThinkPHP\Library\Think\Upload.class.php 第 170 行.

[ 2016-07-27T02:34:03+08:00 ] 127.0.0.1 /admin.php?c=content&a=add
INFO: [ app_init ] --START--
INFO: Run Behavior\BuildLiteBehavior [ RunTime:0.000025s ]
INFO: [ app_init ] --END-- [ RunTime:0.000690s ]
INFO: [ app_begin ] --START--
INFO: Run Behavior\ReadHtmlCacheBehavior [ RunTime:0.000857s ]
INFO: [ app_begin ] --END-- [ RunTime:0.000935s ]
INFO: [ view_parse ] --START--
INFO: [ template_filter ] --START--
INFO: Run Behavior\ContentReplaceBehavior [ RunTime:0.000059s ]
INFO: [ template_filter ] --END-- [ RunTime:0.000106s ]
NOTIC: [2048] Declaration of Common\Model\MenuModel::find() should be compatible with Think\Model::find($options = Array) G:\php\htdocs\project\Application\Common\Model\MenuModel.class.php 第 5 行.
SQL: SHOW COLUMNS FROM `cms_menu` [ RunTime:0.0030s ]
SQL: SELECT * FROM `cms_menu` WHERE `status` <> -1 AND `type` = 1 ORDER BY listorder desc, menu_id desc  [ RunTime:0.0005s ]
NOTIC: [8] Undefined index: a G:\php\htdocs\project\Application\Common\Common\function.php 第 31 行.
NOTIC: [8] Undefined index: a G:\php\htdocs\project\Application\Common\Common\function.php 第 31 行.
NOTIC: [8] Undefined index: a G:\php\htdocs\project\Application\Common\Common\function.php 第 31 行.
NOTIC: [8] Undefined index: a G:\php\htdocs\project\Application\Common\Common\function.php 第 31 行.
NOTIC: [8] Undefined index: a G:\php\htdocs\project\Application\Common\Common\function.php 第 31 行.
NOTIC: [8] Undefined index: a G:\php\htdocs\project\Application\Common\Common\function.php 第 31 行.
NOTIC: [8] Undefined index: a G:\php\htdocs\project\Application\Common\Common\function.php 第 31 行.
INFO: Run Behavior\ParseTemplateBehavior [ RunTime:0.023671s ]
INFO: [ view_parse ] --END-- [ RunTime:0.023716s ]
INFO: [ view_filter ] --START--
INFO: Run Behavior\WriteHtmlCacheBehavior [ RunTime:0.000695s ]
INFO: [ view_filter ] --END-- [ RunTime:0.000736s ]
INFO: [ app_end ] --START--
INFO: Run Behavior\ShowPageTraceBehavior [ RunTime:0.000910s ]
INFO: [ app_end ] --END-- [ RunTime:0.000969s ]

[ 2016-07-27T02:34:12+08:00 ] 127.0.0.1 /admin.php?c=image&a=kindupload&dir=image
INFO: [ app_init ] --START--
INFO: Run Behavior\BuildLiteBehavior [ RunTime:0.000013s ]
INFO: [ app_init ] --END-- [ RunTime:0.000387s ]
INFO: [ app_begin ] --START--
INFO: Run Behavior\ReadHtmlCacheBehavior [ RunTime:0.000722s ]
INFO: [ app_begin ] --END-- [ RunTime:0.000803s ]

[ 2016-07-27T02:34:43+08:00 ] 127.0.0.1 /admin.php?c=content&a=add
INFO: [ app_init ] --START--
INFO: Run Behavior\BuildLiteBehavior [ RunTime:0.000028s ]
INFO: [ app_init ] --END-- [ RunTime:0.000755s ]
INFO: [ app_begin ] --START--
INFO: Run Behavior\ReadHtmlCacheBehavior [ RunTime:0.000589s ]
INFO: [ app_begin ] --END-- [ RunTime:0.000661s ]
INFO: [ view_parse ] --START--
INFO: [ template_filter ] --START--
INFO: Run Behavior\ContentReplaceBehavior [ RunTime:0.000094s ]
INFO: [ template_filter ] --END-- [ RunTime:0.000171s ]
NOTIC: [2048] Declaration of Common\Model\MenuModel::find() should be compatible with Think\Model::find($options = Array) G:\php\htdocs\project\Application\Common\Model\MenuModel.class.php 第 5 行.
SQL: SHOW COLUMNS FROM `cms_menu` [ RunTime:0.0029s ]
SQL: SELECT * FROM `cms_menu` WHERE `status` <> -1 AND `type` = 1 ORDER BY listorder desc, menu_id desc  [ RunTime:0.0005s ]
NOTIC: [8] Undefined index: a G:\php\htdocs\project\Application\Common\Common\function.php 第 31 行.
NOTIC: [8] Undefined index: a G:\php\htdocs\project\Application\Common\Common\function.php 第 31 行.
NOTIC: [8] Undefined index: a G:\php\htdocs\project\Application\Common\Common\function.php 第 31 行.
NOTIC: [8] Undefined index: a G:\php\htdocs\project\Application\Common\Common\function.php 第 31 行.
NOTIC: [8] Undefined index: a G:\php\htdocs\project\Application\Common\Common\function.php 第 31 行.
NOTIC: [8] Undefined index: a G:\php\htdocs\project\Application\Common\Common\function.php 第 31 行.
NOTIC: [8] Undefined index: a G:\php\htdocs\project\Application\Common\Common\function.php 第 31 行.
INFO: Run Behavior\ParseTemplateBehavior [ RunTime:0.024306s ]
INFO: [ view_parse ] --END-- [ RunTime:0.024355s ]
INFO: [ view_filter ] --START--
INFO: Run Behavior\WriteHtmlCacheBehavior [ RunTime:0.000438s ]
INFO: [ view_filter ] --END-- [ RunTime:0.000480s ]
INFO: [ app_end ] --START--
INFO: Run Behavior\ShowPageTraceBehavior [ RunTime:0.000581s ]
INFO: [ app_end ] --END-- [ RunTime:0.000630s ]

[ 2016-07-27T02:34:49+08:00 ] 127.0.0.1 /admin.php?c=image&a=kindupload&dir=image
INFO: [ app_init ] --START--
INFO: Run Behavior\BuildLiteBehavior [ RunTime:0.000014s ]
INFO: [ app_init ] --END-- [ RunTime:0.000342s ]
INFO: [ app_begin ] --START--
INFO: Run Behavior\ReadHtmlCacheBehavior [ RunTime:0.000746s ]
INFO: [ app_begin ] --END-- [ RunTime:0.000794s ]

[ 2016-07-27T02:35:40+08:00 ] 127.0.0.1 /admin.php?c=content&a=add
INFO: [ app_init ] --START--
INFO: Run Behavior\BuildLiteBehavior [ RunTime:0.000012s ]
INFO: [ app_init ] --END-- [ RunTime:0.000382s ]
INFO: [ app_begin ] --START--
INFO: Run Behavior\ReadHtmlCacheBehavior [ RunTime:0.000706s ]
INFO: [ app_begin ] --END-- [ RunTime:0.000756s ]
INFO: [ view_parse ] --START--
INFO: [ template_filter ] --START--
INFO: Run Behavior\ContentReplaceBehavior [ RunTime:0.000060s ]
INFO: [ template_filter ] --END-- [ RunTime:0.000121s ]
NOTIC: [2048] Declaration of Common\Model\MenuModel::find() should be compatible with Think\Model::find($options = Array) G:\php\htdocs\project\Application\Common\Model\MenuModel.class.php 第 5 行.
SQL: SHOW COLUMNS FROM `cms_menu` [ RunTime:0.0034s ]
SQL: SELECT * FROM `cms_menu` WHERE `status` <> -1 AND `type` = 1 ORDER BY listorder desc, menu_id desc  [ RunTime:0.0005s ]
NOTIC: [8] Undefined index: a G:\php\htdocs\project\Application\Common\Common\function.php 第 31 行.
NOTIC: [8] Undefined index: a G:\php\htdocs\project\Application\Common\Common\function.php 第 31 行.
NOTIC: [8] Undefined index: a G:\php\htdocs\project\Application\Common\Common\function.php 第 31 行.
NOTIC: [8] Undefined index: a G:\php\htdocs\project\Application\Common\Common\function.php 第 31 行.
NOTIC: [8] Undefined index: a G:\php\htdocs\project\Application\Common\Common\function.php 第 31 行.
NOTIC: [8] Undefined index: a G:\php\htdocs\project\Application\Common\Common\function.php 第 31 行.
NOTIC: [8] Undefined index: a G:\php\htdocs\project\Application\Common\Common\function.php 第 31 行.
INFO: Run Behavior\ParseTemplateBehavior [ RunTime:0.033184s ]
INFO: [ view_parse ] --END-- [ RunTime:0.033237s ]
INFO: [ view_filter ] --START--
INFO: Run Behavior\WriteHtmlCacheBehavior [ RunTime:0.000673s ]
INFO: [ view_filter ] --END-- [ RunTime:0.000715s ]
INFO: [ app_end ] --START--
INFO: Run Behavior\ShowPageTraceBehavior [ RunTime:0.000876s ]
INFO: [ app_end ] --END-- [ RunTime:0.000943s ]

[ 2016-07-27T02:35:45+08:00 ] 127.0.0.1 /admin.php?c=image&a=kindupload&dir=image
INFO: [ app_init ] --START--
INFO: Run Behavior\BuildLiteBehavior [ RunTime:0.000024s ]
INFO: [ app_init ] --END-- [ RunTime:0.000471s ]
INFO: [ app_begin ] --START--
INFO: Run Behavior\ReadHtmlCacheBehavior [ RunTime:0.000474s ]
INFO: [ app_begin ] --END-- [ RunTime:0.000526s ]

[ 2016-07-27T02:36:25+08:00 ] 127.0.0.1 /admin.php?c=content&a=add
INFO: [ app_init ] --START--
INFO: Run Behavior\BuildLiteBehavior [ RunTime:0.000024s ]
INFO: [ app_init ] --END-- [ RunTime:0.000666s ]
INFO: [ app_begin ] --START--
INFO: Run Behavior\ReadHtmlCacheBehavior [ RunTime:0.000535s ]
INFO: [ app_begin ] --END-- [ RunTime:0.000586s ]
INFO: [ view_parse ] --START--
INFO: [ template_filter ] --START--
INFO: Run Behavior\ContentReplaceBehavior [ RunTime:0.000063s ]
INFO: [ template_filter ] --END-- [ RunTime:0.000114s ]
NOTIC: [2048] Declaration of Common\Model\MenuModel::find() should be compatible with Think\Model::find($options = Array) G:\php\htdocs\project\Application\Common\Model\MenuModel.class.php 第 5 行.
SQL: SHOW COLUMNS FROM `cms_menu` [ RunTime:0.0030s ]
SQL: SELECT * FROM `cms_menu` WHERE `status` <> -1 AND `type` = 1 ORDER BY listorder desc, menu_id desc  [ RunTime:0.0006s ]
NOTIC: [8] Undefined index: a G:\php\htdocs\project\Application\Common\Common\function.php 第 31 行.
NOTIC: [8] Undefined index: a G:\php\htdocs\project\Application\Common\Common\function.php 第 31 行.
NOTIC: [8] Undefined index: a G:\php\htdocs\project\Application\Common\Common\function.php 第 31 行.
NOTIC: [8] Undefined index: a G:\php\htdocs\project\Application\Common\Common\function.php 第 31 行.
NOTIC: [8] Undefined index: a G:\php\htdocs\project\Application\Common\Common\function.php 第 31 行.
NOTIC: [8] Undefined index: a G:\php\htdocs\project\Application\Common\Common\function.php 第 31 行.
NOTIC: [8] Undefined index: a G:\php\htdocs\project\Application\Common\Common\function.php 第 31 行.
INFO: Run Behavior\ParseTemplateBehavior [ RunTime:0.020793s ]
INFO: [ view_parse ] --END-- [ RunTime:0.020839s ]
INFO: [ view_filter ] --START--
INFO: Run Behavior\WriteHtmlCacheBehavior [ RunTime:0.000366s ]
INFO: [ view_filter ] --END-- [ RunTime:0.000406s ]
INFO: [ app_end ] --START--
INFO: Run Behavior\ShowPageTraceBehavior [ RunTime:0.000473s ]
INFO: [ app_end ] --END-- [ RunTime:0.000518s ]

[ 2016-07-27T02:36:30+08:00 ] 127.0.0.1 /admin.php?c=image&a=kindupload&dir=image
INFO: [ app_init ] --START--
INFO: Run Behavior\BuildLiteBehavior [ RunTime:0.000013s ]
INFO: [ app_init ] --END-- [ RunTime:0.000328s ]
INFO: [ app_begin ] --START--
INFO: Run Behavior\ReadHtmlCacheBehavior [ RunTime:0.000747s ]
INFO: [ app_begin ] --END-- [ RunTime:0.000794s ]
NOTIC: [8] Use of undefined constant Y - assumed 'Y' G:\php\htdocs\project\Application\Common\Model\UploadImageModel.class.php 第 19 行.
NOTIC: [8] Use of undefined constant m - assumed 'm' G:\php\htdocs\project\Application\Common\Model\UploadImageModel.class.php 第 19 行.
NOTIC: [8] Use of undefined constant d - assumed 'd' G:\php\htdocs\project\Application\Common\Model\UploadImageModel.class.php 第 19 行.
NOTIC: [2] call_user_func() expects parameter 1 to be a valid callback, no array or string given G:\php\htdocs\project\ThinkPHP\Library\Think\Upload.class.php 第 170 行.

[ 2016-07-27T02:36:56+08:00 ] 127.0.0.1 /admin.php?c=image&a=kindupload&dir=image
INFO: [ app_init ] --START--
INFO: Run Behavior\BuildLiteBehavior [ RunTime:0.000024s ]
INFO: [ app_init ] --END-- [ RunTime:0.000644s ]
INFO: [ app_begin ] --START--
INFO: Run Behavior\ReadHtmlCacheBehavior [ RunTime:0.000580s ]
INFO: [ app_begin ] --END-- [ RunTime:0.000637s ]
NOTIC: [8] Use of undefined constant Y - assumed 'Y' G:\php\htdocs\project\Application\Common\Model\UploadImageModel.class.php 第 19 行.
NOTIC: [8] Use of undefined constant m - assumed 'm' G:\php\htdocs\project\Application\Common\Model\UploadImageModel.class.php 第 19 行.
NOTIC: [8] Use of undefined constant d - assumed 'd' G:\php\htdocs\project\Application\Common\Model\UploadImageModel.class.php 第 19 行.
NOTIC: [2] call_user_func() expects parameter 1 to be a valid callback, no array or string given G:\php\htdocs\project\ThinkPHP\Library\Think\Upload.class.php 第 170 行.

[ 2016-07-27T02:43:07+08:00 ] 127.0.0.1 /admin.php?c=content&a=add
INFO: [ app_init ] --START--
INFO: Run Behavior\BuildLiteBehavior [ RunTime:0.000016s ]
INFO: [ app_init ] --END-- [ RunTime:0.000544s ]
INFO: [ app_begin ] --START--
INFO: Run Behavior\ReadHtmlCacheBehavior [ RunTime:0.001037s ]
INFO: [ app_begin ] --END-- [ RunTime:0.001096s ]
INFO: [ view_parse ] --START--
INFO: [ template_filter ] --START--
INFO: Run Behavior\ContentReplaceBehavior [ RunTime:0.000061s ]
INFO: [ template_filter ] --END-- [ RunTime:0.000110s ]
NOTIC: [2048] Declaration of Common\Model\MenuModel::find() should be compatible with Think\Model::find($options = Array) G:\php\htdocs\project\Application\Common\Model\MenuModel.class.php 第 5 行.
SQL: SHOW COLUMNS FROM `cms_menu` [ RunTime:0.0358s ]
SQL: SELECT * FROM `cms_menu` WHERE `status` <> -1 AND `type` = 1 ORDER BY listorder desc, menu_id desc  [ RunTime:0.0004s ]
NOTIC: [8] Undefined index: a G:\php\htdocs\project\Application\Common\Common\function.php 第 31 行.
NOTIC: [8] Undefined index: a G:\php\htdocs\project\Application\Common\Common\function.php 第 31 行.
NOTIC: [8] Undefined index: a G:\php\htdocs\project\Application\Common\Common\function.php 第 31 行.
NOTIC: [8] Undefined index: a G:\php\htdocs\project\Application\Common\Common\function.php 第 31 行.
NOTIC: [8] Undefined index: a G:\php\htdocs\project\Application\Common\Common\function.php 第 31 行.
NOTIC: [8] Undefined index: a G:\php\htdocs\project\Application\Common\Common\function.php 第 31 行.
NOTIC: [8] Undefined index: a G:\php\htdocs\project\Application\Common\Common\function.php 第 31 行.
INFO: Run Behavior\ParseTemplateBehavior [ RunTime:0.058505s ]
INFO: [ view_parse ] --END-- [ RunTime:0.058580s ]
INFO: [ view_filter ] --START--
INFO: Run Behavior\WriteHtmlCacheBehavior [ RunTime:0.000662s ]
INFO: [ view_filter ] --END-- [ RunTime:0.000705s ]
INFO: [ app_end ] --START--
INFO: Run Behavior\ShowPageTraceBehavior [ RunTime:0.000891s ]
INFO: [ app_end ] --END-- [ RunTime:0.000959s ]

[ 2016-07-27T02:43:31+08:00 ] 127.0.0.1 /admin.php?c=content&a=add
INFO: [ app_init ] --START--
INFO: Run Behavior\BuildLiteBehavior [ RunTime:0.000012s ]
INFO: [ app_init ] --END-- [ RunTime:0.000308s ]
INFO: [ app_begin ] --START--
INFO: Run Behavior\ReadHtmlCacheBehavior [ RunTime:0.000515s ]
INFO: [ app_begin ] --END-- [ RunTime:0.000587s ]
INFO: [ view_parse ] --START--
INFO: [ template_filter ] --START--
INFO: Run Behavior\ContentReplaceBehavior [ RunTime:0.000080s ]
INFO: [ template_filter ] --END-- [ RunTime:0.000151s ]
NOTIC: [2048] Declaration of Common\Model\MenuModel::find() should be compatible with Think\Model::find($options = Array) G:\php\htdocs\project\Application\Common\Model\MenuModel.class.php 第 5 行.
SQL: SHOW COLUMNS FROM `cms_menu` [ RunTime:0.0134s ]
SQL: SELECT * FROM `cms_menu` WHERE `status` <> -1 AND `type` = 1 ORDER BY listorder desc, menu_id desc  [ RunTime:0.0004s ]
NOTIC: [8] Undefined index: a G:\php\htdocs\project\Application\Common\Common\function.php 第 31 行.
NOTIC: [8] Undefined index: a G:\php\htdocs\project\Application\Common\Common\function.php 第 31 行.
NOTIC: [8] Undefined index: a G:\php\htdocs\project\Application\Common\Common\function.php 第 31 行.
NOTIC: [8] Undefined index: a G:\php\htdocs\project\Application\Common\Common\function.php 第 31 行.
NOTIC: [8] Undefined index: a G:\php\htdocs\project\Application\Common\Common\function.php 第 31 行.
NOTIC: [8] Undefined index: a G:\php\htdocs\project\Application\Common\Common\function.php 第 31 行.
NOTIC: [8] Undefined index: a G:\php\htdocs\project\Application\Common\Common\function.php 第 31 行.
INFO: Run Behavior\ParseTemplateBehavior [ RunTime:0.031551s ]
INFO: [ view_parse ] --END-- [ RunTime:0.031612s ]
INFO: [ view_filter ] --START--
INFO: Run Behavior\WriteHtmlCacheBehavior [ RunTime:0.000326s ]
INFO: [ view_filter ] --END-- [ RunTime:0.000369s ]
INFO: [ app_end ] --START--
INFO: Run Behavior\ShowPageTraceBehavior [ RunTime:0.000597s ]
INFO: [ app_end ] --END-- [ RunTime:0.000654s ]

[ 2016-07-27T02:43:37+08:00 ] 127.0.0.1 /admin.php?c=image&a=kindupload&dir=image
INFO: [ app_init ] --START--
INFO: Run Behavior\BuildLiteBehavior [ RunTime:0.000015s ]
INFO: [ app_init ] --END-- [ RunTime:0.000403s ]
INFO: [ app_begin ] --START--
INFO: Run Behavior\ReadHtmlCacheBehavior [ RunTime:0.000721s ]
INFO: [ app_begin ] --END-- [ RunTime:0.000768s ]
NOTIC: [8] Use of undefined constant Y - assumed 'Y' G:\php\htdocs\project\Application\Common\Model\UploadImageModel.class.php 第 19 行.
NOTIC: [8] Use of undefined constant m - assumed 'm' G:\php\htdocs\project\Application\Common\Model\UploadImageModel.class.php 第 19 行.
NOTIC: [8] Use of undefined constant d - assumed 'd' G:\php\htdocs\project\Application\Common\Model\UploadImageModel.class.php 第 19 行.
NOTIC: [2] call_user_func() expects parameter 1 to be a valid callback, no array or string given G:\php\htdocs\project\ThinkPHP\Library\Think\Upload.class.php 第 170 行.

[ 2016-07-27T02:44:16+08:00 ] 127.0.0.1 /admin.php?c=image&a=kindupload&dir=image
INFO: [ app_init ] --START--
INFO: Run Behavior\BuildLiteBehavior [ RunTime:0.000013s ]
INFO: [ app_init ] --END-- [ RunTime:0.000359s ]
INFO: [ app_begin ] --START--
INFO: Run Behavior\ReadHtmlCacheBehavior [ RunTime:0.000721s ]
INFO: [ app_begin ] --END-- [ RunTime:0.000769s ]
NOTIC: [8] Use of undefined constant Y - assumed 'Y' G:\php\htdocs\project\Application\Common\Model\UploadImageModel.class.php 第 19 行.
NOTIC: [8] Use of undefined constant m - assumed 'm' G:\php\htdocs\project\Application\Common\Model\UploadImageModel.class.php 第 19 行.
NOTIC: [8] Use of undefined constant d - assumed 'd' G:\php\htdocs\project\Application\Common\Model\UploadImageModel.class.php 第 19 行.
NOTIC: [2] call_user_func() expects parameter 1 to be a valid callback, no array or string given G:\php\htdocs\project\ThinkPHP\Library\Think\Upload.class.php 第 170 行.

[ 2016-07-27T02:44:16+08:00 ] 127.0.0.1 /admin.php?c=image&a=kindupload&dir=image
INFO: [ app_init ] --START--
INFO: Run Behavior\BuildLiteBehavior [ RunTime:0.000014s ]
INFO: [ app_init ] --END-- [ RunTime:0.000448s ]
INFO: [ app_begin ] --START--
INFO: Run Behavior\ReadHtmlCacheBehavior [ RunTime:0.000766s ]
INFO: [ app_begin ] --END-- [ RunTime:0.000823s ]
NOTIC: [8] Use of undefined constant Y - assumed 'Y' G:\php\htdocs\project\Application\Common\Model\UploadImageModel.class.php 第 19 行.
NOTIC: [8] Use of undefined constant m - assumed 'm' G:\php\htdocs\project\Application\Common\Model\UploadImageModel.class.php 第 19 行.
NOTIC: [8] Use of undefined constant d - assumed 'd' G:\php\htdocs\project\Application\Common\Model\UploadImageModel.class.php 第 19 行.
NOTIC: [2] call_user_func() expects parameter 1 to be a valid callback, no array or string given G:\php\htdocs\project\ThinkPHP\Library\Think\Upload.class.php 第 170 行.

[ 2016-07-27T02:44:53+08:00 ] 127.0.0.1 /admin.php?c=menu
INFO: [ app_init ] --START--
INFO: Run Behavior\BuildLiteBehavior [ RunTime:0.000014s ]
INFO: [ app_init ] --END-- [ RunTime:0.000365s ]
INFO: [ app_begin ] --START--
INFO: Run Behavior\ReadHtmlCacheBehavior [ RunTime:0.000723s ]
INFO: [ app_begin ] --END-- [ RunTime:0.000770s ]
NOTIC: [8] Undefined index: p G:\php\htdocs\project\Application\Admin\Controller\MenuController.class.php 第 19 行.
NOTIC: [8] Undefined index: pageSize G:\php\htdocs\project\Application\Admin\Controller\MenuController.class.php 第 20 行.
NOTIC: [2048] Declaration of Common\Model\MenuModel::find() should be compatible with Think\Model::find($options = Array) G:\php\htdocs\project\Application\Common\Model\MenuModel.class.php 第 5 行.
SQL: SHOW COLUMNS FROM `cms_menu` [ RunTime:0.0029s ]
SQL: SELECT * FROM `cms_menu` WHERE `status` <> -1 ORDER BY listorder desc, menu_id desc LIMIT 0,3   [ RunTime:0.0004s ]
SQL: SELECT COUNT(*) AS tp_count FROM `cms_menu` WHERE `status` <> -1 LIMIT 1   [ RunTime:0.0003s ]
INFO: [ view_parse ] --START--
INFO: [ template_filter ] --START--
INFO: Run Behavior\ContentReplaceBehavior [ RunTime:0.000065s ]
INFO: [ template_filter ] --END-- [ RunTime:0.000123s ]
SQL: SELECT * FROM `cms_menu` WHERE `status` <> -1 AND `type` = 1 ORDER BY listorder desc, menu_id desc  [ RunTime:0.0006s ]
NOTIC: [8] Undefined index: a G:\php\htdocs\project\Application\Common\Common\function.php 第 31 行.
NOTIC: [8] Undefined index: a G:\php\htdocs\project\Application\Common\Common\function.php 第 31 行.
NOTIC: [8] Undefined index: a G:\php\htdocs\project\Application\Common\Common\function.php 第 31 行.
NOTIC: [8] Undefined index: a G:\php\htdocs\project\Application\Common\Common\function.php 第 31 行.
NOTIC: [8] Undefined index: a G:\php\htdocs\project\Application\Common\Common\function.php 第 31 行.
NOTIC: [8] Undefined index: a G:\php\htdocs\project\Application\Common\Common\function.php 第 31 行.
NOTIC: [8] Undefined index: a G:\php\htdocs\project\Application\Common\Common\function.php 第 31 行.
INFO: Run Behavior\ParseTemplateBehavior [ RunTime:0.012963s ]
INFO: [ view_parse ] --END-- [ RunTime:0.013010s ]
INFO: [ view_filter ] --START--
INFO: Run Behavior\WriteHtmlCacheBehavior [ RunTime:0.000613s ]
INFO: [ view_filter ] --END-- [ RunTime:0.000653s ]
INFO: [ app_end ] --START--
INFO: Run Behavior\ShowPageTraceBehavior [ RunTime:0.001013s ]
INFO: [ app_end ] --END-- [ RunTime:0.001082s ]

[ 2016-07-27T02:44:54+08:00 ] 127.0.0.1 /admin.php?c=content
INFO: [ app_init ] --START--
INFO: Run Behavior\BuildLiteBehavior [ RunTime:0.000016s ]
INFO: [ app_init ] --END-- [ RunTime:0.000407s ]
INFO: [ app_begin ] --START--
INFO: Run Behavior\ReadHtmlCacheBehavior [ RunTime:0.000513s ]
INFO: [ app_begin ] --END-- [ RunTime:0.000580s ]
INFO: [ view_parse ] --START--
INFO: [ template_filter ] --START--
INFO: Run Behavior\ContentReplaceBehavior [ RunTime:0.000061s ]
INFO: [ template_filter ] --END-- [ RunTime:0.000118s ]
NOTIC: [2048] Declaration of Common\Model\MenuModel::find() should be compatible with Think\Model::find($options = Array) G:\php\htdocs\project\Application\Common\Model\MenuModel.class.php 第 5 行.
SQL: SHOW COLUMNS FROM `cms_menu` [ RunTime:0.0029s ]
SQL: SELECT * FROM `cms_menu` WHERE `status` <> -1 AND `type` = 1 ORDER BY listorder desc, menu_id desc  [ RunTime:0.0006s ]
NOTIC: [8] Undefined index: a G:\php\htdocs\project\Application\Common\Common\function.php 第 31 行.
NOTIC: [8] Undefined index: a G:\php\htdocs\project\Application\Common\Common\function.php 第 31 行.
NOTIC: [8] Undefined index: a G:\php\htdocs\project\Application\Common\Common\function.php 第 31 行.
NOTIC: [8] Undefined index: a G:\php\htdocs\project\Application\Common\Common\function.php 第 31 行.
NOTIC: [8] Undefined index: a G:\php\htdocs\project\Application\Common\Common\function.php 第 31 行.
NOTIC: [8] Undefined index: a G:\php\htdocs\project\Application\Common\Common\function.php 第 31 行.
NOTIC: [8] Undefined index: a G:\php\htdocs\project\Application\Common\Common\function.php 第 31 行.
NOTIC: [8] Undefined variable: new G:\php\htdocs\project\Application\Runtime\Cache\Admin\ccc9ced3ad798311a07cb47b740981c5.php 第 155 行.
INFO: Run Behavior\ParseTemplateBehavior [ RunTime:0.022035s ]
INFO: [ view_parse ] --END-- [ RunTime:0.022093s ]
INFO: [ view_filter ] --START--
INFO: Run Behavior\WriteHtmlCacheBehavior [ RunTime:0.000491s ]
INFO: [ view_filter ] --END-- [ RunTime:0.000536s ]
INFO: [ app_end ] --START--
INFO: Run Behavior\ShowPageTraceBehavior [ RunTime:0.000466s ]
INFO: [ app_end ] --END-- [ RunTime:0.000512s ]

[ 2016-07-27T02:59:33+08:00 ] 127.0.0.1 /admin.php?c=content&a=add
INFO: [ app_init ] --START--
INFO: Run Behavior\BuildLiteBehavior [ RunTime:0.000011s ]
INFO: [ app_init ] --END-- [ RunTime:0.000376s ]
INFO: [ app_begin ] --START--
INFO: Run Behavior\ReadHtmlCacheBehavior [ RunTime:0.000546s ]
INFO: [ app_begin ] --END-- [ RunTime:0.000595s ]

[ 2016-07-27T03:00:21+08:00 ] 127.0.0.1 /admin.php?c=content&a=add
INFO: [ app_init ] --START--
INFO: Run Behavior\BuildLiteBehavior [ RunTime:0.000014s ]
INFO: [ app_init ] --END-- [ RunTime:0.000389s ]
INFO: [ app_begin ] --START--
INFO: Run Behavior\ReadHtmlCacheBehavior [ RunTime:0.000483s ]
INFO: [ app_begin ] --END-- [ RunTime:0.000544s ]
NOTIC: [2048] Declaration of Common\Model\MenuModel::find() should be compatible with Think\Model::find($options = Array) G:\php\htdocs\project\Application\Common\Model\MenuModel.class.php 第 5 行.
SQL: SHOW COLUMNS FROM `cms_menu` [ RunTime:0.0296s ]
SQL: SELECT * FROM `cms_menu` WHERE `status` <> -1 AND `type` = 0 ORDER BY listorder desc, menu_id desc  [ RunTime:0.0005s ]
INFO: [ view_parse ] --START--
INFO: [ template_filter ] --START--
INFO: Run Behavior\ContentReplaceBehavior [ RunTime:0.000072s ]
INFO: [ template_filter ] --END-- [ RunTime:0.000126s ]
SQL: SELECT * FROM `cms_menu` WHERE `status` <> -1 AND `type` = 1 ORDER BY listorder desc, menu_id desc  [ RunTime:0.0006s ]
NOTIC: [8] Undefined index: a G:\php\htdocs\project\Application\Common\Common\function.php 第 31 行.
NOTIC: [8] Undefined index: a G:\php\htdocs\project\Application\Common\Common\function.php 第 31 行.
NOTIC: [8] Undefined index: a G:\php\htdocs\project\Application\Common\Common\function.php 第 31 行.
NOTIC: [8] Undefined index: a G:\php\htdocs\project\Application\Common\Common\function.php 第 31 行.
NOTIC: [8] Undefined index: a G:\php\htdocs\project\Application\Common\Common\function.php 第 31 行.
NOTIC: [8] Undefined index: a G:\php\htdocs\project\Application\Common\Common\function.php 第 31 行.
NOTIC: [8] Undefined index: a G:\php\htdocs\project\Application\Common\Common\function.php 第 31 行.
INFO: Run Behavior\ParseTemplateBehavior [ RunTime:0.012096s ]
INFO: [ view_parse ] --END-- [ RunTime:0.012165s ]
INFO: [ view_filter ] --START--
INFO: Run Behavior\WriteHtmlCacheBehavior [ RunTime:0.000495s ]
INFO: [ view_filter ] --END-- [ RunTime:0.000541s ]
INFO: [ app_end ] --START--
INFO: Run Behavior\ShowPageTraceBehavior [ RunTime:0.000685s ]
INFO: [ app_end ] --END-- [ RunTime:0.000742s ]

[ 2016-07-27T03:01:46+08:00 ] 127.0.0.1 /admin.php?c=content&a=add
INFO: [ app_init ] --START--
INFO: Run Behavior\BuildLiteBehavior [ RunTime:0.000014s ]
INFO: [ app_init ] --END-- [ RunTime:0.000447s ]
INFO: [ app_begin ] --START--
INFO: Run Behavior\ReadHtmlCacheBehavior [ RunTime:0.000864s ]
INFO: [ app_begin ] --END-- [ RunTime:0.000923s ]
NOTIC: [2048] Declaration of Common\Model\MenuModel::find() should be compatible with Think\Model::find($options = Array) G:\php\htdocs\project\Application\Common\Model\MenuModel.class.php 第 5 行.
SQL: SHOW COLUMNS FROM `cms_menu` [ RunTime:0.0029s ]
SQL: SELECT * FROM `cms_menu` WHERE `status` <> -1 AND `type` = 0 ORDER BY listorder desc, menu_id desc  [ RunTime:0.0004s ]
INFO: [ view_parse ] --START--
INFO: [ template_filter ] --START--
INFO: Run Behavior\ContentReplaceBehavior [ RunTime:0.000062s ]
INFO: [ template_filter ] --END-- [ RunTime:0.000111s ]
SQL: SELECT * FROM `cms_menu` WHERE `status` <> -1 AND `type` = 1 ORDER BY listorder desc, menu_id desc  [ RunTime:0.0005s ]
NOTIC: [8] Undefined index: a G:\php\htdocs\project\Application\Common\Common\function.php 第 31 行.
NOTIC: [8] Undefined index: a G:\php\htdocs\project\Application\Common\Common\function.php 第 31 行.
NOTIC: [8] Undefined index: a G:\php\htdocs\project\Application\Common\Common\function.php 第 31 行.
NOTIC: [8] Undefined index: a G:\php\htdocs\project\Application\Common\Common\function.php 第 31 行.
NOTIC: [8] Undefined index: a G:\php\htdocs\project\Application\Common\Common\function.php 第 31 行.
NOTIC: [8] Undefined index: a G:\php\htdocs\project\Application\Common\Common\function.php 第 31 行.
NOTIC: [8] Undefined index: a G:\php\htdocs\project\Application\Common\Common\function.php 第 31 行.
NOTIC: [8] Array to string conversion G:\php\htdocs\project\Application\Runtime\Cache\Admin\e2744aea2724da3a85f9df759ede898a.php 第 143 行.
NOTIC: [8] Array to string conversion G:\php\htdocs\project\Application\Runtime\Cache\Admin\e2744aea2724da3a85f9df759ede898a.php 第 143 行.
NOTIC: [8] Array to string conversion G:\php\htdocs\project\Application\Runtime\Cache\Admin\e2744aea2724da3a85f9df759ede898a.php 第 143 行.
INFO: Run Behavior\ParseTemplateBehavior [ RunTime:0.012014s ]
INFO: [ view_parse ] --END-- [ RunTime:0.012070s ]
INFO: [ view_filter ] --START--
INFO: Run Behavior\WriteHtmlCacheBehavior [ RunTime:0.000606s ]
INFO: [ view_filter ] --END-- [ RunTime:0.000643s ]
INFO: [ app_end ] --START--
INFO: Run Behavior\ShowPageTraceBehavior [ RunTime:0.000912s ]
INFO: [ app_end ] --END-- [ RunTime:0.000975s ]

[ 2016-07-27T03:03:27+08:00 ] 127.0.0.1 /admin.php?c=content&a=add
INFO: [ app_init ] --START--
INFO: Run Behavior\BuildLiteBehavior [ RunTime:0.000030s ]
INFO: [ app_init ] --END-- [ RunTime:0.001137s ]
INFO: [ app_begin ] --START--
INFO: Run Behavior\ReadHtmlCacheBehavior [ RunTime:0.000757s ]
INFO: [ app_begin ] --END-- [ RunTime:0.000814s ]
NOTIC: [2048] Declaration of Common\Model\MenuModel::find() should be compatible with Think\Model::find($options = Array) G:\php\htdocs\project\Application\Common\Model\MenuModel.class.php 第 5 行.
SQL: SHOW COLUMNS FROM `cms_menu` [ RunTime:0.0029s ]
SQL: SELECT * FROM `cms_menu` WHERE `status` <> -1 AND `type` = 0 ORDER BY listorder desc, menu_id desc  [ RunTime:0.0005s ]
INFO: [ view_parse ] --START--
INFO: [ template_filter ] --START--
INFO: Run Behavior\ContentReplaceBehavior [ RunTime:0.000071s ]
INFO: [ template_filter ] --END-- [ RunTime:0.000127s ]
SQL: SELECT * FROM `cms_menu` WHERE `status` <> -1 AND `type` = 1 ORDER BY listorder desc, menu_id desc  [ RunTime:0.0005s ]
NOTIC: [8] Undefined index: a G:\php\htdocs\project\Application\Common\Common\function.php 第 31 行.
NOTIC: [8] Undefined index: a G:\php\htdocs\project\Application\Common\Common\function.php 第 31 行.
NOTIC: [8] Undefined index: a G:\php\htdocs\project\Application\Common\Common\function.php 第 31 行.
NOTIC: [8] Undefined index: a G:\php\htdocs\project\Application\Common\Common\function.php 第 31 行.
NOTIC: [8] Undefined index: a G:\php\htdocs\project\Application\Common\Common\function.php 第 31 行.
NOTIC: [8] Undefined index: a G:\php\htdocs\project\Application\Common\Common\function.php 第 31 行.
NOTIC: [8] Undefined index: a G:\php\htdocs\project\Application\Common\Common\function.php 第 31 行.
INFO: Run Behavior\ParseTemplateBehavior [ RunTime:0.012501s ]
INFO: [ view_parse ] --END-- [ RunTime:0.012561s ]
INFO: [ view_filter ] --START--
INFO: Run Behavior\WriteHtmlCacheBehavior [ RunTime:0.000666s ]
INFO: [ view_filter ] --END-- [ RunTime:0.000706s ]
INFO: [ app_end ] --START--
INFO: Run Behavior\ShowPageTraceBehavior [ RunTime:0.000931s ]
INFO: [ app_end ] --END-- [ RunTime:0.000999s ]

[ 2016-07-27T03:04:41+08:00 ] 127.0.0.1 /admin.php?c=content&a=add
INFO: [ app_init ] --START--
INFO: Run Behavior\BuildLiteBehavior [ RunTime:0.000016s ]
INFO: [ app_init ] --END-- [ RunTime:0.000434s ]
INFO: [ app_begin ] --START--
INFO: Run Behavior\ReadHtmlCacheBehavior [ RunTime:0.000494s ]
INFO: [ app_begin ] --END-- [ RunTime:0.000551s ]
NOTIC: [2048] Declaration of Common\Model\MenuModel::find() should be compatible with Think\Model::find($options = Array) G:\php\htdocs\project\Application\Common\Model\MenuModel.class.php 第 5 行.
SQL: SHOW COLUMNS FROM `cms_menu` [ RunTime:0.0029s ]
SQL: SELECT * FROM `cms_menu` WHERE `status` <> -1 AND `type` = 0 ORDER BY listorder desc, menu_id desc  [ RunTime:0.0005s ]
INFO: [ view_parse ] --START--
INFO: [ template_filter ] --START--
INFO: Run Behavior\ContentReplaceBehavior [ RunTime:0.000062s ]
INFO: [ template_filter ] --END-- [ RunTime:0.000113s ]
SQL: SELECT * FROM `cms_menu` WHERE `status` <> -1 AND `type` = 1 ORDER BY listorder desc, menu_id desc  [ RunTime:0.0005s ]
NOTIC: [8] Undefined index: a G:\php\htdocs\project\Application\Common\Common\function.php 第 31 行.
NOTIC: [8] Undefined index: a G:\php\htdocs\project\Application\Common\Common\function.php 第 31 行.
NOTIC: [8] Undefined index: a G:\php\htdocs\project\Application\Common\Common\function.php 第 31 行.
NOTIC: [8] Undefined index: a G:\php\htdocs\project\Application\Common\Common\function.php 第 31 行.
NOTIC: [8] Undefined index: a G:\php\htdocs\project\Application\Common\Common\function.php 第 31 行.
NOTIC: [8] Undefined index: a G:\php\htdocs\project\Application\Common\Common\function.php 第 31 行.
NOTIC: [8] Undefined index: a G:\php\htdocs\project\Application\Common\Common\function.php 第 31 行.
INFO: Run Behavior\ParseTemplateBehavior [ RunTime:0.011951s ]
INFO: [ view_parse ] --END-- [ RunTime:0.012008s ]
INFO: [ view_filter ] --START--
INFO: Run Behavior\WriteHtmlCacheBehavior [ RunTime:0.000274s ]
INFO: [ view_filter ] --END-- [ RunTime:0.000311s ]
INFO: [ app_end ] --START--
INFO: Run Behavior\ShowPageTraceBehavior [ RunTime:0.000612s ]
INFO: [ app_end ] --END-- [ RunTime:0.000663s ]

[ 2016-07-27T03:04:53+08:00 ] 127.0.0.1 /admin.php?c=content&a=add
INFO: [ app_init ] --START--
INFO: Run Behavior\BuildLiteBehavior [ RunTime:0.000016s ]
INFO: [ app_init ] --END-- [ RunTime:0.000413s ]
INFO: [ app_begin ] --START--
INFO: Run Behavior\ReadHtmlCacheBehavior [ RunTime:0.000753s ]
INFO: [ app_begin ] --END-- [ RunTime:0.000804s ]
NOTIC: [2048] Declaration of Common\Model\MenuModel::find() should be compatible with Think\Model::find($options = Array) G:\php\htdocs\project\Application\Common\Model\MenuModel.class.php 第 5 行.
SQL: SHOW COLUMNS FROM `cms_menu` [ RunTime:0.0040s ]
SQL: SELECT * FROM `cms_menu` WHERE `status` <> -1 AND `type` = 0 ORDER BY listorder desc, menu_id desc  [ RunTime:0.0005s ]
INFO: [ view_parse ] --START--
INFO: [ template_filter ] --START--
INFO: Run Behavior\ContentReplaceBehavior [ RunTime:0.000061s ]
INFO: [ template_filter ] --END-- [ RunTime:0.000110s ]
SQL: SELECT * FROM `cms_menu` WHERE `status` <> -1 AND `type` = 1 ORDER BY listorder desc, menu_id desc  [ RunTime:0.0006s ]
NOTIC: [8] Undefined index: a G:\php\htdocs\project\Application\Common\Common\function.php 第 31 行.
NOTIC: [8] Undefined index: a G:\php\htdocs\project\Application\Common\Common\function.php 第 31 行.
NOTIC: [8] Undefined index: a G:\php\htdocs\project\Application\Common\Common\function.php 第 31 行.
NOTIC: [8] Undefined index: a G:\php\htdocs\project\Application\Common\Common\function.php 第 31 行.
NOTIC: [8] Undefined index: a G:\php\htdocs\project\Application\Common\Common\function.php 第 31 行.
NOTIC: [8] Undefined index: a G:\php\htdocs\project\Application\Common\Common\function.php 第 31 行.
NOTIC: [8] Undefined index: a G:\php\htdocs\project\Application\Common\Common\function.php 第 31 行.
INFO: Run Behavior\ParseTemplateBehavior [ RunTime:0.012656s ]
INFO: [ view_parse ] --END-- [ RunTime:0.012730s ]
INFO: [ view_filter ] --START--
INFO: Run Behavior\WriteHtmlCacheBehavior [ RunTime:0.000797s ]
INFO: [ view_filter ] --END-- [ RunTime:0.000872s ]
INFO: [ app_end ] --START--
INFO: Run Behavior\ShowPageTraceBehavior [ RunTime:0.000879s ]
INFO: [ app_end ] --END-- [ RunTime:0.000946s ]

[ 2016-07-27T03:24:39+08:00 ] 127.0.0.1 /admin.php?c=image&a=ajaxuploadimage
INFO: [ app_init ] --START--
INFO: Run Behavior\BuildLiteBehavior [ RunTime:0.000012s ]
INFO: [ app_init ] --END-- [ RunTime:0.000363s ]
INFO: [ app_begin ] --START--
INFO: Run Behavior\ReadHtmlCacheBehavior [ RunTime:0.001325s ]
INFO: [ app_begin ] --END-- [ RunTime:0.001476s ]
NOTIC: [8] Use of undefined constant Y - assumed 'Y' G:\php\htdocs\project\Application\Common\Model\UploadImageModel.class.php 第 19 行.
NOTIC: [8] Use of undefined constant m - assumed 'm' G:\php\htdocs\project\Application\Common\Model\UploadImageModel.class.php 第 19 行.
NOTIC: [8] Use of undefined constant d - assumed 'd' G:\php\htdocs\project\Application\Common\Model\UploadImageModel.class.php 第 19 行.
NOTIC: [2] call_user_func() expects parameter 1 to be a valid callback, no array or string given G:\php\htdocs\project\ThinkPHP\Library\Think\Upload.class.php 第 170 行.

[ 2016-07-27T03:24:51+08:00 ] 127.0.0.1 /admin.php?c=content&a=add
INFO: [ app_init ] --START--
INFO: Run Behavior\BuildLiteBehavior [ RunTime:0.000025s ]
INFO: [ app_init ] --END-- [ RunTime:0.000615s ]
INFO: [ app_begin ] --START--
INFO: Run Behavior\ReadHtmlCacheBehavior [ RunTime:0.000911s ]
INFO: [ app_begin ] --END-- [ RunTime:0.000987s ]
SQL: SHOW COLUMNS FROM `cms_news` [ RunTime:0.1479s ]
SQL: INSERT INTO `cms_news` (`title`,`small_title`,`thumb`,`title_font_color`,`catid`,`copyfrom`,`description`,`keywords`,`create_time`,`username`) VALUES ('Pie Chart Example','ass','/upload/2016/07/27/5797b8f7c18a9.png','#5674ed','8','0','sss','ssss','1469561091','admin') [ RunTime:0.0009s ]
SQL: SHOW COLUMNS FROM `cms_news_content` [ RunTime:0.1527s ]
SQL: INSERT INTO `cms_news_content` (`content`,`id`,`create_time`) VALUES ('&lt;p&gt;
	asdasd
&lt;/p&gt;
&lt;p&gt;
	asd
&lt;/p&gt;
&lt;p&gt;
	asd
&lt;/p&gt;
&lt;p&gt;
	asd
&lt;/p&gt;
&lt;p&gt;
	&lt;br /&gt;
&lt;/p&gt;','25','1469561091') [ RunTime:0.0013s ]

[ 2016-07-27T03:24:54+08:00 ] 127.0.0.1 /admin.php?c=content
INFO: [ app_init ] --START--
INFO: Run Behavior\BuildLiteBehavior [ RunTime:0.000011s ]
INFO: [ app_init ] --END-- [ RunTime:0.000309s ]
INFO: [ app_begin ] --START--
INFO: Run Behavior\ReadHtmlCacheBehavior [ RunTime:0.000706s ]
INFO: [ app_begin ] --END-- [ RunTime:0.000770s ]
INFO: [ view_parse ] --START--
INFO: [ template_filter ] --START--
INFO: Run Behavior\ContentReplaceBehavior [ RunTime:0.000061s ]
INFO: [ template_filter ] --END-- [ RunTime:0.000116s ]
NOTIC: [2048] Declaration of Common\Model\MenuModel::find() should be compatible with Think\Model::find($options = Array) G:\php\htdocs\project\Application\Common\Model\MenuModel.class.php 第 5 行.
SQL: SHOW COLUMNS FROM `cms_menu` [ RunTime:0.0032s ]
SQL: SELECT * FROM `cms_menu` WHERE `status` <> -1 AND `type` = 1 ORDER BY listorder desc, menu_id desc  [ RunTime:0.0005s ]
NOTIC: [8] Undefined index: a G:\php\htdocs\project\Application\Common\Common\function.php 第 31 行.
NOTIC: [8] Undefined index: a G:\php\htdocs\project\Application\Common\Common\function.php 第 31 行.
NOTIC: [8] Undefined index: a G:\php\htdocs\project\Application\Common\Common\function.php 第 31 行.
NOTIC: [8] Undefined index: a G:\php\htdocs\project\Application\Common\Common\function.php 第 31 行.
NOTIC: [8] Undefined index: a G:\php\htdocs\project\Application\Common\Common\function.php 第 31 行.
NOTIC: [8] Undefined index: a G:\php\htdocs\project\Application\Common\Common\function.php 第 31 行.
NOTIC: [8] Undefined index: a G:\php\htdocs\project\Application\Common\Common\function.php 第 31 行.
NOTIC: [8] Undefined variable: new G:\php\htdocs\project\Application\Runtime\Cache\Admin\ccc9ced3ad798311a07cb47b740981c5.php 第 155 行.
INFO: Run Behavior\ParseTemplateBehavior [ RunTime:0.022720s ]
INFO: [ view_parse ] --END-- [ RunTime:0.022766s ]
INFO: [ view_filter ] --START--
INFO: Run Behavior\WriteHtmlCacheBehavior [ RunTime:0.000696s ]
INFO: [ view_filter ] --END-- [ RunTime:0.000739s ]
INFO: [ app_end ] --START--
INFO: Run Behavior\ShowPageTraceBehavior [ RunTime:0.000777s ]
INFO: [ app_end ] --END-- [ RunTime:0.000819s ]

[ 2016-07-27T06:11:30+08:00 ] 127.0.0.1 /admin.php?c=content
INFO: [ app_init ] --START--
INFO: Run Behavior\BuildLiteBehavior [ RunTime:0.000013s ]
INFO: [ app_init ] --END-- [ RunTime:0.000457s ]
INFO: [ app_begin ] --START--
INFO: Run Behavior\ReadHtmlCacheBehavior [ RunTime:0.000594s ]
INFO: [ app_begin ] --END-- [ RunTime:0.000647s ]
INFO: [ view_parse ] --START--
INFO: [ template_filter ] --START--
INFO: Run Behavior\ContentReplaceBehavior [ RunTime:0.000061s ]
INFO: [ template_filter ] --END-- [ RunTime:0.000118s ]
NOTIC: [2048] Declaration of Common\Model\MenuModel::find() should be compatible with Think\Model::find($options = Array) G:\php\htdocs\project\Application\Common\Model\MenuModel.class.php 第 5 行.
SQL: SHOW COLUMNS FROM `cms_menu` [ RunTime:0.0042s ]
SQL: SELECT * FROM `cms_menu` WHERE `status` <> -1 AND `type` = 1 ORDER BY listorder desc, menu_id desc  [ RunTime:0.0004s ]
NOTIC: [8] Undefined index: a G:\php\htdocs\project\Application\Common\Common\function.php 第 31 行.
NOTIC: [8] Undefined index: a G:\php\htdocs\project\Application\Common\Common\function.php 第 31 行.
NOTIC: [8] Undefined index: a G:\php\htdocs\project\Application\Common\Common\function.php 第 31 行.
NOTIC: [8] Undefined index: a G:\php\htdocs\project\Application\Common\Common\function.php 第 31 行.
NOTIC: [8] Undefined index: a G:\php\htdocs\project\Application\Common\Common\function.php 第 31 行.
NOTIC: [8] Undefined index: a G:\php\htdocs\project\Application\Common\Common\function.php 第 31 行.
NOTIC: [8] Undefined index: a G:\php\htdocs\project\Application\Common\Common\function.php 第 31 行.
NOTIC: [8] Undefined variable: new G:\php\htdocs\project\Application\Runtime\Cache\Admin\ccc9ced3ad798311a07cb47b740981c5.php 第 155 行.
INFO: Run Behavior\ParseTemplateBehavior [ RunTime:0.040536s ]
INFO: [ view_parse ] --END-- [ RunTime:0.040582s ]
INFO: [ view_filter ] --START--
INFO: Run Behavior\WriteHtmlCacheBehavior [ RunTime:0.000446s ]
INFO: [ view_filter ] --END-- [ RunTime:0.000490s ]
INFO: [ app_end ] --START--
INFO: Run Behavior\ShowPageTraceBehavior [ RunTime:0.000555s ]
INFO: [ app_end ] --END-- [ RunTime:0.000605s ]

[ 2016-07-27T06:11:32+08:00 ] 127.0.0.1 /admin.php?c=menu
INFO: [ app_init ] --START--
INFO: Run Behavior\BuildLiteBehavior [ RunTime:0.000014s ]
INFO: [ app_init ] --END-- [ RunTime:0.000391s ]
INFO: [ app_begin ] --START--
INFO: Run Behavior\ReadHtmlCacheBehavior [ RunTime:0.000566s ]
INFO: [ app_begin ] --END-- [ RunTime:0.000620s ]
NOTIC: [8] Undefined index: p G:\php\htdocs\project\Application\Admin\Controller\MenuController.class.php 第 19 行.
NOTIC: [8] Undefined index: pageSize G:\php\htdocs\project\Application\Admin\Controller\MenuController.class.php 第 20 行.
NOTIC: [2048] Declaration of Common\Model\MenuModel::find() should be compatible with Think\Model::find($options = Array) G:\php\htdocs\project\Application\Common\Model\MenuModel.class.php 第 5 行.
SQL: SHOW COLUMNS FROM `cms_menu` [ RunTime:0.0031s ]
SQL: SELECT * FROM `cms_menu` WHERE `status` <> -1 ORDER BY listorder desc, menu_id desc LIMIT 0,3   [ RunTime:0.0004s ]
SQL: SELECT COUNT(*) AS tp_count FROM `cms_menu` WHERE `status` <> -1 LIMIT 1   [ RunTime:0.0002s ]
INFO: [ view_parse ] --START--
INFO: [ template_filter ] --START--
INFO: Run Behavior\ContentReplaceBehavior [ RunTime:0.000064s ]
INFO: [ template_filter ] --END-- [ RunTime:0.000123s ]
SQL: SELECT * FROM `cms_menu` WHERE `status` <> -1 AND `type` = 1 ORDER BY listorder desc, menu_id desc  [ RunTime:0.0006s ]
NOTIC: [8] Undefined index: a G:\php\htdocs\project\Application\Common\Common\function.php 第 31 行.
NOTIC: [8] Undefined index: a G:\php\htdocs\project\Application\Common\Common\function.php 第 31 行.
NOTIC: [8] Undefined index: a G:\php\htdocs\project\Application\Common\Common\function.php 第 31 行.
NOTIC: [8] Undefined index: a G:\php\htdocs\project\Application\Common\Common\function.php 第 31 行.
NOTIC: [8] Undefined index: a G:\php\htdocs\project\Application\Common\Common\function.php 第 31 行.
NOTIC: [8] Undefined index: a G:\php\htdocs\project\Application\Common\Common\function.php 第 31 行.
NOTIC: [8] Undefined index: a G:\php\htdocs\project\Application\Common\Common\function.php 第 31 行.
INFO: Run Behavior\ParseTemplateBehavior [ RunTime:0.014561s ]
INFO: [ view_parse ] --END-- [ RunTime:0.014615s ]
INFO: [ view_filter ] --START--
INFO: Run Behavior\WriteHtmlCacheBehavior [ RunTime:0.000496s ]
INFO: [ view_filter ] --END-- [ RunTime:0.000541s ]
INFO: [ app_end ] --START--
INFO: Run Behavior\ShowPageTraceBehavior [ RunTime:0.000862s ]
INFO: [ app_end ] --END-- [ RunTime:0.000944s ]

[ 2016-07-27T06:11:33+08:00 ] 127.0.0.1 /admin.php?c=content
INFO: [ app_init ] --START--
INFO: Run Behavior\BuildLiteBehavior [ RunTime:0.000016s ]
INFO: [ app_init ] --END-- [ RunTime:0.000382s ]
INFO: [ app_begin ] --START--
INFO: Run Behavior\ReadHtmlCacheBehavior [ RunTime:0.000749s ]
INFO: [ app_begin ] --END-- [ RunTime:0.000852s ]
INFO: [ view_parse ] --START--
INFO: [ template_filter ] --START--
INFO: Run Behavior\ContentReplaceBehavior [ RunTime:0.000086s ]
INFO: [ template_filter ] --END-- [ RunTime:0.000160s ]
NOTIC: [2048] Declaration of Common\Model\MenuModel::find() should be compatible with Think\Model::find($options = Array) G:\php\htdocs\project\Application\Common\Model\MenuModel.class.php 第 5 行.
SQL: SHOW COLUMNS FROM `cms_menu` [ RunTime:0.0031s ]
SQL: SELECT * FROM `cms_menu` WHERE `status` <> -1 AND `type` = 1 ORDER BY listorder desc, menu_id desc  [ RunTime:0.0005s ]
NOTIC: [8] Undefined index: a G:\php\htdocs\project\Application\Common\Common\function.php 第 31 行.
NOTIC: [8] Undefined index: a G:\php\htdocs\project\Application\Common\Common\function.php 第 31 行.
NOTIC: [8] Undefined index: a G:\php\htdocs\project\Application\Common\Common\function.php 第 31 行.
NOTIC: [8] Undefined index: a G:\php\htdocs\project\Application\Common\Common\function.php 第 31 行.
NOTIC: [8] Undefined index: a G:\php\htdocs\project\Application\Common\Common\function.php 第 31 行.
NOTIC: [8] Undefined index: a G:\php\htdocs\project\Application\Common\Common\function.php 第 31 行.
NOTIC: [8] Undefined index: a G:\php\htdocs\project\Application\Common\Common\function.php 第 31 行.
NOTIC: [8] Undefined variable: new G:\php\htdocs\project\Application\Runtime\Cache\Admin\ccc9ced3ad798311a07cb47b740981c5.php 第 155 行.
INFO: Run Behavior\ParseTemplateBehavior [ RunTime:0.021685s ]
INFO: [ view_parse ] --END-- [ RunTime:0.021733s ]
INFO: [ view_filter ] --START--
INFO: Run Behavior\WriteHtmlCacheBehavior [ RunTime:0.000333s ]
INFO: [ view_filter ] --END-- [ RunTime:0.000379s ]
INFO: [ app_end ] --START--
INFO: Run Behavior\ShowPageTraceBehavior [ RunTime:0.000456s ]
INFO: [ app_end ] --END-- [ RunTime:0.000501s ]

[ 2016-07-27T06:11:35+08:00 ] 127.0.0.1 /admin.php?c=menu
INFO: [ app_init ] --START--
INFO: Run Behavior\BuildLiteBehavior [ RunTime:0.000019s ]
INFO: [ app_init ] --END-- [ RunTime:0.000570s ]
INFO: [ app_begin ] --START--
INFO: Run Behavior\ReadHtmlCacheBehavior [ RunTime:0.000682s ]
INFO: [ app_begin ] --END-- [ RunTime:0.000772s ]
NOTIC: [8] Undefined index: p G:\php\htdocs\project\Application\Admin\Controller\MenuController.class.php 第 19 行.
NOTIC: [8] Undefined index: pageSize G:\php\htdocs\project\Application\Admin\Controller\MenuController.class.php 第 20 行.
NOTIC: [2048] Declaration of Common\Model\MenuModel::find() should be compatible with Think\Model::find($options = Array) G:\php\htdocs\project\Application\Common\Model\MenuModel.class.php 第 5 行.
SQL: SHOW COLUMNS FROM `cms_menu` [ RunTime:0.0033s ]
SQL: SELECT * FROM `cms_menu` WHERE `status` <> -1 ORDER BY listorder desc, menu_id desc LIMIT 0,3   [ RunTime:0.0009s ]
SQL: SELECT COUNT(*) AS tp_count FROM `cms_menu` WHERE `status` <> -1 LIMIT 1   [ RunTime:0.0002s ]
INFO: [ view_parse ] --START--
INFO: [ template_filter ] --START--
INFO: Run Behavior\ContentReplaceBehavior [ RunTime:0.000097s ]
INFO: [ template_filter ] --END-- [ RunTime:0.000175s ]
SQL: SELECT * FROM `cms_menu` WHERE `status` <> -1 AND `type` = 1 ORDER BY listorder desc, menu_id desc  [ RunTime:0.0006s ]
NOTIC: [8] Undefined index: a G:\php\htdocs\project\Application\Common\Common\function.php 第 31 行.
NOTIC: [8] Undefined index: a G:\php\htdocs\project\Application\Common\Common\function.php 第 31 行.
NOTIC: [8] Undefined index: a G:\php\htdocs\project\Application\Common\Common\function.php 第 31 行.
NOTIC: [8] Undefined index: a G:\php\htdocs\project\Application\Common\Common\function.php 第 31 行.
NOTIC: [8] Undefined index: a G:\php\htdocs\project\Application\Common\Common\function.php 第 31 行.
NOTIC: [8] Undefined index: a G:\php\htdocs\project\Application\Common\Common\function.php 第 31 行.
NOTIC: [8] Undefined index: a G:\php\htdocs\project\Application\Common\Common\function.php 第 31 行.
INFO: Run Behavior\ParseTemplateBehavior [ RunTime:0.015296s ]
INFO: [ view_parse ] --END-- [ RunTime:0.015360s ]
INFO: [ view_filter ] --START--
INFO: Run Behavior\WriteHtmlCacheBehavior [ RunTime:0.000641s ]
INFO: [ view_filter ] --END-- [ RunTime:0.000718s ]
INFO: [ app_end ] --START--
INFO: Run Behavior\ShowPageTraceBehavior [ RunTime:0.001052s ]
INFO: [ app_end ] --END-- [ RunTime:0.001139s ]

[ 2016-07-27T06:11:39+08:00 ] 127.0.0.1 /admin.php?c=menu&a=add
INFO: [ app_init ] --START--
INFO: Run Behavior\BuildLiteBehavior [ RunTime:0.000012s ]
INFO: [ app_init ] --END-- [ RunTime:0.000380s ]
INFO: [ app_begin ] --START--
INFO: Run Behavior\ReadHtmlCacheBehavior [ RunTime:0.000747s ]
INFO: [ app_begin ] --END-- [ RunTime:0.000806s ]
INFO: [ view_parse ] --START--
INFO: [ template_filter ] --START--
INFO: Run Behavior\ContentReplaceBehavior [ RunTime:0.000080s ]
INFO: [ template_filter ] --END-- [ RunTime:0.000135s ]
NOTIC: [2048] Declaration of Common\Model\MenuModel::find() should be compatible with Think\Model::find($options = Array) G:\php\htdocs\project\Application\Common\Model\MenuModel.class.php 第 5 行.
SQL: SHOW COLUMNS FROM `cms_menu` [ RunTime:0.0030s ]
SQL: SELECT * FROM `cms_menu` WHERE `status` <> -1 AND `type` = 1 ORDER BY listorder desc, menu_id desc  [ RunTime:0.0006s ]
NOTIC: [8] Undefined index: a G:\php\htdocs\project\Application\Common\Common\function.php 第 31 行.
NOTIC: [8] Undefined index: a G:\php\htdocs\project\Application\Common\Common\function.php 第 31 行.
NOTIC: [8] Undefined index: a G:\php\htdocs\project\Application\Common\Common\function.php 第 31 行.
NOTIC: [8] Undefined index: a G:\php\htdocs\project\Application\Common\Common\function.php 第 31 行.
NOTIC: [8] Undefined index: a G:\php\htdocs\project\Application\Common\Common\function.php 第 31 行.
NOTIC: [8] Undefined index: a G:\php\htdocs\project\Application\Common\Common\function.php 第 31 行.
NOTIC: [8] Undefined index: a G:\php\htdocs\project\Application\Common\Common\function.php 第 31 行.
NOTIC: [8] Undefined variable: menus G:\php\htdocs\project\Application\Runtime\Cache\Admin\31553d7bb41170a30982ff9dddd5d67e.php 第 123 行.
INFO: Run Behavior\ParseTemplateBehavior [ RunTime:0.047723s ]
INFO: [ view_parse ] --END-- [ RunTime:0.047770s ]
INFO: [ view_filter ] --START--
INFO: Run Behavior\WriteHtmlCacheBehavior [ RunTime:0.000694s ]
INFO: [ view_filter ] --END-- [ RunTime:0.000736s ]
INFO: [ app_end ] --START--
INFO: Run Behavior\ShowPageTraceBehavior [ RunTime:0.000902s ]
INFO: [ app_end ] --END-- [ RunTime:0.000969s ]

[ 2016-07-27T06:11:41+08:00 ] 127.0.0.1 /admin.php
INFO: [ app_init ] --START--
INFO: Run Behavior\BuildLiteBehavior [ RunTime:0.000021s ]
INFO: [ app_init ] --END-- [ RunTime:0.000456s ]
INFO: [ app_begin ] --START--
INFO: Run Behavior\ReadHtmlCacheBehavior [ RunTime:0.000472s ]
INFO: [ app_begin ] --END-- [ RunTime:0.000534s ]
INFO: [ view_parse ] --START--
INFO: [ template_filter ] --START--
INFO: Run Behavior\ContentReplaceBehavior [ RunTime:0.000064s ]
INFO: [ template_filter ] --END-- [ RunTime:0.000120s ]
NOTIC: [2048] Declaration of Common\Model\MenuModel::find() should be compatible with Think\Model::find($options = Array) G:\php\htdocs\project\Application\Common\Model\MenuModel.class.php 第 5 行.
SQL: SHOW COLUMNS FROM `cms_menu` [ RunTime:0.0031s ]
SQL: SELECT * FROM `cms_menu` WHERE `status` <> -1 AND `type` = 1 ORDER BY listorder desc, menu_id desc  [ RunTime:0.0004s ]
NOTIC: [8] Undefined index: a G:\php\htdocs\project\Application\Common\Common\function.php 第 31 行.
NOTIC: [8] Undefined index: a G:\php\htdocs\project\Application\Common\Common\function.php 第 31 行.
NOTIC: [8] Undefined index: a G:\php\htdocs\project\Application\Common\Common\function.php 第 31 行.
NOTIC: [8] Undefined index: a G:\php\htdocs\project\Application\Common\Common\function.php 第 31 行.
NOTIC: [8] Undefined index: a G:\php\htdocs\project\Application\Common\Common\function.php 第 31 行.
NOTIC: [8] Undefined index: a G:\php\htdocs\project\Application\Common\Common\function.php 第 31 行.
NOTIC: [8] Undefined index: a G:\php\htdocs\project\Application\Common\Common\function.php 第 31 行.
INFO: Run Behavior\ParseTemplateBehavior [ RunTime:0.048373s ]
INFO: [ view_parse ] --END-- [ RunTime:0.048420s ]
INFO: [ view_filter ] --START--
INFO: Run Behavior\WriteHtmlCacheBehavior [ RunTime:0.000315s ]
INFO: [ view_filter ] --END-- [ RunTime:0.000354s ]
INFO: [ app_end ] --START--
INFO: Run Behavior\ShowPageTraceBehavior [ RunTime:0.000490s ]
INFO: [ app_end ] --END-- [ RunTime:0.000540s ]

[ 2016-07-27T06:11:42+08:00 ] 127.0.0.1 /admin.php?c=content
INFO: [ app_init ] --START--
INFO: Run Behavior\BuildLiteBehavior [ RunTime:0.000025s ]
INFO: [ app_init ] --END-- [ RunTime:0.000670s ]
INFO: [ app_begin ] --START--
INFO: Run Behavior\ReadHtmlCacheBehavior [ RunTime:0.000528s ]
INFO: [ app_begin ] --END-- [ RunTime:0.000598s ]
INFO: [ view_parse ] --START--
INFO: [ template_filter ] --START--
INFO: Run Behavior\ContentReplaceBehavior [ RunTime:0.000087s ]
INFO: [ template_filter ] --END-- [ RunTime:0.000161s ]
NOTIC: [2048] Declaration of Common\Model\MenuModel::find() should be compatible with Think\Model::find($options = Array) G:\php\htdocs\project\Application\Common\Model\MenuModel.class.php 第 5 行.
SQL: SHOW COLUMNS FROM `cms_menu` [ RunTime:0.0040s ]
SQL: SELECT * FROM `cms_menu` WHERE `status` <> -1 AND `type` = 1 ORDER BY listorder desc, menu_id desc  [ RunTime:0.0005s ]
NOTIC: [8] Undefined index: a G:\php\htdocs\project\Application\Common\Common\function.php 第 31 行.
NOTIC: [8] Undefined index: a G:\php\htdocs\project\Application\Common\Common\function.php 第 31 行.
NOTIC: [8] Undefined index: a G:\php\htdocs\project\Application\Common\Common\function.php 第 31 行.
NOTIC: [8] Undefined index: a G:\php\htdocs\project\Application\Common\Common\function.php 第 31 行.
NOTIC: [8] Undefined index: a G:\php\htdocs\project\Application\Common\Common\function.php 第 31 行.
NOTIC: [8] Undefined index: a G:\php\htdocs\project\Application\Common\Common\function.php 第 31 行.
NOTIC: [8] Undefined index: a G:\php\htdocs\project\Application\Common\Common\function.php 第 31 行.
NOTIC: [8] Undefined variable: new G:\php\htdocs\project\Application\Runtime\Cache\Admin\ccc9ced3ad798311a07cb47b740981c5.php 第 155 行.
INFO: Run Behavior\ParseTemplateBehavior [ RunTime:0.025958s ]
INFO: [ view_parse ] --END-- [ RunTime:0.026004s ]
INFO: [ view_filter ] --START--
INFO: Run Behavior\WriteHtmlCacheBehavior [ RunTime:0.000353s ]
INFO: [ view_filter ] --END-- [ RunTime:0.000394s ]
INFO: [ app_end ] --START--
INFO: Run Behavior\ShowPageTraceBehavior [ RunTime:0.000448s ]
INFO: [ app_end ] --END-- [ RunTime:0.000490s ]

[ 2016-07-27T06:11:45+08:00 ] 127.0.0.1 /admin.php?c=content&a=add
INFO: [ app_init ] --START--
INFO: Run Behavior\BuildLiteBehavior [ RunTime:0.000012s ]
INFO: [ app_init ] --END-- [ RunTime:0.000361s ]
INFO: [ app_begin ] --START--
INFO: Run Behavior\ReadHtmlCacheBehavior [ RunTime:0.000736s ]
INFO: [ app_begin ] --END-- [ RunTime:0.000798s ]
NOTIC: [2048] Declaration of Common\Model\MenuModel::find() should be compatible with Think\Model::find($options = Array) G:\php\htdocs\project\Application\Common\Model\MenuModel.class.php 第 5 行.
SQL: SHOW COLUMNS FROM `cms_menu` [ RunTime:0.0028s ]
SQL: SELECT * FROM `cms_menu` WHERE `status` <> -1 AND `type` = 0 ORDER BY listorder desc, menu_id desc  [ RunTime:0.0004s ]
INFO: [ view_parse ] --START--
INFO: [ template_filter ] --START--
INFO: Run Behavior\ContentReplaceBehavior [ RunTime:0.000060s ]
INFO: [ template_filter ] --END-- [ RunTime:0.000108s ]
SQL: SELECT * FROM `cms_menu` WHERE `status` <> -1 AND `type` = 1 ORDER BY listorder desc, menu_id desc  [ RunTime:0.0005s ]
NOTIC: [8] Undefined index: a G:\php\htdocs\project\Application\Common\Common\function.php 第 31 行.
NOTIC: [8] Undefined index: a G:\php\htdocs\project\Application\Common\Common\function.php 第 31 行.
NOTIC: [8] Undefined index: a G:\php\htdocs\project\Application\Common\Common\function.php 第 31 行.
NOTIC: [8] Undefined index: a G:\php\htdocs\project\Application\Common\Common\function.php 第 31 行.
NOTIC: [8] Undefined index: a G:\php\htdocs\project\Application\Common\Common\function.php 第 31 行.
NOTIC: [8] Undefined index: a G:\php\htdocs\project\Application\Common\Common\function.php 第 31 行.
NOTIC: [8] Undefined index: a G:\php\htdocs\project\Application\Common\Common\function.php 第 31 行.
INFO: Run Behavior\ParseTemplateBehavior [ RunTime:0.024887s ]
INFO: [ view_parse ] --END-- [ RunTime:0.024951s ]
INFO: [ view_filter ] --START--
INFO: Run Behavior\WriteHtmlCacheBehavior [ RunTime:0.000929s ]
INFO: [ view_filter ] --END-- [ RunTime:0.000974s ]
INFO: [ app_end ] --START--
INFO: Run Behavior\ShowPageTraceBehavior [ RunTime:0.000877s ]
INFO: [ app_end ] --END-- [ RunTime:0.000946s ]

[ 2016-07-27T06:11:55+08:00 ] 127.0.0.1 /admin.php?c=content&a=add
INFO: [ app_init ] --START--
INFO: Run Behavior\BuildLiteBehavior [ RunTime:0.000014s ]
INFO: [ app_init ] --END-- [ RunTime:0.000393s ]
INFO: [ app_begin ] --START--
INFO: Run Behavior\ReadHtmlCacheBehavior [ RunTime:0.000719s ]
INFO: [ app_begin ] --END-- [ RunTime:0.000763s ]

[ 2016-07-27T06:12:00+08:00 ] 127.0.0.1 /admin.php?c=content&a=add
INFO: [ app_init ] --START--
INFO: Run Behavior\BuildLiteBehavior [ RunTime:0.000013s ]
INFO: [ app_init ] --END-- [ RunTime:0.000384s ]
INFO: [ app_begin ] --START--
INFO: Run Behavior\ReadHtmlCacheBehavior [ RunTime:0.001246s ]
INFO: [ app_begin ] --END-- [ RunTime:0.001354s ]

[ 2016-07-27T06:12:07+08:00 ] 127.0.0.1 /admin.php?c=content&a=add
INFO: [ app_init ] --START--
INFO: Run Behavior\BuildLiteBehavior [ RunTime:0.000013s ]
INFO: [ app_init ] --END-- [ RunTime:0.000377s ]
INFO: [ app_begin ] --START--
INFO: Run Behavior\ReadHtmlCacheBehavior [ RunTime:0.000777s ]
INFO: [ app_begin ] --END-- [ RunTime:0.000829s ]

[ 2016-07-27T06:12:18+08:00 ] 127.0.0.1 /admin.php?c=content&a=add
INFO: [ app_init ] --START--
INFO: Run Behavior\BuildLiteBehavior [ RunTime:0.000015s ]
INFO: [ app_init ] --END-- [ RunTime:0.000469s ]
INFO: [ app_begin ] --START--
INFO: Run Behavior\ReadHtmlCacheBehavior [ RunTime:0.001182s ]
INFO: [ app_begin ] --END-- [ RunTime:0.001273s ]

[ 2016-07-27T06:12:21+08:00 ] 127.0.0.1 /admin.php?c=content&a=add
INFO: [ app_init ] --START--
INFO: Run Behavior\BuildLiteBehavior [ RunTime:0.000016s ]
INFO: [ app_init ] --END-- [ RunTime:0.000482s ]
INFO: [ app_begin ] --START--
INFO: Run Behavior\ReadHtmlCacheBehavior [ RunTime:0.000803s ]
INFO: [ app_begin ] --END-- [ RunTime:0.000860s ]
SQL: SHOW COLUMNS FROM `cms_news` [ RunTime:0.0032s ]
SQL: INSERT INTO `cms_news` (`title`,`small_title`,`thumb`,`title_font_color`,`catid`,`copyfrom`,`description`,`keywords`,`create_time`,`username`) VALUES ('Pie Chart Example','a','','','8','0','','aa','1469571141','admin') [ RunTime:0.0005s ]
SQL: SHOW COLUMNS FROM `cms_news_content` [ RunTime:0.0025s ]
SQL: INSERT INTO `cms_news_content` (`content`,`id`,`create_time`) VALUES ('aaa','26','1469571141') [ RunTime:0.0003s ]

[ 2016-07-27T06:12:22+08:00 ] 127.0.0.1 /admin.php?c=content
INFO: [ app_init ] --START--
INFO: Run Behavior\BuildLiteBehavior [ RunTime:0.000013s ]
INFO: [ app_init ] --END-- [ RunTime:0.000385s ]
INFO: [ app_begin ] --START--
INFO: Run Behavior\ReadHtmlCacheBehavior [ RunTime:0.000740s ]
INFO: [ app_begin ] --END-- [ RunTime:0.000788s ]
INFO: [ view_parse ] --START--
INFO: [ template_filter ] --START--
INFO: Run Behavior\ContentReplaceBehavior [ RunTime:0.000057s ]
INFO: [ template_filter ] --END-- [ RunTime:0.000108s ]
NOTIC: [2048] Declaration of Common\Model\MenuModel::find() should be compatible with Think\Model::find($options = Array) G:\php\htdocs\project\Application\Common\Model\MenuModel.class.php 第 5 行.
SQL: SHOW COLUMNS FROM `cms_menu` [ RunTime:0.0026s ]
SQL: SELECT * FROM `cms_menu` WHERE `status` <> -1 AND `type` = 1 ORDER BY listorder desc, menu_id desc  [ RunTime:0.0004s ]
NOTIC: [8] Undefined index: a G:\php\htdocs\project\Application\Common\Common\function.php 第 31 行.
NOTIC: [8] Undefined index: a G:\php\htdocs\project\Application\Common\Common\function.php 第 31 行.
NOTIC: [8] Undefined index: a G:\php\htdocs\project\Application\Common\Common\function.php 第 31 行.
NOTIC: [8] Undefined index: a G:\php\htdocs\project\Application\Common\Common\function.php 第 31 行.
NOTIC: [8] Undefined index: a G:\php\htdocs\project\Application\Common\Common\function.php 第 31 行.
NOTIC: [8] Undefined index: a G:\php\htdocs\project\Application\Common\Common\function.php 第 31 行.
NOTIC: [8] Undefined index: a G:\php\htdocs\project\Application\Common\Common\function.php 第 31 行.
NOTIC: [8] Undefined variable: new G:\php\htdocs\project\Application\Runtime\Cache\Admin\ccc9ced3ad798311a07cb47b740981c5.php 第 155 行.
INFO: Run Behavior\ParseTemplateBehavior [ RunTime:0.021708s ]
INFO: [ view_parse ] --END-- [ RunTime:0.021753s ]
INFO: [ view_filter ] --START--
INFO: Run Behavior\WriteHtmlCacheBehavior [ RunTime:0.000720s ]
INFO: [ view_filter ] --END-- [ RunTime:0.000765s ]
INFO: [ app_end ] --START--
INFO: Run Behavior\ShowPageTraceBehavior [ RunTime:0.001000s ]
INFO: [ app_end ] --END-- [ RunTime:0.001120s ]

